[0.099s] Invoking command in '/home/ubuntu/ros2_ws/build/cpp_chester_pkg': CMAKE_PREFIX_PATH=${CMAKE_PREFIX_PATH}:/home/ubuntu/ros2_ws/install/py_chester_pkg:/opt/ros/foxy /usr/bin/cmake --build /home/ubuntu/ros2_ws/build/cpp_chester_pkg -- -j4 -l4
[0.288s] Invoked command in '/home/ubuntu/ros2_ws/build/cpp_chester_pkg' returned '0': CMAKE_PREFIX_PATH=${CMAKE_PREFIX_PATH}:/home/ubuntu/ros2_ws/install/py_chester_pkg:/opt/ros/foxy /usr/bin/cmake --build /home/ubuntu/ros2_ws/build/cpp_chester_pkg -- -j4 -l4
[0.518s] Invoking command in '/home/ubuntu/ros2_ws/build/cpp_chester_pkg': CMAKE_PREFIX_PATH=${CMAKE_PREFIX_PATH}:/home/ubuntu/ros2_ws/install/py_chester_pkg:/opt/ros/foxy /usr/bin/cmake --install /home/ubuntu/ros2_ws/build/cpp_chester_pkg
[0.557s] -- Install configuration: ""
[0.558s] -- Up-to-date: /home/ubuntu/ros2_ws/install/cpp_chester_pkg/share/ament_index/resource_index/package_run_dependencies/cpp_chester_pkg
[0.563s] -- Up-to-date: /home/ubuntu/ros2_ws/install/cpp_chester_pkg/share/ament_index/resource_index/parent_prefix_path/cpp_chester_pkg
[0.567s] -- Up-to-date: /home/ubuntu/ros2_ws/install/cpp_chester_pkg/share/cpp_chester_pkg/environment/ament_prefix_path.sh
[0.568s] -- Up-to-date: /home/ubuntu/ros2_ws/install/cpp_chester_pkg/share/cpp_chester_pkg/environment/ament_prefix_path.dsv
[0.570s] -- Up-to-date: /home/ubuntu/ros2_ws/install/cpp_chester_pkg/share/cpp_chester_pkg/environment/path.sh
[0.572s] -- Up-to-date: /home/ubuntu/ros2_ws/install/cpp_chester_pkg/share/cpp_chester_pkg/environment/path.dsv
[0.573s] -- Up-to-date: /home/ubuntu/ros2_ws/install/cpp_chester_pkg/share/cpp_chester_pkg/local_setup.bash
[0.574s] -- Up-to-date: /home/ubuntu/ros2_ws/install/cpp_chester_pkg/share/cpp_chester_pkg/local_setup.sh
[0.577s] -- Up-to-date: /home/ubuntu/ros2_ws/install/cpp_chester_pkg/share/cpp_chester_pkg/local_setup.zsh
[0.578s] -- Up-to-date: /home/ubuntu/ros2_ws/install/cpp_chester_pkg/share/cpp_chester_pkg/local_setup.dsv
[0.582s] -- Installing: /home/ubuntu/ros2_ws/install/cpp_chester_pkg/share/cpp_chester_pkg/package.dsv
[0.602s] -- Up-to-date: /home/ubuntu/ros2_ws/install/cpp_chester_pkg/share/ament_index/resource_index/packages/cpp_chester_pkg
[0.603s] -- Up-to-date: /home/ubuntu/ros2_ws/install/cpp_chester_pkg/share/cpp_chester_pkg/cmake/cpp_chester_pkgConfig.cmake
[0.603s] -- Up-to-date: /home/ubuntu/ros2_ws/install/cpp_chester_pkg/share/cpp_chester_pkg/cmake/cpp_chester_pkgConfig-version.cmake
[0.604s] -- Up-to-date: /home/ubuntu/ros2_ws/install/cpp_chester_pkg/share/cpp_chester_pkg/package.xml
[0.605s] Invoked command in '/home/ubuntu/ros2_ws/build/cpp_chester_pkg' returned '0': CMAKE_PREFIX_PATH=${CMAKE_PREFIX_PATH}:/home/ubuntu/ros2_ws/install/py_chester_pkg:/opt/ros/foxy /usr/bin/cmake --install /home/ubuntu/ros2_ws/build/cpp_chester_pkg
