[0.065s] Invoking command in '/home/ubuntu/ros2_ws/build/my_robot_interfaces': CMAKE_PREFIX_PATH=${CMAKE_PREFIX_PATH}:/home/ubuntu/ros2_ws/install/py_chester_pkg:/opt/ros/foxy /usr/bin/cmake --build /home/ubuntu/ros2_ws/build/my_robot_interfaces -- -j4 -l4
[0.184s] -- Found ament_cmake: 0.9.9 (/opt/ros/foxy/share/ament_cmake/cmake)
[0.306s] -- Found PythonInterp: /usr/bin/python3 (found suitable version "3.8.10", minimum required is "3") 
[0.307s] -- Using PYTHON_EXECUTABLE: /usr/bin/python3
[1.053s] -- Found rosidl_default_generators: 1.0.1 (/opt/ros/foxy/share/rosidl_default_generators/cmake)
[1.064s] -- Using all available rosidl_typesupport_c: rosidl_typesupport_fastrtps_c;rosidl_typesupport_introspection_c
[1.080s] -- Found rosidl_adapter: 1.2.1 (/opt/ros/foxy/share/rosidl_adapter/cmake)
[1.721s] -- Using all available rosidl_typesupport_cpp: rosidl_typesupport_fastrtps_cpp;rosidl_typesupport_introspection_cpp
[1.941s] -- Found PythonInterp: /usr/bin/python3 (found version "3.8.10") 
[2.745s] -- Found ament_cmake_ros: 0.9.2 (/opt/ros/foxy/share/ament_cmake_ros/cmake)
[3.349s] -- Using all available rosidl_typesupport_c: rosidl_typesupport_fastrtps_c;rosidl_typesupport_introspection_c
[3.466s] -- Using all available rosidl_typesupport_cpp: rosidl_typesupport_fastrtps_cpp;rosidl_typesupport_introspection_cpp
[3.601s] -- Found PythonInterp: /usr/bin/python3 (found suitable version "3.8.10", minimum required is "3.5") 
[3.604s] -- Found python_cmake_module: 0.8.1 (/opt/ros/foxy/share/python_cmake_module/cmake)
[3.729s] -- Using PYTHON_EXECUTABLE: /usr/bin/python3
[3.730s] -- Using PYTHON_INCLUDE_DIRS: /usr/include/python3.8
[3.730s] -- Using PYTHON_LIBRARIES: /usr/lib/aarch64-linux-gnu/libpython3.8.so
[3.883s] -- Configuring done
[4.149s] -- Generating done
[4.170s] -- Build files have been written to: /home/ubuntu/ros2_ws/build/my_robot_interfaces
[4.329s] [  3%] Built target my_robot_interfaces__cpp
[4.341s] [ 12%] Built target my_robot_interfaces__rosidl_generator_c
[4.447s] [ 22%] Built target my_robot_interfaces__rosidl_typesupport_introspection_cpp
[4.456s] [ 32%] Built target my_robot_interfaces__rosidl_typesupport_cpp
[4.473s] [ 41%] Built target my_robot_interfaces__rosidl_typesupport_fastrtps_cpp
[4.561s] [ 51%] Built target my_robot_interfaces__rosidl_typesupport_introspection_c
[4.565s] [ 61%] Built target my_robot_interfaces__rosidl_typesupport_c
[4.596s] [ 70%] Built target my_robot_interfaces__rosidl_typesupport_fastrtps_c
[4.682s] [ 70%] Built target my_robot_interfaces
[4.772s] [ 74%] Built target my_robot_interfaces__py
[4.887s] [ 80%] Built target my_robot_interfaces__python
[5.007s] [ 93%] Built target my_robot_interfaces__rosidl_typesupport_introspection_c__pyext
[5.010s] [ 93%] Built target my_robot_interfaces__rosidl_typesupport_c__pyext
[5.011s] [100%] Built target my_robot_interfaces__rosidl_typesupport_fastrtps_c__pyext
[5.057s] Invoked command in '/home/ubuntu/ros2_ws/build/my_robot_interfaces' returned '0': CMAKE_PREFIX_PATH=${CMAKE_PREFIX_PATH}:/home/ubuntu/ros2_ws/install/py_chester_pkg:/opt/ros/foxy /usr/bin/cmake --build /home/ubuntu/ros2_ws/build/my_robot_interfaces -- -j4 -l4
[5.410s] Invoking command in '/home/ubuntu/ros2_ws/build/my_robot_interfaces': CMAKE_PREFIX_PATH=${CMAKE_PREFIX_PATH}:/home/ubuntu/ros2_ws/install/py_chester_pkg:/opt/ros/foxy /usr/bin/cmake --install /home/ubuntu/ros2_ws/build/my_robot_interfaces
[5.446s] -- Install configuration: ""
[5.447s] -- Up-to-date: /home/ubuntu/ros2_ws/install/my_robot_interfaces/share/ament_index/resource_index/rosidl_interfaces/my_robot_interfaces
[5.447s] -- Up-to-date: /home/ubuntu/ros2_ws/install/my_robot_interfaces/include/my_robot_interfaces
[5.448s] -- Up-to-date: /home/ubuntu/ros2_ws/install/my_robot_interfaces/include/my_robot_interfaces/action
[5.449s] -- Up-to-date: /home/ubuntu/ros2_ws/install/my_robot_interfaces/include/my_robot_interfaces/action/detail
[5.450s] -- Up-to-date: /home/ubuntu/ros2_ws/install/my_robot_interfaces/include/my_robot_interfaces/action/detail/move_robotic_arm__functions.c
[5.451s] -- Up-to-date: /home/ubuntu/ros2_ws/install/my_robot_interfaces/include/my_robot_interfaces/action/detail/move_robotic_arm__type_support.h
[5.452s] -- Up-to-date: /home/ubuntu/ros2_ws/install/my_robot_interfaces/include/my_robot_interfaces/action/detail/move_robotic_arm__struct.h
[5.452s] -- Up-to-date: /home/ubuntu/ros2_ws/install/my_robot_interfaces/include/my_robot_interfaces/action/detail/move_robotic_arm__functions.h
[5.453s] -- Up-to-date: /home/ubuntu/ros2_ws/install/my_robot_interfaces/include/my_robot_interfaces/action/move_robotic_arm.h
[5.454s] -- Up-to-date: /home/ubuntu/ros2_ws/install/my_robot_interfaces/include/my_robot_interfaces/msg
[5.454s] -- Up-to-date: /home/ubuntu/ros2_ws/install/my_robot_interfaces/include/my_robot_interfaces/msg/rosidl_generator_c__visibility_control.h
[5.455s] -- Up-to-date: /home/ubuntu/ros2_ws/install/my_robot_interfaces/share/my_robot_interfaces/environment/library_path.sh
[5.456s] -- Installing: /home/ubuntu/ros2_ws/install/my_robot_interfaces/share/my_robot_interfaces/environment/library_path.dsv
[5.456s] -- Up-to-date: /home/ubuntu/ros2_ws/install/my_robot_interfaces/lib/libmy_robot_interfaces__rosidl_generator_c.so
[5.457s] -- Up-to-date: /home/ubuntu/ros2_ws/install/my_robot_interfaces/include/my_robot_interfaces
[5.457s] -- Up-to-date: /home/ubuntu/ros2_ws/install/my_robot_interfaces/include/my_robot_interfaces/action
[5.458s] -- Up-to-date: /home/ubuntu/ros2_ws/install/my_robot_interfaces/include/my_robot_interfaces/action/detail
[5.459s] -- Up-to-date: /home/ubuntu/ros2_ws/install/my_robot_interfaces/include/my_robot_interfaces/action/detail/move_robotic_arm__rosidl_typesupport_fastrtps_c.h
[5.459s] -- Up-to-date: /home/ubuntu/ros2_ws/install/my_robot_interfaces/include/my_robot_interfaces/msg
[5.460s] -- Up-to-date: /home/ubuntu/ros2_ws/install/my_robot_interfaces/include/my_robot_interfaces/msg/rosidl_typesupport_fastrtps_c__visibility_control.h
[5.460s] -- Up-to-date: /home/ubuntu/ros2_ws/install/my_robot_interfaces/lib/libmy_robot_interfaces__rosidl_typesupport_fastrtps_c.so
[5.461s] -- Up-to-date: /home/ubuntu/ros2_ws/install/my_robot_interfaces/include/my_robot_interfaces
[5.462s] -- Up-to-date: /home/ubuntu/ros2_ws/install/my_robot_interfaces/include/my_robot_interfaces/action
[5.463s] -- Up-to-date: /home/ubuntu/ros2_ws/install/my_robot_interfaces/include/my_robot_interfaces/action/detail
[5.464s] -- Up-to-date: /home/ubuntu/ros2_ws/install/my_robot_interfaces/include/my_robot_interfaces/action/detail/dds_fastrtps
[5.464s] -- Up-to-date: /home/ubuntu/ros2_ws/install/my_robot_interfaces/include/my_robot_interfaces/action/detail/move_robotic_arm__rosidl_typesupport_fastrtps_cpp.hpp
[5.465s] -- Up-to-date: /home/ubuntu/ros2_ws/install/my_robot_interfaces/include/my_robot_interfaces/msg
[5.466s] -- Up-to-date: /home/ubuntu/ros2_ws/install/my_robot_interfaces/include/my_robot_interfaces/msg/rosidl_typesupport_fastrtps_cpp__visibility_control.h
[5.467s] -- Up-to-date: /home/ubuntu/ros2_ws/install/my_robot_interfaces/lib/libmy_robot_interfaces__rosidl_typesupport_fastrtps_cpp.so
[5.467s] -- Up-to-date: /home/ubuntu/ros2_ws/install/my_robot_interfaces/include/my_robot_interfaces
[5.468s] -- Up-to-date: /home/ubuntu/ros2_ws/install/my_robot_interfaces/include/my_robot_interfaces/action
[5.469s] -- Up-to-date: /home/ubuntu/ros2_ws/install/my_robot_interfaces/include/my_robot_interfaces/action/detail
[5.469s] -- Up-to-date: /home/ubuntu/ros2_ws/install/my_robot_interfaces/include/my_robot_interfaces/action/detail/move_robotic_arm__rosidl_typesupport_introspection_c.h
[5.470s] -- Up-to-date: /home/ubuntu/ros2_ws/install/my_robot_interfaces/include/my_robot_interfaces/action/detail/move_robotic_arm__type_support.c
[5.471s] -- Up-to-date: /home/ubuntu/ros2_ws/install/my_robot_interfaces/include/my_robot_interfaces/msg
[5.471s] -- Up-to-date: /home/ubuntu/ros2_ws/install/my_robot_interfaces/include/my_robot_interfaces/msg/rosidl_typesupport_introspection_c__visibility_control.h
[5.472s] -- Up-to-date: /home/ubuntu/ros2_ws/install/my_robot_interfaces/lib/libmy_robot_interfaces__rosidl_typesupport_introspection_c.so
[5.473s] -- Up-to-date: /home/ubuntu/ros2_ws/install/my_robot_interfaces/lib/libmy_robot_interfaces__rosidl_typesupport_c.so
[5.474s] -- Up-to-date: /home/ubuntu/ros2_ws/install/my_robot_interfaces/include/my_robot_interfaces
[5.475s] -- Up-to-date: /home/ubuntu/ros2_ws/install/my_robot_interfaces/include/my_robot_interfaces/action
[5.476s] -- Up-to-date: /home/ubuntu/ros2_ws/install/my_robot_interfaces/include/my_robot_interfaces/action/detail
[5.476s] -- Up-to-date: /home/ubuntu/ros2_ws/install/my_robot_interfaces/include/my_robot_interfaces/action/detail/move_robotic_arm__traits.hpp
[5.477s] -- Up-to-date: /home/ubuntu/ros2_ws/install/my_robot_interfaces/include/my_robot_interfaces/action/detail/move_robotic_arm__struct.hpp
[5.478s] -- Up-to-date: /home/ubuntu/ros2_ws/install/my_robot_interfaces/include/my_robot_interfaces/action/detail/move_robotic_arm__builder.hpp
[5.479s] -- Up-to-date: /home/ubuntu/ros2_ws/install/my_robot_interfaces/include/my_robot_interfaces/action/move_robotic_arm.hpp
[5.479s] -- Up-to-date: /home/ubuntu/ros2_ws/install/my_robot_interfaces/include/my_robot_interfaces
[5.480s] -- Up-to-date: /home/ubuntu/ros2_ws/install/my_robot_interfaces/include/my_robot_interfaces/action
[5.481s] -- Up-to-date: /home/ubuntu/ros2_ws/install/my_robot_interfaces/include/my_robot_interfaces/action/detail
[5.484s] -- Up-to-date: /home/ubuntu/ros2_ws/install/my_robot_interfaces/include/my_robot_interfaces/action/detail/move_robotic_arm__type_support.cpp
[5.485s] -- Up-to-date: /home/ubuntu/ros2_ws/install/my_robot_interfaces/include/my_robot_interfaces/action/detail/move_robotic_arm__rosidl_typesupport_introspection_cpp.hpp
[5.486s] -- Up-to-date: /home/ubuntu/ros2_ws/install/my_robot_interfaces/lib/libmy_robot_interfaces__rosidl_typesupport_introspection_cpp.so
[5.486s] -- Up-to-date: /home/ubuntu/ros2_ws/install/my_robot_interfaces/lib/libmy_robot_interfaces__rosidl_typesupport_cpp.so
[5.487s] -- Up-to-date: /home/ubuntu/ros2_ws/install/my_robot_interfaces/share/my_robot_interfaces/environment/pythonpath.sh
[5.488s] -- Installing: /home/ubuntu/ros2_ws/install/my_robot_interfaces/share/my_robot_interfaces/environment/pythonpath.dsv
[5.488s] -- Installing: /home/ubuntu/ros2_ws/install/my_robot_interfaces/lib/python3.8/site-packages/my_robot_interfaces/__init__.py
[5.627s] Compiling '/home/ubuntu/ros2_ws/install/my_robot_interfaces/lib/python3.8/site-packages/my_robot_interfaces/__init__.py'...
[5.651s] -- Up-to-date: /home/ubuntu/ros2_ws/install/my_robot_interfaces/lib/python3.8/site-packages/my_robot_interfaces/action
[5.652s] -- Up-to-date: /home/ubuntu/ros2_ws/install/my_robot_interfaces/lib/python3.8/site-packages/my_robot_interfaces/action/__init__.py
[5.652s] -- Up-to-date: /home/ubuntu/ros2_ws/install/my_robot_interfaces/lib/python3.8/site-packages/my_robot_interfaces/action/_move_robotic_arm.py
[5.653s] -- Up-to-date: /home/ubuntu/ros2_ws/install/my_robot_interfaces/lib/python3.8/site-packages/my_robot_interfaces/action/_move_robotic_arm_s.c
[5.654s] -- Up-to-date: /home/ubuntu/ros2_ws/install/my_robot_interfaces/lib/python3.8/site-packages/my_robot_interfaces/my_robot_interfaces_s__rosidl_typesupport_fastrtps_c.cpython-38-aarch64-linux-gnu.so
[5.658s] -- Up-to-date: /home/ubuntu/ros2_ws/install/my_robot_interfaces/lib/python3.8/site-packages/my_robot_interfaces/my_robot_interfaces_s__rosidl_typesupport_introspection_c.cpython-38-aarch64-linux-gnu.so
[5.662s] -- Up-to-date: /home/ubuntu/ros2_ws/install/my_robot_interfaces/lib/python3.8/site-packages/my_robot_interfaces/my_robot_interfaces_s__rosidl_typesupport_c.cpython-38-aarch64-linux-gnu.so
[5.665s] -- Up-to-date: /home/ubuntu/ros2_ws/install/my_robot_interfaces/lib/libmy_robot_interfaces__python.so
[5.667s] -- Up-to-date: /home/ubuntu/ros2_ws/install/my_robot_interfaces/share/my_robot_interfaces/action/MoveRoboticArm.idl
[5.668s] -- Up-to-date: /home/ubuntu/ros2_ws/install/my_robot_interfaces/share/my_robot_interfaces/action/MoveRoboticArm.action
[5.670s] -- Up-to-date: /home/ubuntu/ros2_ws/install/my_robot_interfaces/share/ament_index/resource_index/package_run_dependencies/my_robot_interfaces
[5.671s] -- Up-to-date: /home/ubuntu/ros2_ws/install/my_robot_interfaces/share/ament_index/resource_index/parent_prefix_path/my_robot_interfaces
[5.672s] -- Up-to-date: /home/ubuntu/ros2_ws/install/my_robot_interfaces/share/my_robot_interfaces/environment/ament_prefix_path.sh
[5.672s] -- Installing: /home/ubuntu/ros2_ws/install/my_robot_interfaces/share/my_robot_interfaces/environment/ament_prefix_path.dsv
[5.673s] -- Up-to-date: /home/ubuntu/ros2_ws/install/my_robot_interfaces/share/my_robot_interfaces/environment/path.sh
[5.674s] -- Installing: /home/ubuntu/ros2_ws/install/my_robot_interfaces/share/my_robot_interfaces/environment/path.dsv
[5.675s] -- Up-to-date: /home/ubuntu/ros2_ws/install/my_robot_interfaces/share/my_robot_interfaces/local_setup.bash
[5.676s] -- Up-to-date: /home/ubuntu/ros2_ws/install/my_robot_interfaces/share/my_robot_interfaces/local_setup.sh
[5.676s] -- Up-to-date: /home/ubuntu/ros2_ws/install/my_robot_interfaces/share/my_robot_interfaces/local_setup.zsh
[5.677s] -- Installing: /home/ubuntu/ros2_ws/install/my_robot_interfaces/share/my_robot_interfaces/local_setup.dsv
[5.678s] -- Installing: /home/ubuntu/ros2_ws/install/my_robot_interfaces/share/my_robot_interfaces/package.dsv
[5.678s] -- Up-to-date: /home/ubuntu/ros2_ws/install/my_robot_interfaces/share/ament_index/resource_index/packages/my_robot_interfaces
[5.680s] -- Up-to-date: /home/ubuntu/ros2_ws/install/my_robot_interfaces/share/my_robot_interfaces/cmake/my_robot_interfaces__rosidl_generator_cExport.cmake
[5.680s] -- Installing: /home/ubuntu/ros2_ws/install/my_robot_interfaces/share/my_robot_interfaces/cmake/my_robot_interfaces__rosidl_generator_cExport-noconfig.cmake
[5.683s] -- Up-to-date: /home/ubuntu/ros2_ws/install/my_robot_interfaces/share/my_robot_interfaces/cmake/my_robot_interfaces__rosidl_typesupport_introspection_cExport.cmake
[5.684s] -- Installing: /home/ubuntu/ros2_ws/install/my_robot_interfaces/share/my_robot_interfaces/cmake/my_robot_interfaces__rosidl_typesupport_introspection_cExport-noconfig.cmake
[5.686s] -- Up-to-date: /home/ubuntu/ros2_ws/install/my_robot_interfaces/share/my_robot_interfaces/cmake/my_robot_interfaces__rosidl_typesupport_cExport.cmake
[5.686s] -- Installing: /home/ubuntu/ros2_ws/install/my_robot_interfaces/share/my_robot_interfaces/cmake/my_robot_interfaces__rosidl_typesupport_cExport-noconfig.cmake
[5.689s] -- Up-to-date: /home/ubuntu/ros2_ws/install/my_robot_interfaces/share/my_robot_interfaces/cmake/my_robot_interfaces__rosidl_generator_cppExport.cmake
[5.690s] -- Up-to-date: /home/ubuntu/ros2_ws/install/my_robot_interfaces/share/my_robot_interfaces/cmake/my_robot_interfaces__rosidl_typesupport_introspection_cppExport.cmake
[5.691s] -- Installing: /home/ubuntu/ros2_ws/install/my_robot_interfaces/share/my_robot_interfaces/cmake/my_robot_interfaces__rosidl_typesupport_introspection_cppExport-noconfig.cmake
[5.693s] -- Up-to-date: /home/ubuntu/ros2_ws/install/my_robot_interfaces/share/my_robot_interfaces/cmake/my_robot_interfaces__rosidl_typesupport_cppExport.cmake
[5.694s] -- Installing: /home/ubuntu/ros2_ws/install/my_robot_interfaces/share/my_robot_interfaces/cmake/my_robot_interfaces__rosidl_typesupport_cppExport-noconfig.cmake
[5.695s] -- Up-to-date: /home/ubuntu/ros2_ws/install/my_robot_interfaces/share/my_robot_interfaces/cmake/rosidl_cmake-extras.cmake
[5.696s] -- Up-to-date: /home/ubuntu/ros2_ws/install/my_robot_interfaces/share/my_robot_interfaces/cmake/ament_cmake_export_dependencies-extras.cmake
[5.697s] -- Up-to-date: /home/ubuntu/ros2_ws/install/my_robot_interfaces/share/my_robot_interfaces/cmake/ament_cmake_export_libraries-extras.cmake
[5.698s] -- Up-to-date: /home/ubuntu/ros2_ws/install/my_robot_interfaces/share/my_robot_interfaces/cmake/ament_cmake_export_targets-extras.cmake
[5.698s] -- Up-to-date: /home/ubuntu/ros2_ws/install/my_robot_interfaces/share/my_robot_interfaces/cmake/ament_cmake_export_include_directories-extras.cmake
[5.699s] -- Up-to-date: /home/ubuntu/ros2_ws/install/my_robot_interfaces/share/my_robot_interfaces/cmake/rosidl_cmake_export_typesupport_libraries-extras.cmake
[5.700s] -- Up-to-date: /home/ubuntu/ros2_ws/install/my_robot_interfaces/share/my_robot_interfaces/cmake/rosidl_cmake_export_typesupport_targets-extras.cmake
[5.701s] -- Up-to-date: /home/ubuntu/ros2_ws/install/my_robot_interfaces/share/my_robot_interfaces/cmake/my_robot_interfacesConfig.cmake
[5.701s] -- Up-to-date: /home/ubuntu/ros2_ws/install/my_robot_interfaces/share/my_robot_interfaces/cmake/my_robot_interfacesConfig-version.cmake
[5.702s] -- Installing: /home/ubuntu/ros2_ws/install/my_robot_interfaces/share/my_robot_interfaces/package.xml
[5.711s] Invoked command in '/home/ubuntu/ros2_ws/build/my_robot_interfaces' returned '0': CMAKE_PREFIX_PATH=${CMAKE_PREFIX_PATH}:/home/ubuntu/ros2_ws/install/py_chester_pkg:/opt/ros/foxy /usr/bin/cmake --install /home/ubuntu/ros2_ws/build/my_robot_interfaces
