[1.185s] DEBUG:colcon:Command line arguments: ['/usr/bin/colcon', 'build']
[1.185s] DEBUG:colcon:Parsed command line arguments: Namespace(ament_cmake_args=None, base_paths=['.'], build_base='build', catkin_cmake_args=None, catkin_skip_building_tests=False, cmake_args=None, cmake_clean_cache=False, cmake_clean_first=False, cmake_force_configure=False, cmake_target=None, cmake_target_skip_unavailable=False, continue_on_error=False, event_handlers=None, executor='parallel', ignore_user_meta=False, install_base='install', log_base=None, log_level=None, main=<bound method BuildVerb.main of <colcon_core.verb.build.BuildVerb object at 0xffff890776d0>>, merge_install=False, metas=['./colcon.meta'], packages_above=None, packages_above_and_dependencies=None, packages_above_depth=None, packages_end=None, packages_ignore=None, packages_ignore_regex=None, packages_select=None, packages_select_build_failed=False, packages_select_by_dep=None, packages_select_regex=None, packages_select_test_failures=False, packages_skip=None, packages_skip_build_finished=False, packages_skip_by_dep=None, packages_skip_regex=None, packages_skip_test_passed=False, packages_skip_up_to=None, packages_start=None, packages_up_to=None, packages_up_to_regex=None, parallel_workers=4, paths=None, symlink_install=False, test_result_base=None, verb_extension=<colcon_core.verb.build.BuildVerb object at 0xffff890776d0>, verb_name='build', verb_parser=<colcon_defaults.argument_parser.defaults.DefaultArgumentsDecorator object at 0xffff89077c10>)
[1.211s] Level 1:colcon.colcon_core.package_discovery:discover_packages(colcon_meta) check parameters
[1.211s] Level 1:colcon.colcon_core.package_discovery:discover_packages(recursive) check parameters
[1.211s] Level 1:colcon.colcon_core.package_discovery:discover_packages(ignore) check parameters
[1.212s] Level 1:colcon.colcon_core.package_discovery:discover_packages(path) check parameters
[1.212s] Level 1:colcon.colcon_core.package_discovery:discover_packages(colcon_meta) discover
[1.212s] Level 1:colcon.colcon_core.package_discovery:discover_packages(recursive) discover
[1.212s] INFO:colcon.colcon_core.package_discovery:Crawling recursively for packages in '/home/ubuntu/ros2_ws'
[1.213s] Level 1:colcon.colcon_core.package_identification:_identify(.) by extensions ['ignore', 'ignore_ament_install']
[1.214s] Level 1:colcon.colcon_core.package_identification:_identify(.) by extension 'ignore'
[1.214s] Level 1:colcon.colcon_core.package_identification:_identify(.) by extension 'ignore_ament_install'
[1.214s] Level 1:colcon.colcon_core.package_identification:_identify(.) by extensions ['colcon_pkg']
[1.215s] Level 1:colcon.colcon_core.package_identification:_identify(.) by extension 'colcon_pkg'
[1.215s] Level 1:colcon.colcon_core.package_identification:_identify(.) by extensions ['colcon_meta']
[1.215s] Level 1:colcon.colcon_core.package_identification:_identify(.) by extension 'colcon_meta'
[1.215s] Level 1:colcon.colcon_core.package_identification:_identify(.) by extensions ['ros']
[1.216s] Level 1:colcon.colcon_core.package_identification:_identify(.) by extension 'ros'
[1.261s] Level 1:colcon.colcon_core.package_identification:_identify(.) by extensions ['cmake', 'python']
[1.261s] Level 1:colcon.colcon_core.package_identification:_identify(.) by extension 'cmake'
[1.261s] Level 1:colcon.colcon_core.package_identification:_identify(.) by extension 'python'
[1.262s] Level 1:colcon.colcon_core.package_identification:_identify(.) by extensions ['python_setup_py']
[1.262s] Level 1:colcon.colcon_core.package_identification:_identify(.) by extension 'python_setup_py'
[1.263s] Level 1:colcon.colcon_core.package_identification:_identify(build) by extensions ['ignore', 'ignore_ament_install']
[1.264s] Level 1:colcon.colcon_core.package_identification:_identify(build) by extension 'ignore'
[1.264s] Level 1:colcon.colcon_core.package_identification:_identify(build) ignored
[1.265s] Level 1:colcon.colcon_core.package_identification:_identify(install) by extensions ['ignore', 'ignore_ament_install']
[1.265s] Level 1:colcon.colcon_core.package_identification:_identify(install) by extension 'ignore'
[1.266s] Level 1:colcon.colcon_core.package_identification:_identify(install) ignored
[1.267s] Level 1:colcon.colcon_core.package_identification:_identify(log) by extensions ['ignore', 'ignore_ament_install']
[1.268s] Level 1:colcon.colcon_core.package_identification:_identify(log) by extension 'ignore'
[1.268s] Level 1:colcon.colcon_core.package_identification:_identify(log) ignored
[1.269s] Level 1:colcon.colcon_core.package_identification:_identify(src) by extensions ['ignore', 'ignore_ament_install']
[1.269s] Level 1:colcon.colcon_core.package_identification:_identify(src) by extension 'ignore'
[1.270s] Level 1:colcon.colcon_core.package_identification:_identify(src) by extension 'ignore_ament_install'
[1.270s] Level 1:colcon.colcon_core.package_identification:_identify(src) by extensions ['colcon_pkg']
[1.270s] Level 1:colcon.colcon_core.package_identification:_identify(src) by extension 'colcon_pkg'
[1.270s] Level 1:colcon.colcon_core.package_identification:_identify(src) by extensions ['colcon_meta']
[1.271s] Level 1:colcon.colcon_core.package_identification:_identify(src) by extension 'colcon_meta'
[1.271s] Level 1:colcon.colcon_core.package_identification:_identify(src) by extensions ['ros']
[1.271s] Level 1:colcon.colcon_core.package_identification:_identify(src) by extension 'ros'
[1.272s] Level 1:colcon.colcon_core.package_identification:_identify(src) by extensions ['cmake', 'python']
[1.272s] Level 1:colcon.colcon_core.package_identification:_identify(src) by extension 'cmake'
[1.272s] Level 1:colcon.colcon_core.package_identification:_identify(src) by extension 'python'
[1.273s] Level 1:colcon.colcon_core.package_identification:_identify(src) by extensions ['python_setup_py']
[1.273s] Level 1:colcon.colcon_core.package_identification:_identify(src) by extension 'python_setup_py'
[1.274s] Level 1:colcon.colcon_core.package_identification:_identify(src/cpp_chester_pkg) by extensions ['ignore', 'ignore_ament_install']
[1.274s] Level 1:colcon.colcon_core.package_identification:_identify(src/cpp_chester_pkg) by extension 'ignore'
[1.274s] Level 1:colcon.colcon_core.package_identification:_identify(src/cpp_chester_pkg) by extension 'ignore_ament_install'
[1.275s] Level 1:colcon.colcon_core.package_identification:_identify(src/cpp_chester_pkg) by extensions ['colcon_pkg']
[1.275s] Level 1:colcon.colcon_core.package_identification:_identify(src/cpp_chester_pkg) by extension 'colcon_pkg'
[1.275s] Level 1:colcon.colcon_core.package_identification:_identify(src/cpp_chester_pkg) by extensions ['colcon_meta']
[1.276s] Level 1:colcon.colcon_core.package_identification:_identify(src/cpp_chester_pkg) by extension 'colcon_meta'
[1.276s] Level 1:colcon.colcon_core.package_identification:_identify(src/cpp_chester_pkg) by extensions ['ros']
[1.276s] Level 1:colcon.colcon_core.package_identification:_identify(src/cpp_chester_pkg) by extension 'ros'
[1.285s] DEBUG:colcon.colcon_core.package_identification:Package 'src/cpp_chester_pkg' with type 'ros.ament_cmake' and name 'cpp_chester_pkg'
[1.286s] Level 1:colcon.colcon_core.package_identification:_identify(src/my_robot_interfaces) by extensions ['ignore', 'ignore_ament_install']
[1.287s] Level 1:colcon.colcon_core.package_identification:_identify(src/my_robot_interfaces) by extension 'ignore'
[1.287s] Level 1:colcon.colcon_core.package_identification:_identify(src/my_robot_interfaces) by extension 'ignore_ament_install'
[1.288s] Level 1:colcon.colcon_core.package_identification:_identify(src/my_robot_interfaces) by extensions ['colcon_pkg']
[1.288s] Level 1:colcon.colcon_core.package_identification:_identify(src/my_robot_interfaces) by extension 'colcon_pkg'
[1.288s] Level 1:colcon.colcon_core.package_identification:_identify(src/my_robot_interfaces) by extensions ['colcon_meta']
[1.288s] Level 1:colcon.colcon_core.package_identification:_identify(src/my_robot_interfaces) by extension 'colcon_meta'
[1.289s] Level 1:colcon.colcon_core.package_identification:_identify(src/my_robot_interfaces) by extensions ['ros']
[1.289s] Level 1:colcon.colcon_core.package_identification:_identify(src/my_robot_interfaces) by extension 'ros'
[1.291s] DEBUG:colcon.colcon_core.package_identification:Package 'src/my_robot_interfaces' with type 'ros.ament_cmake' and name 'my_robot_interfaces'
[1.292s] Level 1:colcon.colcon_core.package_identification:_identify(src/py_chester_pkg) by extensions ['ignore', 'ignore_ament_install']
[1.293s] Level 1:colcon.colcon_core.package_identification:_identify(src/py_chester_pkg) by extension 'ignore'
[1.293s] Level 1:colcon.colcon_core.package_identification:_identify(src/py_chester_pkg) by extension 'ignore_ament_install'
[1.293s] Level 1:colcon.colcon_core.package_identification:_identify(src/py_chester_pkg) by extensions ['colcon_pkg']
[1.294s] Level 1:colcon.colcon_core.package_identification:_identify(src/py_chester_pkg) by extension 'colcon_pkg'
[1.294s] Level 1:colcon.colcon_core.package_identification:_identify(src/py_chester_pkg) by extensions ['colcon_meta']
[1.294s] Level 1:colcon.colcon_core.package_identification:_identify(src/py_chester_pkg) by extension 'colcon_meta'
[1.294s] Level 1:colcon.colcon_core.package_identification:_identify(src/py_chester_pkg) by extensions ['ros']
[1.295s] Level 1:colcon.colcon_core.package_identification:_identify(src/py_chester_pkg) by extension 'ros'
[1.299s] DEBUG:colcon.colcon_core.package_identification:Package 'src/py_chester_pkg' with type 'ros.ament_python' and name 'py_chester_pkg'
[1.300s] Level 1:colcon.colcon_core.package_discovery:discover_packages(recursive) using defaults
[1.300s] Level 1:colcon.colcon_core.package_discovery:discover_packages(ignore) discover
[1.300s] Level 1:colcon.colcon_core.package_discovery:discover_packages(ignore) using defaults
[1.300s] Level 1:colcon.colcon_core.package_discovery:discover_packages(path) discover
[1.300s] Level 1:colcon.colcon_core.package_discovery:discover_packages(path) using defaults
[1.380s] Level 5:colcon.colcon_core.verb:set package 'cpp_chester_pkg' build argument 'cmake_args' from command line to 'None'
[1.381s] Level 5:colcon.colcon_core.verb:set package 'cpp_chester_pkg' build argument 'cmake_target' from command line to 'None'
[1.381s] Level 5:colcon.colcon_core.verb:set package 'cpp_chester_pkg' build argument 'cmake_target_skip_unavailable' from command line to 'False'
[1.381s] Level 5:colcon.colcon_core.verb:set package 'cpp_chester_pkg' build argument 'cmake_clean_cache' from command line to 'False'
[1.381s] Level 5:colcon.colcon_core.verb:set package 'cpp_chester_pkg' build argument 'cmake_clean_first' from command line to 'False'
[1.381s] Level 5:colcon.colcon_core.verb:set package 'cpp_chester_pkg' build argument 'cmake_force_configure' from command line to 'False'
[1.382s] Level 5:colcon.colcon_core.verb:set package 'cpp_chester_pkg' build argument 'ament_cmake_args' from command line to 'None'
[1.382s] Level 5:colcon.colcon_core.verb:set package 'cpp_chester_pkg' build argument 'catkin_cmake_args' from command line to 'None'
[1.382s] Level 5:colcon.colcon_core.verb:set package 'cpp_chester_pkg' build argument 'catkin_skip_building_tests' from command line to 'False'
[1.382s] DEBUG:colcon.colcon_core.verb:Building package 'cpp_chester_pkg' with the following arguments: {'ament_cmake_args': None, 'build_base': '/home/ubuntu/ros2_ws/build/cpp_chester_pkg', 'catkin_cmake_args': None, 'catkin_skip_building_tests': False, 'cmake_args': None, 'cmake_clean_cache': False, 'cmake_clean_first': False, 'cmake_force_configure': False, 'cmake_target': None, 'cmake_target_skip_unavailable': False, 'install_base': '/home/ubuntu/ros2_ws/install/cpp_chester_pkg', 'merge_install': False, 'path': '/home/ubuntu/ros2_ws/src/cpp_chester_pkg', 'symlink_install': False, 'test_result_base': None}
[1.394s] Level 5:colcon.colcon_core.verb:set package 'my_robot_interfaces' build argument 'cmake_args' from command line to 'None'
[1.394s] Level 5:colcon.colcon_core.verb:set package 'my_robot_interfaces' build argument 'cmake_target' from command line to 'None'
[1.394s] Level 5:colcon.colcon_core.verb:set package 'my_robot_interfaces' build argument 'cmake_target_skip_unavailable' from command line to 'False'
[1.394s] Level 5:colcon.colcon_core.verb:set package 'my_robot_interfaces' build argument 'cmake_clean_cache' from command line to 'False'
[1.394s] Level 5:colcon.colcon_core.verb:set package 'my_robot_interfaces' build argument 'cmake_clean_first' from command line to 'False'
[1.395s] Level 5:colcon.colcon_core.verb:set package 'my_robot_interfaces' build argument 'cmake_force_configure' from command line to 'False'
[1.395s] Level 5:colcon.colcon_core.verb:set package 'my_robot_interfaces' build argument 'ament_cmake_args' from command line to 'None'
[1.395s] Level 5:colcon.colcon_core.verb:set package 'my_robot_interfaces' build argument 'catkin_cmake_args' from command line to 'None'
[1.395s] Level 5:colcon.colcon_core.verb:set package 'my_robot_interfaces' build argument 'catkin_skip_building_tests' from command line to 'False'
[1.395s] DEBUG:colcon.colcon_core.verb:Building package 'my_robot_interfaces' with the following arguments: {'ament_cmake_args': None, 'build_base': '/home/ubuntu/ros2_ws/build/my_robot_interfaces', 'catkin_cmake_args': None, 'catkin_skip_building_tests': False, 'cmake_args': None, 'cmake_clean_cache': False, 'cmake_clean_first': False, 'cmake_force_configure': False, 'cmake_target': None, 'cmake_target_skip_unavailable': False, 'install_base': '/home/ubuntu/ros2_ws/install/my_robot_interfaces', 'merge_install': False, 'path': '/home/ubuntu/ros2_ws/src/my_robot_interfaces', 'symlink_install': False, 'test_result_base': None}
[1.406s] Level 5:colcon.colcon_core.verb:set package 'py_chester_pkg' build argument 'cmake_args' from command line to 'None'
[1.406s] Level 5:colcon.colcon_core.verb:set package 'py_chester_pkg' build argument 'cmake_target' from command line to 'None'
[1.406s] Level 5:colcon.colcon_core.verb:set package 'py_chester_pkg' build argument 'cmake_target_skip_unavailable' from command line to 'False'
[1.407s] Level 5:colcon.colcon_core.verb:set package 'py_chester_pkg' build argument 'cmake_clean_cache' from command line to 'False'
[1.407s] Level 5:colcon.colcon_core.verb:set package 'py_chester_pkg' build argument 'cmake_clean_first' from command line to 'False'
[1.407s] Level 5:colcon.colcon_core.verb:set package 'py_chester_pkg' build argument 'cmake_force_configure' from command line to 'False'
[1.407s] Level 5:colcon.colcon_core.verb:set package 'py_chester_pkg' build argument 'ament_cmake_args' from command line to 'None'
[1.407s] Level 5:colcon.colcon_core.verb:set package 'py_chester_pkg' build argument 'catkin_cmake_args' from command line to 'None'
[1.407s] Level 5:colcon.colcon_core.verb:set package 'py_chester_pkg' build argument 'catkin_skip_building_tests' from command line to 'False'
[1.408s] DEBUG:colcon.colcon_core.verb:Building package 'py_chester_pkg' with the following arguments: {'ament_cmake_args': None, 'build_base': '/home/ubuntu/ros2_ws/build/py_chester_pkg', 'catkin_cmake_args': None, 'catkin_skip_building_tests': False, 'cmake_args': None, 'cmake_clean_cache': False, 'cmake_clean_first': False, 'cmake_force_configure': False, 'cmake_target': None, 'cmake_target_skip_unavailable': False, 'install_base': '/home/ubuntu/ros2_ws/install/py_chester_pkg', 'merge_install': False, 'path': '/home/ubuntu/ros2_ws/src/py_chester_pkg', 'symlink_install': False, 'test_result_base': None}
[1.409s] INFO:colcon.colcon_core.executor:Executing jobs using 'parallel' executor
[1.417s] DEBUG:colcon.colcon_parallel_executor.executor.parallel:run_until_complete
[1.418s] INFO:colcon.colcon_ros.task.ament_cmake.build:Building ROS package in '/home/ubuntu/ros2_ws/src/my_robot_interfaces' with build type 'ament_cmake'
[1.419s] INFO:colcon.colcon_cmake.task.cmake.build:Building CMake package in '/home/ubuntu/ros2_ws/src/my_robot_interfaces'
[1.436s] INFO:colcon.colcon_core.plugin_system:Skipping extension 'colcon_core.shell.bat': Not used on non-Windows systems
[1.437s] INFO:colcon.colcon_core.shell:Skip shell extension 'powershell' for command environment: Not usable outside of PowerShell
[1.438s] DEBUG:colcon.colcon_core.shell:Skip shell extension 'dsv' for command environment
[1.449s] DEBUG:colcon.colcon_core.shell:Ignoring prefix path '/opt/ros/foxy'
[1.462s] INFO:colcon.colcon_ros.task.ament_cmake.build:Building ROS package in '/home/ubuntu/ros2_ws/src/cpp_chester_pkg' with build type 'ament_cmake'
[1.463s] INFO:colcon.colcon_cmake.task.cmake.build:Building CMake package in '/home/ubuntu/ros2_ws/src/cpp_chester_pkg'
[1.467s] INFO:colcon.colcon_core.shell:Skip shell extension 'powershell' for command environment: Not usable outside of PowerShell
[1.468s] DEBUG:colcon.colcon_core.shell:Skip shell extension 'dsv' for command environment
[1.477s] DEBUG:colcon.colcon_core.shell:Ignoring prefix path '/opt/ros/foxy'
[1.507s] DEBUG:colcon.colcon_core.event_handler.log_command:Invoking command in '/home/ubuntu/ros2_ws/build/my_robot_interfaces': CMAKE_PREFIX_PATH=${CMAKE_PREFIX_PATH}:/home/ubuntu/ros2_ws/install/py_chester_pkg:/opt/ros/foxy /usr/bin/cmake --build /home/ubuntu/ros2_ws/build/my_robot_interfaces -- -j4 -l4
[1.544s] DEBUG:colcon.colcon_core.event_handler.log_command:Invoking command in '/home/ubuntu/ros2_ws/build/cpp_chester_pkg': CMAKE_PREFIX_PATH=${CMAKE_PREFIX_PATH}:/home/ubuntu/ros2_ws/install/py_chester_pkg:/opt/ros/foxy /usr/bin/cmake --build /home/ubuntu/ros2_ws/build/cpp_chester_pkg -- -j4 -l4
[1.734s] DEBUG:colcon.colcon_core.event_handler.log_command:Invoked command in '/home/ubuntu/ros2_ws/build/cpp_chester_pkg' returned '0': CMAKE_PREFIX_PATH=${CMAKE_PREFIX_PATH}:/home/ubuntu/ros2_ws/install/py_chester_pkg:/opt/ros/foxy /usr/bin/cmake --build /home/ubuntu/ros2_ws/build/cpp_chester_pkg -- -j4 -l4
[2.015s] DEBUG:colcon.colcon_core.event_handler.log_command:Invoking command in '/home/ubuntu/ros2_ws/build/cpp_chester_pkg': CMAKE_PREFIX_PATH=${CMAKE_PREFIX_PATH}:/home/ubuntu/ros2_ws/install/py_chester_pkg:/opt/ros/foxy /usr/bin/cmake --install /home/ubuntu/ros2_ws/build/cpp_chester_pkg
[2.078s] Level 1:colcon.colcon_core.environment:create_environment_scripts_only(cpp_chester_pkg)
[2.090s] DEBUG:colcon.colcon_core.event_handler.log_command:Invoked command in '/home/ubuntu/ros2_ws/build/cpp_chester_pkg' returned '0': CMAKE_PREFIX_PATH=${CMAKE_PREFIX_PATH}:/home/ubuntu/ros2_ws/install/py_chester_pkg:/opt/ros/foxy /usr/bin/cmake --install /home/ubuntu/ros2_ws/build/cpp_chester_pkg
[2.104s] Level 1:colcon.colcon_core.environment:checking '/home/ubuntu/ros2_ws/install/cpp_chester_pkg' for CMake module files
[2.108s] Level 1:colcon.colcon_core.environment:checking '/home/ubuntu/ros2_ws/install/cpp_chester_pkg' for CMake config files
[2.110s] Level 1:colcon.colcon_core.shell:create_environment_hook('cpp_chester_pkg', 'cmake_prefix_path')
[2.113s] INFO:colcon.colcon_core.shell:Creating environment hook '/home/ubuntu/ros2_ws/install/cpp_chester_pkg/share/cpp_chester_pkg/hook/cmake_prefix_path.ps1'
[2.116s] INFO:colcon.colcon_core.shell:Creating environment descriptor '/home/ubuntu/ros2_ws/install/cpp_chester_pkg/share/cpp_chester_pkg/hook/cmake_prefix_path.dsv'
[2.120s] INFO:colcon.colcon_core.shell:Creating environment hook '/home/ubuntu/ros2_ws/install/cpp_chester_pkg/share/cpp_chester_pkg/hook/cmake_prefix_path.sh'
[2.127s] Level 1:colcon.colcon_core.environment:checking '/home/ubuntu/ros2_ws/install/cpp_chester_pkg/bin'
[2.128s] Level 1:colcon.colcon_core.environment:checking '/home/ubuntu/ros2_ws/install/cpp_chester_pkg/lib/pkgconfig/cpp_chester_pkg.pc'
[2.128s] Level 1:colcon.colcon_core.environment:checking '/home/ubuntu/ros2_ws/install/cpp_chester_pkg/lib/python3.8/site-packages'
[2.132s] INFO:colcon.colcon_core.shell:Creating package script '/home/ubuntu/ros2_ws/install/cpp_chester_pkg/share/cpp_chester_pkg/package.ps1'
[2.137s] INFO:colcon.colcon_core.shell:Creating package descriptor '/home/ubuntu/ros2_ws/install/cpp_chester_pkg/share/cpp_chester_pkg/package.dsv'
[2.140s] INFO:colcon.colcon_core.shell:Creating package script '/home/ubuntu/ros2_ws/install/cpp_chester_pkg/share/cpp_chester_pkg/package.sh'
[2.145s] INFO:colcon.colcon_core.shell:Creating package script '/home/ubuntu/ros2_ws/install/cpp_chester_pkg/share/cpp_chester_pkg/package.bash'
[2.149s] INFO:colcon.colcon_core.shell:Creating package script '/home/ubuntu/ros2_ws/install/cpp_chester_pkg/share/cpp_chester_pkg/package.zsh'
[2.153s] Level 1:colcon.colcon_core.environment:create_file_with_runtime_dependencies(/home/ubuntu/ros2_ws/install/cpp_chester_pkg/share/colcon-core/packages/cpp_chester_pkg)
[2.264s] Level 1:colcon.colcon_core.environment:create_environment_scripts_only(cpp_chester_pkg)
[2.268s] Level 1:colcon.colcon_core.environment:checking '/home/ubuntu/ros2_ws/install/cpp_chester_pkg' for CMake module files
[2.274s] Level 1:colcon.colcon_core.environment:checking '/home/ubuntu/ros2_ws/install/cpp_chester_pkg' for CMake config files
[2.275s] Level 1:colcon.colcon_core.shell:create_environment_hook('cpp_chester_pkg', 'cmake_prefix_path')
[2.277s] INFO:colcon.colcon_core.shell:Creating environment hook '/home/ubuntu/ros2_ws/install/cpp_chester_pkg/share/cpp_chester_pkg/hook/cmake_prefix_path.ps1'
[2.280s] INFO:colcon.colcon_core.shell:Creating environment descriptor '/home/ubuntu/ros2_ws/install/cpp_chester_pkg/share/cpp_chester_pkg/hook/cmake_prefix_path.dsv'
[2.282s] INFO:colcon.colcon_core.shell:Creating environment hook '/home/ubuntu/ros2_ws/install/cpp_chester_pkg/share/cpp_chester_pkg/hook/cmake_prefix_path.sh'
[2.285s] Level 1:colcon.colcon_core.environment:checking '/home/ubuntu/ros2_ws/install/cpp_chester_pkg/bin'
[2.286s] Level 1:colcon.colcon_core.environment:checking '/home/ubuntu/ros2_ws/install/cpp_chester_pkg/lib/pkgconfig/cpp_chester_pkg.pc'
[2.286s] Level 1:colcon.colcon_core.environment:checking '/home/ubuntu/ros2_ws/install/cpp_chester_pkg/lib/python3.8/site-packages'
[2.289s] INFO:colcon.colcon_core.shell:Creating package script '/home/ubuntu/ros2_ws/install/cpp_chester_pkg/share/cpp_chester_pkg/package.ps1'
[2.292s] INFO:colcon.colcon_core.shell:Creating package descriptor '/home/ubuntu/ros2_ws/install/cpp_chester_pkg/share/cpp_chester_pkg/package.dsv'
[2.295s] INFO:colcon.colcon_core.shell:Creating package script '/home/ubuntu/ros2_ws/install/cpp_chester_pkg/share/cpp_chester_pkg/package.sh'
[2.298s] INFO:colcon.colcon_core.shell:Creating package script '/home/ubuntu/ros2_ws/install/cpp_chester_pkg/share/cpp_chester_pkg/package.bash'
[2.301s] INFO:colcon.colcon_core.shell:Creating package script '/home/ubuntu/ros2_ws/install/cpp_chester_pkg/share/cpp_chester_pkg/package.zsh'
[2.303s] Level 1:colcon.colcon_core.environment:create_file_with_runtime_dependencies(/home/ubuntu/ros2_ws/install/cpp_chester_pkg/share/colcon-core/packages/cpp_chester_pkg)
[2.567s] DEBUG:colcon.colcon_core.event_handler.log_command:Invoked command in '/home/ubuntu/ros2_ws/build/my_robot_interfaces' returned '0': CMAKE_PREFIX_PATH=${CMAKE_PREFIX_PATH}:/home/ubuntu/ros2_ws/install/py_chester_pkg:/opt/ros/foxy /usr/bin/cmake --build /home/ubuntu/ros2_ws/build/my_robot_interfaces -- -j4 -l4
[2.889s] DEBUG:colcon.colcon_core.event_handler.log_command:Invoking command in '/home/ubuntu/ros2_ws/build/my_robot_interfaces': CMAKE_PREFIX_PATH=${CMAKE_PREFIX_PATH}:/home/ubuntu/ros2_ws/install/py_chester_pkg:/opt/ros/foxy /usr/bin/cmake --install /home/ubuntu/ros2_ws/build/my_robot_interfaces
[3.166s] Level 1:colcon.colcon_core.environment:create_environment_scripts_only(my_robot_interfaces)
[3.170s] Level 1:colcon.colcon_core.environment:checking '/home/ubuntu/ros2_ws/install/my_robot_interfaces' for CMake module files
[3.173s] DEBUG:colcon.colcon_core.event_handler.log_command:Invoked command in '/home/ubuntu/ros2_ws/build/my_robot_interfaces' returned '0': CMAKE_PREFIX_PATH=${CMAKE_PREFIX_PATH}:/home/ubuntu/ros2_ws/install/py_chester_pkg:/opt/ros/foxy /usr/bin/cmake --install /home/ubuntu/ros2_ws/build/my_robot_interfaces
[3.177s] Level 1:colcon.colcon_core.environment:checking '/home/ubuntu/ros2_ws/install/my_robot_interfaces' for CMake config files
[3.179s] Level 1:colcon.colcon_core.shell:create_environment_hook('my_robot_interfaces', 'cmake_prefix_path')
[3.182s] INFO:colcon.colcon_core.shell:Creating environment hook '/home/ubuntu/ros2_ws/install/my_robot_interfaces/share/my_robot_interfaces/hook/cmake_prefix_path.ps1'
[3.185s] INFO:colcon.colcon_core.shell:Creating environment descriptor '/home/ubuntu/ros2_ws/install/my_robot_interfaces/share/my_robot_interfaces/hook/cmake_prefix_path.dsv'
[3.187s] INFO:colcon.colcon_core.shell:Creating environment hook '/home/ubuntu/ros2_ws/install/my_robot_interfaces/share/my_robot_interfaces/hook/cmake_prefix_path.sh'
[3.190s] Level 1:colcon.colcon_core.environment:checking '/home/ubuntu/ros2_ws/install/my_robot_interfaces/lib'
[3.191s] Level 1:colcon.colcon_core.shell:create_environment_hook('my_robot_interfaces', 'ld_library_path_lib')
[3.194s] INFO:colcon.colcon_core.shell:Creating environment hook '/home/ubuntu/ros2_ws/install/my_robot_interfaces/share/my_robot_interfaces/hook/ld_library_path_lib.ps1'
[3.196s] INFO:colcon.colcon_core.shell:Creating environment descriptor '/home/ubuntu/ros2_ws/install/my_robot_interfaces/share/my_robot_interfaces/hook/ld_library_path_lib.dsv'
[3.198s] INFO:colcon.colcon_core.shell:Creating environment hook '/home/ubuntu/ros2_ws/install/my_robot_interfaces/share/my_robot_interfaces/hook/ld_library_path_lib.sh'
[3.200s] Level 1:colcon.colcon_core.environment:checking '/home/ubuntu/ros2_ws/install/my_robot_interfaces/bin'
[3.201s] Level 1:colcon.colcon_core.environment:checking '/home/ubuntu/ros2_ws/install/my_robot_interfaces/lib/pkgconfig/my_robot_interfaces.pc'
[3.201s] Level 1:colcon.colcon_core.environment:checking '/home/ubuntu/ros2_ws/install/my_robot_interfaces/lib/python3.8/site-packages'
[3.202s] Level 1:colcon.colcon_core.shell:create_environment_hook('my_robot_interfaces', 'pythonpath')
[3.204s] INFO:colcon.colcon_core.shell:Creating environment hook '/home/ubuntu/ros2_ws/install/my_robot_interfaces/share/my_robot_interfaces/hook/pythonpath.ps1'
[3.206s] INFO:colcon.colcon_core.shell:Creating environment descriptor '/home/ubuntu/ros2_ws/install/my_robot_interfaces/share/my_robot_interfaces/hook/pythonpath.dsv'
[3.209s] INFO:colcon.colcon_core.shell:Creating environment hook '/home/ubuntu/ros2_ws/install/my_robot_interfaces/share/my_robot_interfaces/hook/pythonpath.sh'
[3.214s] INFO:colcon.colcon_core.shell:Creating package script '/home/ubuntu/ros2_ws/install/my_robot_interfaces/share/my_robot_interfaces/package.ps1'
[3.217s] INFO:colcon.colcon_core.shell:Creating package descriptor '/home/ubuntu/ros2_ws/install/my_robot_interfaces/share/my_robot_interfaces/package.dsv'
[3.220s] INFO:colcon.colcon_core.shell:Creating package script '/home/ubuntu/ros2_ws/install/my_robot_interfaces/share/my_robot_interfaces/package.sh'
[3.222s] INFO:colcon.colcon_core.shell:Creating package script '/home/ubuntu/ros2_ws/install/my_robot_interfaces/share/my_robot_interfaces/package.bash'
[3.224s] INFO:colcon.colcon_core.shell:Creating package script '/home/ubuntu/ros2_ws/install/my_robot_interfaces/share/my_robot_interfaces/package.zsh'
[3.227s] Level 1:colcon.colcon_core.environment:create_file_with_runtime_dependencies(/home/ubuntu/ros2_ws/install/my_robot_interfaces/share/colcon-core/packages/my_robot_interfaces)
[3.530s] Level 1:colcon.colcon_core.environment:create_environment_scripts_only(my_robot_interfaces)
[3.535s] Level 1:colcon.colcon_core.environment:checking '/home/ubuntu/ros2_ws/install/my_robot_interfaces' for CMake module files
[3.543s] Level 1:colcon.colcon_core.environment:checking '/home/ubuntu/ros2_ws/install/my_robot_interfaces' for CMake config files
[3.546s] Level 1:colcon.colcon_core.shell:create_environment_hook('my_robot_interfaces', 'cmake_prefix_path')
[3.549s] INFO:colcon.colcon_core.shell:Creating environment hook '/home/ubuntu/ros2_ws/install/my_robot_interfaces/share/my_robot_interfaces/hook/cmake_prefix_path.ps1'
[3.552s] INFO:colcon.colcon_core.shell:Creating environment descriptor '/home/ubuntu/ros2_ws/install/my_robot_interfaces/share/my_robot_interfaces/hook/cmake_prefix_path.dsv'
[3.554s] INFO:colcon.colcon_core.shell:Creating environment hook '/home/ubuntu/ros2_ws/install/my_robot_interfaces/share/my_robot_interfaces/hook/cmake_prefix_path.sh'
[3.557s] Level 1:colcon.colcon_core.environment:checking '/home/ubuntu/ros2_ws/install/my_robot_interfaces/lib'
[3.559s] Level 1:colcon.colcon_core.shell:create_environment_hook('my_robot_interfaces', 'ld_library_path_lib')
[3.561s] INFO:colcon.colcon_core.shell:Creating environment hook '/home/ubuntu/ros2_ws/install/my_robot_interfaces/share/my_robot_interfaces/hook/ld_library_path_lib.ps1'
[3.564s] INFO:colcon.colcon_core.shell:Creating environment descriptor '/home/ubuntu/ros2_ws/install/my_robot_interfaces/share/my_robot_interfaces/hook/ld_library_path_lib.dsv'
[3.566s] INFO:colcon.colcon_core.shell:Creating environment hook '/home/ubuntu/ros2_ws/install/my_robot_interfaces/share/my_robot_interfaces/hook/ld_library_path_lib.sh'
[3.568s] Level 1:colcon.colcon_core.environment:checking '/home/ubuntu/ros2_ws/install/my_robot_interfaces/bin'
[3.568s] Level 1:colcon.colcon_core.environment:checking '/home/ubuntu/ros2_ws/install/my_robot_interfaces/lib/pkgconfig/my_robot_interfaces.pc'
[3.569s] Level 1:colcon.colcon_core.environment:checking '/home/ubuntu/ros2_ws/install/my_robot_interfaces/lib/python3.8/site-packages'
[3.569s] Level 1:colcon.colcon_core.shell:create_environment_hook('my_robot_interfaces', 'pythonpath')
[3.572s] INFO:colcon.colcon_core.shell:Creating environment hook '/home/ubuntu/ros2_ws/install/my_robot_interfaces/share/my_robot_interfaces/hook/pythonpath.ps1'
[3.574s] INFO:colcon.colcon_core.shell:Creating environment descriptor '/home/ubuntu/ros2_ws/install/my_robot_interfaces/share/my_robot_interfaces/hook/pythonpath.dsv'
[3.576s] INFO:colcon.colcon_core.shell:Creating environment hook '/home/ubuntu/ros2_ws/install/my_robot_interfaces/share/my_robot_interfaces/hook/pythonpath.sh'
[3.581s] INFO:colcon.colcon_core.shell:Creating package script '/home/ubuntu/ros2_ws/install/my_robot_interfaces/share/my_robot_interfaces/package.ps1'
[3.584s] INFO:colcon.colcon_core.shell:Creating package descriptor '/home/ubuntu/ros2_ws/install/my_robot_interfaces/share/my_robot_interfaces/package.dsv'
[3.599s] INFO:colcon.colcon_core.shell:Creating package script '/home/ubuntu/ros2_ws/install/my_robot_interfaces/share/my_robot_interfaces/package.sh'
[3.603s] INFO:colcon.colcon_core.shell:Creating package script '/home/ubuntu/ros2_ws/install/my_robot_interfaces/share/my_robot_interfaces/package.bash'
[3.606s] INFO:colcon.colcon_core.shell:Creating package script '/home/ubuntu/ros2_ws/install/my_robot_interfaces/share/my_robot_interfaces/package.zsh'
[3.609s] Level 1:colcon.colcon_core.environment:create_file_with_runtime_dependencies(/home/ubuntu/ros2_ws/install/my_robot_interfaces/share/colcon-core/packages/my_robot_interfaces)
[3.611s] INFO:colcon.colcon_ros.task.ament_python.build:Building ROS package in '/home/ubuntu/ros2_ws/src/py_chester_pkg' with build type 'ament_python'
[3.612s] Level 1:colcon.colcon_core.shell:create_environment_hook('py_chester_pkg', 'ament_prefix_path')
[3.615s] INFO:colcon.colcon_core.shell:Creating environment hook '/home/ubuntu/ros2_ws/install/py_chester_pkg/share/py_chester_pkg/hook/ament_prefix_path.ps1'
[3.618s] INFO:colcon.colcon_core.shell:Creating environment descriptor '/home/ubuntu/ros2_ws/install/py_chester_pkg/share/py_chester_pkg/hook/ament_prefix_path.dsv'
[3.622s] INFO:colcon.colcon_core.shell:Creating environment hook '/home/ubuntu/ros2_ws/install/py_chester_pkg/share/py_chester_pkg/hook/ament_prefix_path.sh'
[3.626s] INFO:colcon.colcon_core.shell:Skip shell extension 'powershell' for command environment: Not usable outside of PowerShell
[3.627s] DEBUG:colcon.colcon_core.shell:Skip shell extension 'dsv' for command environment
[3.637s] DEBUG:colcon.colcon_core.shell:Ignoring prefix path '/opt/ros/foxy'
[4.546s] INFO:colcon.colcon_core.task.python.build:Building Python package in '/home/ubuntu/ros2_ws/src/py_chester_pkg'
[4.550s] INFO:colcon.colcon_core.shell:Skip shell extension 'powershell' for command environment: Not usable outside of PowerShell
[4.550s] DEBUG:colcon.colcon_core.shell:Skip shell extension 'dsv' for command environment
[4.560s] DEBUG:colcon.colcon_core.shell:Ignoring prefix path '/opt/ros/foxy'
[4.604s] DEBUG:colcon.colcon_core.event_handler.log_command:Invoking command in '/home/ubuntu/ros2_ws/build/py_chester_pkg': AMENT_PREFIX_PATH=/home/ubuntu/ros2_ws/install/my_robot_interfaces:${AMENT_PREFIX_PATH} CMAKE_PREFIX_PATH=/home/ubuntu/ros2_ws/install/my_robot_interfaces:${CMAKE_PREFIX_PATH} LD_LIBRARY_PATH=/home/ubuntu/ros2_ws/install/my_robot_interfaces/lib:${LD_LIBRARY_PATH} PYTHONPATH=/home/ubuntu/ros2_ws/install/py_chester_pkg/lib/python3.8/site-packages:/home/ubuntu/ros2_ws/install/my_robot_interfaces/lib/python3.8/site-packages:${PYTHONPATH} /usr/bin/python3 setup.py develop --prefix /home/ubuntu/ros2_ws/install/py_chester_pkg --uninstall --editable --build-directory /home/ubuntu/ros2_ws/build/py_chester_pkg/build
[6.418s] DEBUG:colcon.colcon_core.event_handler.log_command:Invoked command in '/home/ubuntu/ros2_ws/build/py_chester_pkg' returned '0': AMENT_PREFIX_PATH=/home/ubuntu/ros2_ws/install/my_robot_interfaces:${AMENT_PREFIX_PATH} CMAKE_PREFIX_PATH=/home/ubuntu/ros2_ws/install/my_robot_interfaces:${CMAKE_PREFIX_PATH} LD_LIBRARY_PATH=/home/ubuntu/ros2_ws/install/my_robot_interfaces/lib:${LD_LIBRARY_PATH} PYTHONPATH=/home/ubuntu/ros2_ws/install/py_chester_pkg/lib/python3.8/site-packages:/home/ubuntu/ros2_ws/install/my_robot_interfaces/lib/python3.8/site-packages:${PYTHONPATH} /usr/bin/python3 setup.py develop --prefix /home/ubuntu/ros2_ws/install/py_chester_pkg --uninstall --editable --build-directory /home/ubuntu/ros2_ws/build/py_chester_pkg/build
[6.422s] DEBUG:colcon.colcon_core.event_handler.log_command:Invoking command in '/home/ubuntu/ros2_ws/src/py_chester_pkg': AMENT_PREFIX_PATH=/home/ubuntu/ros2_ws/install/my_robot_interfaces:${AMENT_PREFIX_PATH} CMAKE_PREFIX_PATH=/home/ubuntu/ros2_ws/install/my_robot_interfaces:${CMAKE_PREFIX_PATH} LD_LIBRARY_PATH=/home/ubuntu/ros2_ws/install/my_robot_interfaces/lib:${LD_LIBRARY_PATH} PYTHONPATH=/home/ubuntu/ros2_ws/install/py_chester_pkg/lib/python3.8/site-packages:/home/ubuntu/ros2_ws/install/my_robot_interfaces/lib/python3.8/site-packages:${PYTHONPATH} /usr/bin/python3 setup.py egg_info --egg-base ../../build/py_chester_pkg build --build-base /home/ubuntu/ros2_ws/build/py_chester_pkg/build install --prefix /home/ubuntu/ros2_ws/install/py_chester_pkg --record /home/ubuntu/ros2_ws/build/py_chester_pkg/install.log --single-version-externally-managed
[7.640s] Level 1:colcon.colcon_core.environment:checking '/home/ubuntu/ros2_ws/install/py_chester_pkg' for CMake module files
[7.643s] DEBUG:colcon.colcon_core.event_handler.log_command:Invoked command in '/home/ubuntu/ros2_ws/src/py_chester_pkg' returned '0': AMENT_PREFIX_PATH=/home/ubuntu/ros2_ws/install/my_robot_interfaces:${AMENT_PREFIX_PATH} CMAKE_PREFIX_PATH=/home/ubuntu/ros2_ws/install/my_robot_interfaces:${CMAKE_PREFIX_PATH} LD_LIBRARY_PATH=/home/ubuntu/ros2_ws/install/my_robot_interfaces/lib:${LD_LIBRARY_PATH} PYTHONPATH=/home/ubuntu/ros2_ws/install/py_chester_pkg/lib/python3.8/site-packages:/home/ubuntu/ros2_ws/install/my_robot_interfaces/lib/python3.8/site-packages:${PYTHONPATH} /usr/bin/python3 setup.py egg_info --egg-base ../../build/py_chester_pkg build --build-base /home/ubuntu/ros2_ws/build/py_chester_pkg/build install --prefix /home/ubuntu/ros2_ws/install/py_chester_pkg --record /home/ubuntu/ros2_ws/build/py_chester_pkg/install.log --single-version-externally-managed
[7.646s] Level 1:colcon.colcon_core.environment:checking '/home/ubuntu/ros2_ws/install/py_chester_pkg' for CMake config files
[7.651s] Level 1:colcon.colcon_core.environment:checking '/home/ubuntu/ros2_ws/install/py_chester_pkg/lib'
[7.651s] Level 1:colcon.colcon_core.environment:checking '/home/ubuntu/ros2_ws/install/py_chester_pkg/bin'
[7.652s] Level 1:colcon.colcon_core.environment:checking '/home/ubuntu/ros2_ws/install/py_chester_pkg/lib/pkgconfig/py_chester_pkg.pc'
[7.652s] Level 1:colcon.colcon_core.environment:checking '/home/ubuntu/ros2_ws/install/py_chester_pkg/lib/python3.8/site-packages'
[7.653s] Level 1:colcon.colcon_core.shell:create_environment_hook('py_chester_pkg', 'pythonpath')
[7.656s] INFO:colcon.colcon_core.shell:Creating environment hook '/home/ubuntu/ros2_ws/install/py_chester_pkg/share/py_chester_pkg/hook/pythonpath.ps1'
[7.658s] INFO:colcon.colcon_core.shell:Creating environment descriptor '/home/ubuntu/ros2_ws/install/py_chester_pkg/share/py_chester_pkg/hook/pythonpath.dsv'
[7.660s] INFO:colcon.colcon_core.shell:Creating environment hook '/home/ubuntu/ros2_ws/install/py_chester_pkg/share/py_chester_pkg/hook/pythonpath.sh'
[7.662s] Level 1:colcon.colcon_core.environment:create_environment_scripts_only(py_chester_pkg)
[7.666s] INFO:colcon.colcon_core.shell:Creating package script '/home/ubuntu/ros2_ws/install/py_chester_pkg/share/py_chester_pkg/package.ps1'
[7.668s] INFO:colcon.colcon_core.shell:Creating package descriptor '/home/ubuntu/ros2_ws/install/py_chester_pkg/share/py_chester_pkg/package.dsv'
[7.671s] INFO:colcon.colcon_core.shell:Creating package script '/home/ubuntu/ros2_ws/install/py_chester_pkg/share/py_chester_pkg/package.sh'
[7.674s] INFO:colcon.colcon_core.shell:Creating package script '/home/ubuntu/ros2_ws/install/py_chester_pkg/share/py_chester_pkg/package.bash'
[7.676s] INFO:colcon.colcon_core.shell:Creating package script '/home/ubuntu/ros2_ws/install/py_chester_pkg/share/py_chester_pkg/package.zsh'
[7.679s] Level 1:colcon.colcon_core.environment:create_file_with_runtime_dependencies(/home/ubuntu/ros2_ws/install/py_chester_pkg/share/colcon-core/packages/py_chester_pkg)
[7.681s] DEBUG:colcon.colcon_parallel_executor.executor.parallel:closing loop
[7.682s] DEBUG:colcon.colcon_parallel_executor.executor.parallel:loop closed
[7.683s] DEBUG:colcon.colcon_parallel_executor.executor.parallel:run_until_complete finished with '0'
[7.683s] DEBUG:colcon.colcon_core.event_reactor:joining thread
[7.716s] INFO:colcon.colcon_core.plugin_system:Skipping extension 'colcon_notification.desktop_notification.notify_send': Could not find 'notify-send'
[7.716s] INFO:colcon.colcon_core.plugin_system:Skipping extension 'colcon_notification.desktop_notification.terminal_notifier': Not used on non-Darwin systems
[7.717s] INFO:colcon.colcon_core.plugin_system:Skipping extension 'colcon_notification.desktop_notification.win32': Not used on non-Windows systems
[7.717s] INFO:colcon.colcon_notification.desktop_notification:Sending desktop notification using 'notify2'
[7.720s] DEBUG:colcon.colcon_notification.desktop_notification.notify2:Failed to initialize notify2: org.freedesktop.DBus.Error.ServiceUnknown: The name org.freedesktop.Notifications was not provided by any .service files
[7.721s] DEBUG:colcon.colcon_core.event_reactor:joined thread
[7.723s] INFO:colcon.colcon_core.shell:Creating prefix script '/home/ubuntu/ros2_ws/install/local_setup.ps1'
[7.728s] INFO:colcon.colcon_core.shell:Creating prefix util module '/home/ubuntu/ros2_ws/install/_local_setup_util_ps1.py'
[7.735s] INFO:colcon.colcon_core.shell:Creating prefix chain script '/home/ubuntu/ros2_ws/install/setup.ps1'
[7.745s] INFO:colcon.colcon_core.shell:Creating prefix script '/home/ubuntu/ros2_ws/install/local_setup.sh'
[7.748s] INFO:colcon.colcon_core.shell:Creating prefix util module '/home/ubuntu/ros2_ws/install/_local_setup_util_sh.py'
[7.751s] INFO:colcon.colcon_core.shell:Creating prefix chain script '/home/ubuntu/ros2_ws/install/setup.sh'
[7.761s] INFO:colcon.colcon_core.shell:Creating prefix script '/home/ubuntu/ros2_ws/install/local_setup.bash'
[7.763s] INFO:colcon.colcon_core.shell:Creating prefix chain script '/home/ubuntu/ros2_ws/install/setup.bash'
[7.773s] INFO:colcon.colcon_core.shell:Creating prefix script '/home/ubuntu/ros2_ws/install/local_setup.zsh'
[7.776s] INFO:colcon.colcon_core.shell:Creating prefix chain script '/home/ubuntu/ros2_ws/install/setup.zsh'
