-- Found ament_cmake: 0.9.9 (/opt/ros/foxy/share/ament_cmake/cmake)
-- Using PYTHON_EXECUTABLE: /usr/bin/python3
-- Found rosidl_default_generators: 1.0.1 (/opt/ros/foxy/share/rosidl_default_generators/cmake)
-- Using all available rosidl_typesupport_c: rosidl_typesupport_fastrtps_c;rosidl_typesupport_introspection_c
-- Found rosidl_adapter: 1.2.1 (/opt/ros/foxy/share/rosidl_adapter/cmake)
-- Using all available rosidl_typesupport_cpp: rosidl_typesupport_fastrtps_cpp;rosidl_typesupport_introspection_cpp
-- Found ament_lint_auto: 0.9.6 (/opt/ros/foxy/share/ament_lint_auto/cmake)
-- Added test 'copyright' to check source files copyright and LICENSE
-- Added test 'lint_cmake' to check CMake code style
-- Added test 'xmllint' to check XML markup files
-- Configuring done
-- Generating done
-- Build files have been written to: /home/ubuntu/ros2_ws/build/my_robot_interfaces
-- Install configuration: ""
-- Up-to-date: /home/ubuntu/ros2_ws/install/my_robot_interfaces/share/ament_index/resource_index/package_run_dependencies/my_robot_interfaces
-- Up-to-date: /home/ubuntu/ros2_ws/install/my_robot_interfaces/share/ament_index/resource_index/parent_prefix_path/my_robot_interfaces
-- Up-to-date: /home/ubuntu/ros2_ws/install/my_robot_interfaces/share/my_robot_interfaces/environment/ament_prefix_path.sh
-- Installing: /home/ubuntu/ros2_ws/install/my_robot_interfaces/share/my_robot_interfaces/environment/ament_prefix_path.dsv
-- Up-to-date: /home/ubuntu/ros2_ws/install/my_robot_interfaces/share/my_robot_interfaces/environment/path.sh
-- Installing: /home/ubuntu/ros2_ws/install/my_robot_interfaces/share/my_robot_interfaces/environment/path.dsv
-- Up-to-date: /home/ubuntu/ros2_ws/install/my_robot_interfaces/share/my_robot_interfaces/local_setup.bash
-- Up-to-date: /home/ubuntu/ros2_ws/install/my_robot_interfaces/share/my_robot_interfaces/local_setup.sh
-- Up-to-date: /home/ubuntu/ros2_ws/install/my_robot_interfaces/share/my_robot_interfaces/local_setup.zsh
-- Installing: /home/ubuntu/ros2_ws/install/my_robot_interfaces/share/my_robot_interfaces/local_setup.dsv
-- Installing: /home/ubuntu/ros2_ws/install/my_robot_interfaces/share/my_robot_interfaces/package.dsv
-- Up-to-date: /home/ubuntu/ros2_ws/install/my_robot_interfaces/share/ament_index/resource_index/packages/my_robot_interfaces
-- Up-to-date: /home/ubuntu/ros2_ws/install/my_robot_interfaces/share/my_robot_interfaces/cmake/my_robot_interfacesConfig.cmake
-- Up-to-date: /home/ubuntu/ros2_ws/install/my_robot_interfaces/share/my_robot_interfaces/cmake/my_robot_interfacesConfig-version.cmake
-- Installing: /home/ubuntu/ros2_ws/install/my_robot_interfaces/share/my_robot_interfaces/package.xml
