[1.039s] Invoking command in '/home/ubuntu/ros2_ws/src/py_chester_pkg': PYTHONPATH=/home/ubuntu/ros2_ws/install/py_chester_pkg/lib/python3.8/site-packages:${PYTHONPATH} /usr/bin/python3 setup.py egg_info --egg-base ../../build/py_chester_pkg build --build-base /home/ubuntu/ros2_ws/build/py_chester_pkg/build install --prefix /home/ubuntu/ros2_ws/install/py_chester_pkg --record /home/ubuntu/ros2_ws/build/py_chester_pkg/install.log --single-version-externally-managed
[1.971s] running egg_info
[1.973s] writing ../../build/py_chester_pkg/py_chester_pkg.egg-info/PKG-INFO
[1.975s] writing dependency_links to ../../build/py_chester_pkg/py_chester_pkg.egg-info/dependency_links.txt
[1.976s] writing entry points to ../../build/py_chester_pkg/py_chester_pkg.egg-info/entry_points.txt
[1.977s] writing requirements to ../../build/py_chester_pkg/py_chester_pkg.egg-info/requires.txt
[1.978s] writing top-level names to ../../build/py_chester_pkg/py_chester_pkg.egg-info/top_level.txt
[2.129s] reading manifest file '../../build/py_chester_pkg/py_chester_pkg.egg-info/SOURCES.txt'
[2.134s] writing manifest file '../../build/py_chester_pkg/py_chester_pkg.egg-info/SOURCES.txt'
[2.135s] running build
[2.136s] running build_py
[2.138s] copying py_chester_pkg/ultrasoundPublisher.py -> /home/ubuntu/ros2_ws/build/py_chester_pkg/build/lib/py_chester_pkg
[2.140s] running install
[2.143s] running install_lib
[2.151s] copying /home/ubuntu/ros2_ws/build/py_chester_pkg/build/lib/py_chester_pkg/ultrasoundPublisher.py -> /home/ubuntu/ros2_ws/install/py_chester_pkg/lib/python3.8/site-packages/py_chester_pkg
[2.154s] byte-compiling /home/ubuntu/ros2_ws/install/py_chester_pkg/lib/python3.8/site-packages/py_chester_pkg/ultrasoundPublisher.py to ultrasoundPublisher.cpython-38.pyc
[2.161s] running install_data
[2.164s] running install_egg_info
[2.171s] removing '/home/ubuntu/ros2_ws/install/py_chester_pkg/lib/python3.8/site-packages/py_chester_pkg-0.0.0-py3.8.egg-info' (and everything under it)
[2.173s] Copying ../../build/py_chester_pkg/py_chester_pkg.egg-info to /home/ubuntu/ros2_ws/install/py_chester_pkg/lib/python3.8/site-packages/py_chester_pkg-0.0.0-py3.8.egg-info
[2.180s] running install_scripts
[2.249s] Installing light_controller script to /home/ubuntu/ros2_ws/install/py_chester_pkg/lib/py_chester_pkg
[2.250s] Installing py_test script to /home/ubuntu/ros2_ws/install/py_chester_pkg/lib/py_chester_pkg
[2.251s] Installing ultrasound_publisher script to /home/ubuntu/ros2_ws/install/py_chester_pkg/lib/py_chester_pkg
[2.254s] writing list of installed files to '/home/ubuntu/ros2_ws/build/py_chester_pkg/install.log'
[2.356s] Invoked command in '/home/ubuntu/ros2_ws/src/py_chester_pkg' returned '0': PYTHONPATH=/home/ubuntu/ros2_ws/install/py_chester_pkg/lib/python3.8/site-packages:${PYTHONPATH} /usr/bin/python3 setup.py egg_info --egg-base ../../build/py_chester_pkg build --build-base /home/ubuntu/ros2_ws/build/py_chester_pkg/build install --prefix /home/ubuntu/ros2_ws/install/py_chester_pkg --record /home/ubuntu/ros2_ws/build/py_chester_pkg/install.log --single-version-externally-managed
