running egg_info
creating ../../build/py_chester_pkg/py_chester_pkg.egg-info
writing ../../build/py_chester_pkg/py_chester_pkg.egg-info/PKG-INFO
writing dependency_links to ../../build/py_chester_pkg/py_chester_pkg.egg-info/dependency_links.txt
writing entry points to ../../build/py_chester_pkg/py_chester_pkg.egg-info/entry_points.txt
writing requirements to ../../build/py_chester_pkg/py_chester_pkg.egg-info/requires.txt
writing top-level names to ../../build/py_chester_pkg/py_chester_pkg.egg-info/top_level.txt
writing manifest file '../../build/py_chester_pkg/py_chester_pkg.egg-info/SOURCES.txt'
reading manifest file '../../build/py_chester_pkg/py_chester_pkg.egg-info/SOURCES.txt'
writing manifest file '../../build/py_chester_pkg/py_chester_pkg.egg-info/SOURCES.txt'
running build
running build_py
creating /home/ubuntu/ros2_ws/build/py_chester_pkg/build
creating /home/ubuntu/ros2_ws/build/py_chester_pkg/build/lib
creating /home/ubuntu/ros2_ws/build/py_chester_pkg/build/lib/py_chester_pkg
copying py_chester_pkg/__init__.py -> /home/ubuntu/ros2_ws/build/py_chester_pkg/build/lib/py_chester_pkg
running install
running install_lib
creating /home/ubuntu/ros2_ws/install/py_chester_pkg/lib/python3.8/site-packages/py_chester_pkg
copying /home/ubuntu/ros2_ws/build/py_chester_pkg/build/lib/py_chester_pkg/__init__.py -> /home/ubuntu/ros2_ws/install/py_chester_pkg/lib/python3.8/site-packages/py_chester_pkg
byte-compiling /home/ubuntu/ros2_ws/install/py_chester_pkg/lib/python3.8/site-packages/py_chester_pkg/__init__.py to __init__.cpython-38.pyc
running install_data
creating /home/ubuntu/ros2_ws/install/py_chester_pkg/share/ament_index
creating /home/ubuntu/ros2_ws/install/py_chester_pkg/share/ament_index/resource_index
creating /home/ubuntu/ros2_ws/install/py_chester_pkg/share/ament_index/resource_index/packages
copying resource/py_chester_pkg -> /home/ubuntu/ros2_ws/install/py_chester_pkg/share/ament_index/resource_index/packages
copying package.xml -> /home/ubuntu/ros2_ws/install/py_chester_pkg/share/py_chester_pkg
running install_egg_info
Copying ../../build/py_chester_pkg/py_chester_pkg.egg-info to /home/ubuntu/ros2_ws/install/py_chester_pkg/lib/python3.8/site-packages/py_chester_pkg-0.0.0-py3.8.egg-info
running install_scripts
writing list of installed files to '/home/ubuntu/ros2_ws/build/py_chester_pkg/install.log'
