CMake Warning at CMakeLists.txt:21 (find_package):
  By not providing "Findactionlib.cmake" in CMAKE_MODULE_PATH this project
  has asked CMake to find a package configuration file provided by
  "actionlib", but CMake did not find one.

  Could not find a package configuration file provided by "actionlib" with
  any of the following names:

    actionlibConfig.cmake
    actionlib-config.cmake

  Add the installation prefix of "actionlib" to CMAKE_PREFIX_PATH or set
  "actionlib_DIR" to a directory containing one of the above files.  If
  "actionlib" provides a separate development package or SDK, be sure it has
  been installed.


CMake Warning at CMakeLists.txt:22 (find_package):
  By not providing "Findactionlib_tutorials.cmake" in CMAKE_MODULE_PATH this
  project has asked CMake to find a package configuration file provided by
  "actionlib_tutorials", but CMake did not find one.

  Could not find a package configuration file provided by
  "actionlib_tutorials" with any of the following names:

    actionlib_tutorialsConfig.cmake
    actionlib_tutorials-config.cmake

  Add the installation prefix of "actionlib_tutorials" to CMAKE_PREFIX_PATH
  or set "actionlib_tutorials_DIR" to a directory containing one of the above
  files.  If "actionlib_tutorials" provides a separate development package or
  SDK, be sure it has been installed.


