[0.087s] Invoking command in '/home/ubuntu/ros2_ws/build/my_robot_interfaces': CMAKE_PREFIX_PATH=${CMAKE_PREFIX_PATH}:/home/ubuntu/ros2_ws/install/py_chester_pkg:/opt/ros/foxy /usr/bin/cmake --build /home/ubuntu/ros2_ws/build/my_robot_interfaces -- -j4 -l4
[0.221s] -- Found ament_cmake: 0.9.9 (/opt/ros/foxy/share/ament_cmake/cmake)
[0.366s] -- Using PYTHON_EXECUTABLE: /usr/bin/python3
[1.207s] -- Found rosidl_default_generators: 1.0.1 (/opt/ros/foxy/share/rosidl_default_generators/cmake)
[1.219s] -- Using all available rosidl_typesupport_c: rosidl_typesupport_fastrtps_c;rosidl_typesupport_introspection_c
[1.235s] -- Found rosidl_adapter: 1.2.1 (/opt/ros/foxy/share/rosidl_adapter/cmake)
[1.884s] -- Using all available rosidl_typesupport_cpp: rosidl_typesupport_fastrtps_cpp;rosidl_typesupport_introspection_cpp
[2.051s] CMake Warning at CMakeLists.txt:21 (find_package):
[2.051s]   By not providing "Findactionlib.cmake" in CMAKE_MODULE_PATH this project
[2.052s]   has asked CMake to find a package configuration file provided by
[2.052s]   "actionlib", but CMake did not find one.
[2.053s] 
[2.053s]   Could not find a package configuration file provided by "actionlib" with
[2.054s]   any of the following names:
[2.054s] 
[2.054s]     actionlibConfig.cmake
[2.055s]     actionlib-config.cmake
[2.055s] 
[2.056s]   Add the installation prefix of "actionlib" to CMAKE_PREFIX_PATH or set
[2.056s]   "actionlib_DIR" to a directory containing one of the above files.  If
[2.056s]   "actionlib" provides a separate development package or SDK, be sure it has
[2.057s]   been installed.
[2.057s] 
[2.058s] 
[2.116s] CMake Warning at CMakeLists.txt:22 (find_package):
[2.117s]   By not providing "Findactionlib_tutorials.cmake" in CMAKE_MODULE_PATH this
[2.118s]   project has asked CMake to find a package configuration file provided by
[2.120s]   "actionlib_tutorials", but CMake did not find one.
[2.120s] 
[2.121s]   Could not find a package configuration file provided by
[2.122s]   "actionlib_tutorials" with any of the following names:
[2.122s] 
[2.123s]     actionlib_tutorialsConfig.cmake
[2.123s]     actionlib_tutorials-config.cmake
[2.124s] 
[2.125s]   Add the installation prefix of "actionlib_tutorials" to CMAKE_PREFIX_PATH
[2.125s]   or set "actionlib_tutorials_DIR" to a directory containing one of the above
[2.126s]   files.  If "actionlib_tutorials" provides a separate development package or
[2.127s]   SDK, be sure it has been installed.
[2.127s] 
[2.128s] 
[2.128s] -- Found ament_lint_auto: 0.9.6 (/opt/ros/foxy/share/ament_lint_auto/cmake)
[2.413s] -- Added test 'copyright' to check source files copyright and LICENSE
[2.427s] -- Added test 'lint_cmake' to check CMake code style
[2.434s] -- Added test 'xmllint' to check XML markup files
[2.450s] -- Configuring done
[2.465s] -- Generating done
[2.473s] -- Build files have been written to: /home/ubuntu/ros2_ws/build/my_robot_interfaces
[2.563s] Invoked command in '/home/ubuntu/ros2_ws/build/my_robot_interfaces' returned '0': CMAKE_PREFIX_PATH=${CMAKE_PREFIX_PATH}:/home/ubuntu/ros2_ws/install/py_chester_pkg:/opt/ros/foxy /usr/bin/cmake --build /home/ubuntu/ros2_ws/build/my_robot_interfaces -- -j4 -l4
[2.679s] Invoking command in '/home/ubuntu/ros2_ws/build/my_robot_interfaces': CMAKE_PREFIX_PATH=${CMAKE_PREFIX_PATH}:/home/ubuntu/ros2_ws/install/py_chester_pkg:/opt/ros/foxy /usr/bin/cmake --install /home/ubuntu/ros2_ws/build/my_robot_interfaces
[2.713s] -- Install configuration: ""
[2.714s] -- Up-to-date: /home/ubuntu/ros2_ws/install/my_robot_interfaces/share/ament_index/resource_index/package_run_dependencies/my_robot_interfaces
[2.715s] -- Up-to-date: /home/ubuntu/ros2_ws/install/my_robot_interfaces/share/ament_index/resource_index/parent_prefix_path/my_robot_interfaces
[2.715s] -- Up-to-date: /home/ubuntu/ros2_ws/install/my_robot_interfaces/share/my_robot_interfaces/environment/ament_prefix_path.sh
[2.716s] -- Installing: /home/ubuntu/ros2_ws/install/my_robot_interfaces/share/my_robot_interfaces/environment/ament_prefix_path.dsv
[2.719s] -- Up-to-date: /home/ubuntu/ros2_ws/install/my_robot_interfaces/share/my_robot_interfaces/environment/path.sh
[2.719s] -- Installing: /home/ubuntu/ros2_ws/install/my_robot_interfaces/share/my_robot_interfaces/environment/path.dsv
[2.721s] -- Up-to-date: /home/ubuntu/ros2_ws/install/my_robot_interfaces/share/my_robot_interfaces/local_setup.bash
[2.722s] -- Up-to-date: /home/ubuntu/ros2_ws/install/my_robot_interfaces/share/my_robot_interfaces/local_setup.sh
[2.722s] -- Up-to-date: /home/ubuntu/ros2_ws/install/my_robot_interfaces/share/my_robot_interfaces/local_setup.zsh
[2.723s] -- Installing: /home/ubuntu/ros2_ws/install/my_robot_interfaces/share/my_robot_interfaces/local_setup.dsv
[2.724s] -- Installing: /home/ubuntu/ros2_ws/install/my_robot_interfaces/share/my_robot_interfaces/package.dsv
[2.726s] -- Up-to-date: /home/ubuntu/ros2_ws/install/my_robot_interfaces/share/ament_index/resource_index/packages/my_robot_interfaces
[2.726s] -- Up-to-date: /home/ubuntu/ros2_ws/install/my_robot_interfaces/share/my_robot_interfaces/cmake/my_robot_interfacesConfig.cmake
[2.727s] -- Up-to-date: /home/ubuntu/ros2_ws/install/my_robot_interfaces/share/my_robot_interfaces/cmake/my_robot_interfacesConfig-version.cmake
[2.727s] -- Installing: /home/ubuntu/ros2_ws/install/my_robot_interfaces/share/my_robot_interfaces/package.xml
[2.739s] Invoked command in '/home/ubuntu/ros2_ws/build/my_robot_interfaces' returned '0': CMAKE_PREFIX_PATH=${CMAKE_PREFIX_PATH}:/home/ubuntu/ros2_ws/install/py_chester_pkg:/opt/ros/foxy /usr/bin/cmake --install /home/ubuntu/ros2_ws/build/my_robot_interfaces
