[0.083s] Invoking command in '/home/ubuntu/ros2_ws/build/cpp_chester_pkg': CMAKE_PREFIX_PATH=${CMAKE_PREFIX_PATH}:/home/ubuntu/ros2_ws/install/py_chester_pkg:/opt/ros/foxy /usr/bin/cmake /home/ubuntu/ros2_ws/src/cpp_chester_pkg -DCMAKE_INSTALL_PREFIX=/home/ubuntu/ros2_ws/install/cpp_chester_pkg
[1.112s] -- The C compiler identification is GNU 9.3.0
[1.844s] -- The CXX compiler identification is GNU 9.3.0
[1.877s] -- Check for working C compiler: /usr/bin/cc
[2.195s] -- Check for working C compiler: /usr/bin/cc -- works
[2.202s] -- Detecting C compiler ABI info
[2.525s] -- Detecting C compiler ABI info - done
[2.567s] -- Detecting C compile features
[2.569s] -- Detecting C compile features - done
[2.582s] -- Check for working CXX compiler: /usr/bin/c++
[2.920s] -- Check for working CXX compiler: /usr/bin/c++ -- works
[2.925s] -- Detecting CXX compiler ABI info
[3.268s] -- Detecting CXX compiler ABI info - done
[3.312s] -- Detecting CXX compile features
[3.314s] -- Detecting CXX compile features - done
[3.346s] -- Found ament_cmake: 0.9.9 (/opt/ros/foxy/share/ament_cmake/cmake)
[3.491s] -- Found PythonInterp: /usr/bin/python3 (found suitable version "3.8.10", minimum required is "3") 
[3.492s] -- Using PYTHON_EXECUTABLE: /usr/bin/python3
[4.416s] -- Found rclcpp: 2.4.0 (/opt/ros/foxy/share/rclcpp/cmake)
[4.765s] -- Using all available rosidl_typesupport_c: rosidl_typesupport_fastrtps_c;rosidl_typesupport_introspection_c
[4.822s] -- Found rosidl_adapter: 1.2.1 (/opt/ros/foxy/share/rosidl_adapter/cmake)
[5.222s] -- Found OpenSSL: /usr/lib/aarch64-linux-gnu/libcrypto.so (found version "1.1.1f")  
[5.348s] -- Found FastRTPS: /opt/ros/foxy/include  
[5.765s] -- Using all available rosidl_typesupport_cpp: rosidl_typesupport_fastrtps_cpp;rosidl_typesupport_introspection_cpp
[6.087s] -- Found rmw_implementation_cmake: 1.0.3 (/opt/ros/foxy/share/rmw_implementation_cmake/cmake)
[6.096s] -- Using RMW implementation 'rmw_fastrtps_cpp' as default
[6.102s] -- Looking for pthread.h
[6.447s] -- Looking for pthread.h - found
[6.448s] -- Performing Test CMAKE_HAVE_LIBC_PTHREAD
[6.761s] -- Performing Test CMAKE_HAVE_LIBC_PTHREAD - Failed
[6.762s] -- Looking for pthread_create in pthreads
[7.027s] -- Looking for pthread_create in pthreads - not found
[7.027s] -- Looking for pthread_create in pthread
[7.342s] -- Looking for pthread_create in pthread - found
[7.348s] -- Found Threads: TRUE  
[8.126s] -- Found ament_lint_auto: 0.9.6 (/opt/ros/foxy/share/ament_lint_auto/cmake)
[8.530s] -- Added test 'copyright' to check source files copyright and LICENSE
[8.545s] -- Added test 'lint_cmake' to check CMake code style
[8.555s] -- Added test 'xmllint' to check XML markup files
[8.582s] -- Configuring done
[8.592s] -- Generating done
[8.598s] -- Build files have been written to: /home/ubuntu/ros2_ws/build/cpp_chester_pkg
[8.622s] Invoked command in '/home/ubuntu/ros2_ws/build/cpp_chester_pkg' returned '0': CMAKE_PREFIX_PATH=${CMAKE_PREFIX_PATH}:/home/ubuntu/ros2_ws/install/py_chester_pkg:/opt/ros/foxy /usr/bin/cmake /home/ubuntu/ros2_ws/src/cpp_chester_pkg -DCMAKE_INSTALL_PREFIX=/home/ubuntu/ros2_ws/install/cpp_chester_pkg
[8.633s] Invoking command in '/home/ubuntu/ros2_ws/build/cpp_chester_pkg': CMAKE_PREFIX_PATH=${CMAKE_PREFIX_PATH}:/home/ubuntu/ros2_ws/install/py_chester_pkg:/opt/ros/foxy /usr/bin/cmake --build /home/ubuntu/ros2_ws/build/cpp_chester_pkg -- -j4 -l4
[8.802s] Invoked command in '/home/ubuntu/ros2_ws/build/cpp_chester_pkg' returned '0': CMAKE_PREFIX_PATH=${CMAKE_PREFIX_PATH}:/home/ubuntu/ros2_ws/install/py_chester_pkg:/opt/ros/foxy /usr/bin/cmake --build /home/ubuntu/ros2_ws/build/cpp_chester_pkg -- -j4 -l4
[8.949s] Invoking command in '/home/ubuntu/ros2_ws/build/cpp_chester_pkg': CMAKE_PREFIX_PATH=${CMAKE_PREFIX_PATH}:/home/ubuntu/ros2_ws/install/py_chester_pkg:/opt/ros/foxy /usr/bin/cmake --install /home/ubuntu/ros2_ws/build/cpp_chester_pkg
[8.986s] -- Install configuration: ""
[8.987s] -- Installing: /home/ubuntu/ros2_ws/install/cpp_chester_pkg/share/ament_index/resource_index/package_run_dependencies/cpp_chester_pkg
[8.988s] -- Installing: /home/ubuntu/ros2_ws/install/cpp_chester_pkg/share/ament_index/resource_index/parent_prefix_path/cpp_chester_pkg
[8.990s] -- Installing: /home/ubuntu/ros2_ws/install/cpp_chester_pkg/share/cpp_chester_pkg/environment/ament_prefix_path.sh
[8.991s] -- Installing: /home/ubuntu/ros2_ws/install/cpp_chester_pkg/share/cpp_chester_pkg/environment/ament_prefix_path.dsv
[8.992s] -- Installing: /home/ubuntu/ros2_ws/install/cpp_chester_pkg/share/cpp_chester_pkg/environment/path.sh
[8.993s] -- Installing: /home/ubuntu/ros2_ws/install/cpp_chester_pkg/share/cpp_chester_pkg/environment/path.dsv
[8.994s] -- Installing: /home/ubuntu/ros2_ws/install/cpp_chester_pkg/share/cpp_chester_pkg/local_setup.bash
[8.995s] -- Installing: /home/ubuntu/ros2_ws/install/cpp_chester_pkg/share/cpp_chester_pkg/local_setup.sh
[8.996s] -- Installing: /home/ubuntu/ros2_ws/install/cpp_chester_pkg/share/cpp_chester_pkg/local_setup.zsh
[8.998s] -- Installing: /home/ubuntu/ros2_ws/install/cpp_chester_pkg/share/cpp_chester_pkg/local_setup.dsv
[8.999s] -- Installing: /home/ubuntu/ros2_ws/install/cpp_chester_pkg/share/cpp_chester_pkg/package.dsv
[9.000s] -- Installing: /home/ubuntu/ros2_ws/install/cpp_chester_pkg/share/ament_index/resource_index/packages/cpp_chester_pkg
[9.001s] -- Installing: /home/ubuntu/ros2_ws/install/cpp_chester_pkg/share/cpp_chester_pkg/cmake/cpp_chester_pkgConfig.cmake
[9.002s] -- Installing: /home/ubuntu/ros2_ws/install/cpp_chester_pkg/share/cpp_chester_pkg/cmake/cpp_chester_pkgConfig-version.cmake
[9.003s] -- Installing: /home/ubuntu/ros2_ws/install/cpp_chester_pkg/share/cpp_chester_pkg/package.xml
[9.013s] Invoked command in '/home/ubuntu/ros2_ws/build/cpp_chester_pkg' returned '0': CMAKE_PREFIX_PATH=${CMAKE_PREFIX_PATH}:/home/ubuntu/ros2_ws/install/py_chester_pkg:/opt/ros/foxy /usr/bin/cmake --install /home/ubuntu/ros2_ws/build/cpp_chester_pkg
