[0.983s] Invoking command in '/home/ubuntu/ros2_ws/src/py_chester_pkg': PYTHONPATH=/home/ubuntu/ros2_ws/install/py_chester_pkg/lib/python3.8/site-packages:${PYTHONPATH} /usr/bin/python3 setup.py egg_info --egg-base ../../build/py_chester_pkg build --build-base /home/ubuntu/ros2_ws/build/py_chester_pkg/build install --prefix /home/ubuntu/ros2_ws/install/py_chester_pkg --record /home/ubuntu/ros2_ws/build/py_chester_pkg/install.log --single-version-externally-managed
[1.770s] running egg_info
[1.772s] writing ../../build/py_chester_pkg/py_chester_pkg.egg-info/PKG-INFO
[1.773s] writing dependency_links to ../../build/py_chester_pkg/py_chester_pkg.egg-info/dependency_links.txt
[1.774s] writing entry points to ../../build/py_chester_pkg/py_chester_pkg.egg-info/entry_points.txt
[1.774s] writing requirements to ../../build/py_chester_pkg/py_chester_pkg.egg-info/requires.txt
[1.775s] writing top-level names to ../../build/py_chester_pkg/py_chester_pkg.egg-info/top_level.txt
[1.922s] reading manifest file '../../build/py_chester_pkg/py_chester_pkg.egg-info/SOURCES.txt'
[1.926s] writing manifest file '../../build/py_chester_pkg/py_chester_pkg.egg-info/SOURCES.txt'
[1.926s] running build
[1.927s] running build_py
[1.927s] copying py_chester_pkg/__init__.py -> /home/ubuntu/ros2_ws/build/py_chester_pkg/build/lib/py_chester_pkg
[1.928s] running install
[1.931s] running install_lib
[1.935s] copying /home/ubuntu/ros2_ws/build/py_chester_pkg/build/lib/py_chester_pkg/__init__.py -> /home/ubuntu/ros2_ws/install/py_chester_pkg/lib/python3.8/site-packages/py_chester_pkg
[1.937s] byte-compiling /home/ubuntu/ros2_ws/install/py_chester_pkg/lib/python3.8/site-packages/py_chester_pkg/__init__.py to __init__.cpython-38.pyc
[1.942s] running install_data
[1.944s] copying resource/py_chester_pkg -> /home/ubuntu/ros2_ws/install/py_chester_pkg/share/ament_index/resource_index/packages
[1.945s] copying package.xml -> /home/ubuntu/ros2_ws/install/py_chester_pkg/share/py_chester_pkg
[1.945s] running install_egg_info
[1.951s] removing '/home/ubuntu/ros2_ws/install/py_chester_pkg/lib/python3.8/site-packages/py_chester_pkg-0.0.0-py3.8.egg-info' (and everything under it)
[1.953s] Copying ../../build/py_chester_pkg/py_chester_pkg.egg-info to /home/ubuntu/ros2_ws/install/py_chester_pkg/lib/python3.8/site-packages/py_chester_pkg-0.0.0-py3.8.egg-info
[1.958s] running install_scripts
[2.024s] writing list of installed files to '/home/ubuntu/ros2_ws/build/py_chester_pkg/install.log'
[2.118s] Invoked command in '/home/ubuntu/ros2_ws/src/py_chester_pkg' returned '0': PYTHONPATH=/home/ubuntu/ros2_ws/install/py_chester_pkg/lib/python3.8/site-packages:${PYTHONPATH} /usr/bin/python3 setup.py egg_info --egg-base ../../build/py_chester_pkg build --build-base /home/ubuntu/ros2_ws/build/py_chester_pkg/build install --prefix /home/ubuntu/ros2_ws/install/py_chester_pkg --record /home/ubuntu/ros2_ws/build/py_chester_pkg/install.log --single-version-externally-managed
