[0.085s] Invoking command in '/home/ubuntu/ros2_ws/build/my_robot_interfaces': CMAKE_PREFIX_PATH=${CMAKE_PREFIX_PATH}:/home/ubuntu/ros2_ws/install/py_chester_pkg:/opt/ros/foxy /usr/bin/cmake --build /home/ubuntu/ros2_ws/build/my_robot_interfaces -- -j4 -l4
[0.335s] [  3%] Built target my_robot_interfaces__cpp
[0.371s] [ 12%] Built target my_robot_interfaces__rosidl_generator_c
[0.491s] [ 22%] Built target my_robot_interfaces__rosidl_typesupport_introspection_cpp
[0.510s] [ 32%] Built target my_robot_interfaces__rosidl_typesupport_fastrtps_cpp
[0.519s] [ 41%] Built target my_robot_interfaces__rosidl_typesupport_introspection_c
[0.534s] [ 51%] Built target my_robot_interfaces__rosidl_typesupport_cpp
[0.623s] [ 61%] Built target my_robot_interfaces__rosidl_typesupport_c
[0.667s] [ 70%] Built target my_robot_interfaces__rosidl_typesupport_fastrtps_c
[0.754s] [ 70%] Built target my_robot_interfaces
[0.849s] [ 74%] Built target my_robot_interfaces__py
[0.974s] [ 80%] Built target my_robot_interfaces__python
[1.097s] [ 93%] Built target my_robot_interfaces__rosidl_typesupport_c__pyext
[1.098s] [ 93%] Built target my_robot_interfaces__rosidl_typesupport_fastrtps_c__pyext
[1.100s] [100%] Built target my_robot_interfaces__rosidl_typesupport_introspection_c__pyext
[1.145s] Invoked command in '/home/ubuntu/ros2_ws/build/my_robot_interfaces' returned '0': CMAKE_PREFIX_PATH=${CMAKE_PREFIX_PATH}:/home/ubuntu/ros2_ws/install/py_chester_pkg:/opt/ros/foxy /usr/bin/cmake --build /home/ubuntu/ros2_ws/build/my_robot_interfaces -- -j4 -l4
[1.467s] Invoking command in '/home/ubuntu/ros2_ws/build/my_robot_interfaces': CMAKE_PREFIX_PATH=${CMAKE_PREFIX_PATH}:/home/ubuntu/ros2_ws/install/py_chester_pkg:/opt/ros/foxy /usr/bin/cmake --install /home/ubuntu/ros2_ws/build/my_robot_interfaces
[1.501s] -- Install configuration: ""
[1.502s] -- Up-to-date: /home/ubuntu/ros2_ws/install/my_robot_interfaces/share/ament_index/resource_index/rosidl_interfaces/my_robot_interfaces
[1.503s] -- Up-to-date: /home/ubuntu/ros2_ws/install/my_robot_interfaces/include/my_robot_interfaces
[1.504s] -- Up-to-date: /home/ubuntu/ros2_ws/install/my_robot_interfaces/include/my_robot_interfaces/action
[1.508s] -- Up-to-date: /home/ubuntu/ros2_ws/install/my_robot_interfaces/include/my_robot_interfaces/action/detail
[1.510s] -- Up-to-date: /home/ubuntu/ros2_ws/install/my_robot_interfaces/include/my_robot_interfaces/action/detail/move_robotic_arm__functions.c
[1.511s] -- Up-to-date: /home/ubuntu/ros2_ws/install/my_robot_interfaces/include/my_robot_interfaces/action/detail/move_robotic_arm__type_support.h
[1.512s] -- Up-to-date: /home/ubuntu/ros2_ws/install/my_robot_interfaces/include/my_robot_interfaces/action/detail/move_robotic_arm__struct.h
[1.512s] -- Up-to-date: /home/ubuntu/ros2_ws/install/my_robot_interfaces/include/my_robot_interfaces/action/detail/move_robotic_arm__functions.h
[1.513s] -- Up-to-date: /home/ubuntu/ros2_ws/install/my_robot_interfaces/include/my_robot_interfaces/action/move_robotic_arm.h
[1.513s] -- Up-to-date: /home/ubuntu/ros2_ws/install/my_robot_interfaces/include/my_robot_interfaces/msg
[1.514s] -- Up-to-date: /home/ubuntu/ros2_ws/install/my_robot_interfaces/include/my_robot_interfaces/msg/rosidl_generator_c__visibility_control.h
[1.515s] -- Up-to-date: /home/ubuntu/ros2_ws/install/my_robot_interfaces/share/my_robot_interfaces/environment/library_path.sh
[1.516s] -- Up-to-date: /home/ubuntu/ros2_ws/install/my_robot_interfaces/share/my_robot_interfaces/environment/library_path.dsv
[1.516s] -- Up-to-date: /home/ubuntu/ros2_ws/install/my_robot_interfaces/lib/libmy_robot_interfaces__rosidl_generator_c.so
[1.517s] -- Up-to-date: /home/ubuntu/ros2_ws/install/my_robot_interfaces/include/my_robot_interfaces
[1.517s] -- Up-to-date: /home/ubuntu/ros2_ws/install/my_robot_interfaces/include/my_robot_interfaces/action
[1.518s] -- Up-to-date: /home/ubuntu/ros2_ws/install/my_robot_interfaces/include/my_robot_interfaces/action/detail
[1.519s] -- Up-to-date: /home/ubuntu/ros2_ws/install/my_robot_interfaces/include/my_robot_interfaces/action/detail/move_robotic_arm__rosidl_typesupport_fastrtps_c.h
[1.519s] -- Up-to-date: /home/ubuntu/ros2_ws/install/my_robot_interfaces/include/my_robot_interfaces/msg
[1.520s] -- Up-to-date: /home/ubuntu/ros2_ws/install/my_robot_interfaces/include/my_robot_interfaces/msg/rosidl_typesupport_fastrtps_c__visibility_control.h
[1.521s] -- Up-to-date: /home/ubuntu/ros2_ws/install/my_robot_interfaces/lib/libmy_robot_interfaces__rosidl_typesupport_fastrtps_c.so
[1.521s] -- Up-to-date: /home/ubuntu/ros2_ws/install/my_robot_interfaces/include/my_robot_interfaces
[1.522s] -- Up-to-date: /home/ubuntu/ros2_ws/install/my_robot_interfaces/include/my_robot_interfaces/action
[1.523s] -- Up-to-date: /home/ubuntu/ros2_ws/install/my_robot_interfaces/include/my_robot_interfaces/action/detail
[1.523s] -- Up-to-date: /home/ubuntu/ros2_ws/install/my_robot_interfaces/include/my_robot_interfaces/action/detail/dds_fastrtps
[1.524s] -- Up-to-date: /home/ubuntu/ros2_ws/install/my_robot_interfaces/include/my_robot_interfaces/action/detail/move_robotic_arm__rosidl_typesupport_fastrtps_cpp.hpp
[1.524s] -- Up-to-date: /home/ubuntu/ros2_ws/install/my_robot_interfaces/include/my_robot_interfaces/msg
[1.525s] -- Up-to-date: /home/ubuntu/ros2_ws/install/my_robot_interfaces/include/my_robot_interfaces/msg/rosidl_typesupport_fastrtps_cpp__visibility_control.h
[1.525s] -- Up-to-date: /home/ubuntu/ros2_ws/install/my_robot_interfaces/lib/libmy_robot_interfaces__rosidl_typesupport_fastrtps_cpp.so
[1.526s] -- Up-to-date: /home/ubuntu/ros2_ws/install/my_robot_interfaces/include/my_robot_interfaces
[1.527s] -- Up-to-date: /home/ubuntu/ros2_ws/install/my_robot_interfaces/include/my_robot_interfaces/action
[1.527s] -- Up-to-date: /home/ubuntu/ros2_ws/install/my_robot_interfaces/include/my_robot_interfaces/action/detail
[1.528s] -- Up-to-date: /home/ubuntu/ros2_ws/install/my_robot_interfaces/include/my_robot_interfaces/action/detail/move_robotic_arm__rosidl_typesupport_introspection_c.h
[1.529s] -- Up-to-date: /home/ubuntu/ros2_ws/install/my_robot_interfaces/include/my_robot_interfaces/action/detail/move_robotic_arm__type_support.c
[1.529s] -- Up-to-date: /home/ubuntu/ros2_ws/install/my_robot_interfaces/include/my_robot_interfaces/msg
[1.530s] -- Up-to-date: /home/ubuntu/ros2_ws/install/my_robot_interfaces/include/my_robot_interfaces/msg/rosidl_typesupport_introspection_c__visibility_control.h
[1.531s] -- Up-to-date: /home/ubuntu/ros2_ws/install/my_robot_interfaces/lib/libmy_robot_interfaces__rosidl_typesupport_introspection_c.so
[1.532s] -- Up-to-date: /home/ubuntu/ros2_ws/install/my_robot_interfaces/lib/libmy_robot_interfaces__rosidl_typesupport_c.so
[1.532s] -- Up-to-date: /home/ubuntu/ros2_ws/install/my_robot_interfaces/include/my_robot_interfaces
[1.533s] -- Up-to-date: /home/ubuntu/ros2_ws/install/my_robot_interfaces/include/my_robot_interfaces/action
[1.533s] -- Up-to-date: /home/ubuntu/ros2_ws/install/my_robot_interfaces/include/my_robot_interfaces/action/detail
[1.534s] -- Up-to-date: /home/ubuntu/ros2_ws/install/my_robot_interfaces/include/my_robot_interfaces/action/detail/move_robotic_arm__traits.hpp
[1.535s] -- Up-to-date: /home/ubuntu/ros2_ws/install/my_robot_interfaces/include/my_robot_interfaces/action/detail/move_robotic_arm__struct.hpp
[1.535s] -- Up-to-date: /home/ubuntu/ros2_ws/install/my_robot_interfaces/include/my_robot_interfaces/action/detail/move_robotic_arm__builder.hpp
[1.536s] -- Up-to-date: /home/ubuntu/ros2_ws/install/my_robot_interfaces/include/my_robot_interfaces/action/move_robotic_arm.hpp
[1.536s] -- Up-to-date: /home/ubuntu/ros2_ws/install/my_robot_interfaces/include/my_robot_interfaces
[1.537s] -- Up-to-date: /home/ubuntu/ros2_ws/install/my_robot_interfaces/include/my_robot_interfaces/action
[1.537s] -- Up-to-date: /home/ubuntu/ros2_ws/install/my_robot_interfaces/include/my_robot_interfaces/action/detail
[1.538s] -- Up-to-date: /home/ubuntu/ros2_ws/install/my_robot_interfaces/include/my_robot_interfaces/action/detail/move_robotic_arm__type_support.cpp
[1.538s] -- Up-to-date: /home/ubuntu/ros2_ws/install/my_robot_interfaces/include/my_robot_interfaces/action/detail/move_robotic_arm__rosidl_typesupport_introspection_cpp.hpp
[1.539s] -- Up-to-date: /home/ubuntu/ros2_ws/install/my_robot_interfaces/lib/libmy_robot_interfaces__rosidl_typesupport_introspection_cpp.so
[1.540s] -- Up-to-date: /home/ubuntu/ros2_ws/install/my_robot_interfaces/lib/libmy_robot_interfaces__rosidl_typesupport_cpp.so
[1.540s] -- Up-to-date: /home/ubuntu/ros2_ws/install/my_robot_interfaces/share/my_robot_interfaces/environment/pythonpath.sh
[1.541s] -- Up-to-date: /home/ubuntu/ros2_ws/install/my_robot_interfaces/share/my_robot_interfaces/environment/pythonpath.dsv
[1.542s] -- Up-to-date: /home/ubuntu/ros2_ws/install/my_robot_interfaces/lib/python3.8/site-packages/my_robot_interfaces/__init__.py
[1.696s] -- Up-to-date: /home/ubuntu/ros2_ws/install/my_robot_interfaces/lib/python3.8/site-packages/my_robot_interfaces/action
[1.697s] -- Up-to-date: /home/ubuntu/ros2_ws/install/my_robot_interfaces/lib/python3.8/site-packages/my_robot_interfaces/action/__init__.py
[1.697s] -- Up-to-date: /home/ubuntu/ros2_ws/install/my_robot_interfaces/lib/python3.8/site-packages/my_robot_interfaces/action/_move_robotic_arm.py
[1.698s] -- Up-to-date: /home/ubuntu/ros2_ws/install/my_robot_interfaces/lib/python3.8/site-packages/my_robot_interfaces/action/_move_robotic_arm_s.c
[1.699s] -- Up-to-date: /home/ubuntu/ros2_ws/install/my_robot_interfaces/lib/python3.8/site-packages/my_robot_interfaces/my_robot_interfaces_s__rosidl_typesupport_fastrtps_c.cpython-38-aarch64-linux-gnu.so
[1.703s] -- Up-to-date: /home/ubuntu/ros2_ws/install/my_robot_interfaces/lib/python3.8/site-packages/my_robot_interfaces/my_robot_interfaces_s__rosidl_typesupport_introspection_c.cpython-38-aarch64-linux-gnu.so
[1.707s] -- Up-to-date: /home/ubuntu/ros2_ws/install/my_robot_interfaces/lib/python3.8/site-packages/my_robot_interfaces/my_robot_interfaces_s__rosidl_typesupport_c.cpython-38-aarch64-linux-gnu.so
[1.711s] -- Up-to-date: /home/ubuntu/ros2_ws/install/my_robot_interfaces/lib/libmy_robot_interfaces__python.so
[1.714s] -- Up-to-date: /home/ubuntu/ros2_ws/install/my_robot_interfaces/share/my_robot_interfaces/action/MoveRoboticArm.idl
[1.715s] -- Up-to-date: /home/ubuntu/ros2_ws/install/my_robot_interfaces/share/my_robot_interfaces/action/MoveRoboticArm.action
[1.715s] -- Up-to-date: /home/ubuntu/ros2_ws/install/my_robot_interfaces/share/ament_index/resource_index/package_run_dependencies/my_robot_interfaces
[1.716s] -- Up-to-date: /home/ubuntu/ros2_ws/install/my_robot_interfaces/share/ament_index/resource_index/parent_prefix_path/my_robot_interfaces
[1.717s] -- Up-to-date: /home/ubuntu/ros2_ws/install/my_robot_interfaces/share/my_robot_interfaces/environment/ament_prefix_path.sh
[1.718s] -- Up-to-date: /home/ubuntu/ros2_ws/install/my_robot_interfaces/share/my_robot_interfaces/environment/ament_prefix_path.dsv
[1.719s] -- Up-to-date: /home/ubuntu/ros2_ws/install/my_robot_interfaces/share/my_robot_interfaces/environment/path.sh
[1.719s] -- Up-to-date: /home/ubuntu/ros2_ws/install/my_robot_interfaces/share/my_robot_interfaces/environment/path.dsv
[1.720s] -- Up-to-date: /home/ubuntu/ros2_ws/install/my_robot_interfaces/share/my_robot_interfaces/local_setup.bash
[1.721s] -- Up-to-date: /home/ubuntu/ros2_ws/install/my_robot_interfaces/share/my_robot_interfaces/local_setup.sh
[1.721s] -- Up-to-date: /home/ubuntu/ros2_ws/install/my_robot_interfaces/share/my_robot_interfaces/local_setup.zsh
[1.722s] -- Up-to-date: /home/ubuntu/ros2_ws/install/my_robot_interfaces/share/my_robot_interfaces/local_setup.dsv
[1.723s] -- Installing: /home/ubuntu/ros2_ws/install/my_robot_interfaces/share/my_robot_interfaces/package.dsv
[1.723s] -- Up-to-date: /home/ubuntu/ros2_ws/install/my_robot_interfaces/share/ament_index/resource_index/packages/my_robot_interfaces
[1.724s] -- Up-to-date: /home/ubuntu/ros2_ws/install/my_robot_interfaces/share/my_robot_interfaces/cmake/my_robot_interfaces__rosidl_generator_cExport.cmake
[1.725s] -- Up-to-date: /home/ubuntu/ros2_ws/install/my_robot_interfaces/share/my_robot_interfaces/cmake/my_robot_interfaces__rosidl_generator_cExport-noconfig.cmake
[1.725s] -- Up-to-date: /home/ubuntu/ros2_ws/install/my_robot_interfaces/share/my_robot_interfaces/cmake/my_robot_interfaces__rosidl_typesupport_introspection_cExport.cmake
[1.726s] -- Up-to-date: /home/ubuntu/ros2_ws/install/my_robot_interfaces/share/my_robot_interfaces/cmake/my_robot_interfaces__rosidl_typesupport_introspection_cExport-noconfig.cmake
[1.727s] -- Up-to-date: /home/ubuntu/ros2_ws/install/my_robot_interfaces/share/my_robot_interfaces/cmake/my_robot_interfaces__rosidl_typesupport_cExport.cmake
[1.728s] -- Up-to-date: /home/ubuntu/ros2_ws/install/my_robot_interfaces/share/my_robot_interfaces/cmake/my_robot_interfaces__rosidl_typesupport_cExport-noconfig.cmake
[1.728s] -- Up-to-date: /home/ubuntu/ros2_ws/install/my_robot_interfaces/share/my_robot_interfaces/cmake/my_robot_interfaces__rosidl_generator_cppExport.cmake
[1.730s] -- Up-to-date: /home/ubuntu/ros2_ws/install/my_robot_interfaces/share/my_robot_interfaces/cmake/my_robot_interfaces__rosidl_typesupport_introspection_cppExport.cmake
[1.730s] -- Up-to-date: /home/ubuntu/ros2_ws/install/my_robot_interfaces/share/my_robot_interfaces/cmake/my_robot_interfaces__rosidl_typesupport_introspection_cppExport-noconfig.cmake
[1.733s] -- Up-to-date: /home/ubuntu/ros2_ws/install/my_robot_interfaces/share/my_robot_interfaces/cmake/my_robot_interfaces__rosidl_typesupport_cppExport.cmake
[1.734s] -- Up-to-date: /home/ubuntu/ros2_ws/install/my_robot_interfaces/share/my_robot_interfaces/cmake/my_robot_interfaces__rosidl_typesupport_cppExport-noconfig.cmake
[1.734s] -- Up-to-date: /home/ubuntu/ros2_ws/install/my_robot_interfaces/share/my_robot_interfaces/cmake/rosidl_cmake-extras.cmake
[1.735s] -- Up-to-date: /home/ubuntu/ros2_ws/install/my_robot_interfaces/share/my_robot_interfaces/cmake/ament_cmake_export_dependencies-extras.cmake
[1.736s] -- Up-to-date: /home/ubuntu/ros2_ws/install/my_robot_interfaces/share/my_robot_interfaces/cmake/ament_cmake_export_libraries-extras.cmake
[1.737s] -- Up-to-date: /home/ubuntu/ros2_ws/install/my_robot_interfaces/share/my_robot_interfaces/cmake/ament_cmake_export_targets-extras.cmake
[1.738s] -- Up-to-date: /home/ubuntu/ros2_ws/install/my_robot_interfaces/share/my_robot_interfaces/cmake/ament_cmake_export_include_directories-extras.cmake
[1.739s] -- Up-to-date: /home/ubuntu/ros2_ws/install/my_robot_interfaces/share/my_robot_interfaces/cmake/rosidl_cmake_export_typesupport_libraries-extras.cmake
[1.740s] -- Up-to-date: /home/ubuntu/ros2_ws/install/my_robot_interfaces/share/my_robot_interfaces/cmake/rosidl_cmake_export_typesupport_targets-extras.cmake
[1.741s] -- Up-to-date: /home/ubuntu/ros2_ws/install/my_robot_interfaces/share/my_robot_interfaces/cmake/my_robot_interfacesConfig.cmake
[1.743s] -- Up-to-date: /home/ubuntu/ros2_ws/install/my_robot_interfaces/share/my_robot_interfaces/cmake/my_robot_interfacesConfig-version.cmake
[1.744s] -- Up-to-date: /home/ubuntu/ros2_ws/install/my_robot_interfaces/share/my_robot_interfaces/package.xml
[1.751s] Invoked command in '/home/ubuntu/ros2_ws/build/my_robot_interfaces' returned '0': CMAKE_PREFIX_PATH=${CMAKE_PREFIX_PATH}:/home/ubuntu/ros2_ws/install/py_chester_pkg:/opt/ros/foxy /usr/bin/cmake --install /home/ubuntu/ros2_ws/build/my_robot_interfaces
