[0.098s] Invoking command in '/home/ubuntu/ros2_ws/build/cpp_chester_pkg': CMAKE_PREFIX_PATH=${CMAKE_PREFIX_PATH}:/home/ubuntu/ros2_ws/install/py_chester_pkg:/opt/ros/foxy /usr/bin/cmake --build /home/ubuntu/ros2_ws/build/cpp_chester_pkg -- -j4 -l4
[1.058s] Invoked command in '/home/ubuntu/ros2_ws/build/cpp_chester_pkg' returned '0': CMAKE_PREFIX_PATH=${CMAKE_PREFIX_PATH}:/home/ubuntu/ros2_ws/install/py_chester_pkg:/opt/ros/foxy /usr/bin/cmake --build /home/ubuntu/ros2_ws/build/cpp_chester_pkg -- -j4 -l4
[1.214s] Invoking command in '/home/ubuntu/ros2_ws/build/cpp_chester_pkg': CMAKE_PREFIX_PATH=${CMAKE_PREFIX_PATH}:/home/ubuntu/ros2_ws/install/py_chester_pkg:/opt/ros/foxy /usr/bin/cmake --install /home/ubuntu/ros2_ws/build/cpp_chester_pkg
[1.254s] -- Install configuration: ""
[1.255s] -- Up-to-date: /home/ubuntu/ros2_ws/install/cpp_chester_pkg/share/ament_index/resource_index/package_run_dependencies/cpp_chester_pkg
[1.256s] -- Up-to-date: /home/ubuntu/ros2_ws/install/cpp_chester_pkg/share/ament_index/resource_index/parent_prefix_path/cpp_chester_pkg
[1.258s] -- Up-to-date: /home/ubuntu/ros2_ws/install/cpp_chester_pkg/share/cpp_chester_pkg/environment/ament_prefix_path.sh
[1.259s] -- Up-to-date: /home/ubuntu/ros2_ws/install/cpp_chester_pkg/share/cpp_chester_pkg/environment/ament_prefix_path.dsv
[1.259s] -- Up-to-date: /home/ubuntu/ros2_ws/install/cpp_chester_pkg/share/cpp_chester_pkg/environment/path.sh
[1.260s] -- Up-to-date: /home/ubuntu/ros2_ws/install/cpp_chester_pkg/share/cpp_chester_pkg/environment/path.dsv
[1.261s] -- Up-to-date: /home/ubuntu/ros2_ws/install/cpp_chester_pkg/share/cpp_chester_pkg/local_setup.bash
[1.262s] -- Up-to-date: /home/ubuntu/ros2_ws/install/cpp_chester_pkg/share/cpp_chester_pkg/local_setup.sh
[1.263s] -- Up-to-date: /home/ubuntu/ros2_ws/install/cpp_chester_pkg/share/cpp_chester_pkg/local_setup.zsh
[1.264s] -- Up-to-date: /home/ubuntu/ros2_ws/install/cpp_chester_pkg/share/cpp_chester_pkg/local_setup.dsv
[1.265s] -- Up-to-date: /home/ubuntu/ros2_ws/install/cpp_chester_pkg/share/cpp_chester_pkg/package.dsv
[1.269s] -- Up-to-date: /home/ubuntu/ros2_ws/install/cpp_chester_pkg/share/ament_index/resource_index/packages/cpp_chester_pkg
[1.277s] -- Up-to-date: /home/ubuntu/ros2_ws/install/cpp_chester_pkg/share/cpp_chester_pkg/cmake/cpp_chester_pkgConfig.cmake
[1.278s] -- Up-to-date: /home/ubuntu/ros2_ws/install/cpp_chester_pkg/share/cpp_chester_pkg/cmake/cpp_chester_pkgConfig-version.cmake
[1.279s] -- Up-to-date: /home/ubuntu/ros2_ws/install/cpp_chester_pkg/share/cpp_chester_pkg/package.xml
[1.281s] Invoked command in '/home/ubuntu/ros2_ws/build/cpp_chester_pkg' returned '0': CMAKE_PREFIX_PATH=${CMAKE_PREFIX_PATH}:/home/ubuntu/ros2_ws/install/py_chester_pkg:/opt/ros/foxy /usr/bin/cmake --install /home/ubuntu/ros2_ws/build/cpp_chester_pkg
