[1.176s] DEBUG:colcon:Command line arguments: ['/usr/bin/colcon', 'build', '--packages-select', 'py_chester_pkg', '--symlink-install']
[1.177s] DEBUG:colcon:Parsed command line arguments: Namespace(ament_cmake_args=None, base_paths=['.'], build_base='build', catkin_cmake_args=None, catkin_skip_building_tests=False, cmake_args=None, cmake_clean_cache=False, cmake_clean_first=False, cmake_force_configure=False, cmake_target=None, cmake_target_skip_unavailable=False, continue_on_error=False, event_handlers=None, executor='parallel', ignore_user_meta=False, install_base='install', log_base=None, log_level=None, main=<bound method BuildVerb.main of <colcon_core.verb.build.BuildVerb object at 0xffffb1e9a370>>, merge_install=False, metas=['./colcon.meta'], packages_above=None, packages_above_and_dependencies=None, packages_above_depth=None, packages_end=None, packages_ignore=None, packages_ignore_regex=None, packages_select=['py_chester_pkg'], packages_select_build_failed=False, packages_select_by_dep=None, packages_select_regex=None, packages_select_test_failures=False, packages_skip=None, packages_skip_build_finished=False, packages_skip_by_dep=None, packages_skip_regex=None, packages_skip_test_passed=False, packages_skip_up_to=None, packages_start=None, packages_up_to=None, packages_up_to_regex=None, parallel_workers=4, paths=None, symlink_install=True, test_result_base=None, verb_extension=<colcon_core.verb.build.BuildVerb object at 0xffffb1e9a370>, verb_name='build', verb_parser=<colcon_defaults.argument_parser.defaults.DefaultArgumentsDecorator object at 0xffffb1e9a8b0>)
[1.202s] Level 1:colcon.colcon_core.package_discovery:discover_packages(colcon_meta) check parameters
[1.203s] Level 1:colcon.colcon_core.package_discovery:discover_packages(recursive) check parameters
[1.203s] Level 1:colcon.colcon_core.package_discovery:discover_packages(ignore) check parameters
[1.203s] Level 1:colcon.colcon_core.package_discovery:discover_packages(path) check parameters
[1.203s] Level 1:colcon.colcon_core.package_discovery:discover_packages(colcon_meta) discover
[1.204s] Level 1:colcon.colcon_core.package_discovery:discover_packages(recursive) discover
[1.204s] INFO:colcon.colcon_core.package_discovery:Crawling recursively for packages in '/home/ubuntu/ros2_ws'
[1.205s] Level 1:colcon.colcon_core.package_identification:_identify(.) by extensions ['ignore', 'ignore_ament_install']
[1.205s] Level 1:colcon.colcon_core.package_identification:_identify(.) by extension 'ignore'
[1.206s] Level 1:colcon.colcon_core.package_identification:_identify(.) by extension 'ignore_ament_install'
[1.206s] Level 1:colcon.colcon_core.package_identification:_identify(.) by extensions ['colcon_pkg']
[1.206s] Level 1:colcon.colcon_core.package_identification:_identify(.) by extension 'colcon_pkg'
[1.207s] Level 1:colcon.colcon_core.package_identification:_identify(.) by extensions ['colcon_meta']
[1.207s] Level 1:colcon.colcon_core.package_identification:_identify(.) by extension 'colcon_meta'
[1.207s] Level 1:colcon.colcon_core.package_identification:_identify(.) by extensions ['ros']
[1.207s] Level 1:colcon.colcon_core.package_identification:_identify(.) by extension 'ros'
[1.252s] Level 1:colcon.colcon_core.package_identification:_identify(.) by extensions ['cmake', 'python']
[1.252s] Level 1:colcon.colcon_core.package_identification:_identify(.) by extension 'cmake'
[1.253s] Level 1:colcon.colcon_core.package_identification:_identify(.) by extension 'python'
[1.253s] Level 1:colcon.colcon_core.package_identification:_identify(.) by extensions ['python_setup_py']
[1.253s] Level 1:colcon.colcon_core.package_identification:_identify(.) by extension 'python_setup_py'
[1.254s] Level 1:colcon.colcon_core.package_identification:_identify(build) by extensions ['ignore', 'ignore_ament_install']
[1.254s] Level 1:colcon.colcon_core.package_identification:_identify(build) by extension 'ignore'
[1.255s] Level 1:colcon.colcon_core.package_identification:_identify(build) ignored
[1.256s] Level 1:colcon.colcon_core.package_identification:_identify(install) by extensions ['ignore', 'ignore_ament_install']
[1.256s] Level 1:colcon.colcon_core.package_identification:_identify(install) by extension 'ignore'
[1.257s] Level 1:colcon.colcon_core.package_identification:_identify(install) ignored
[1.258s] Level 1:colcon.colcon_core.package_identification:_identify(log) by extensions ['ignore', 'ignore_ament_install']
[1.258s] Level 1:colcon.colcon_core.package_identification:_identify(log) by extension 'ignore'
[1.259s] Level 1:colcon.colcon_core.package_identification:_identify(log) ignored
[1.259s] Level 1:colcon.colcon_core.package_identification:_identify(src) by extensions ['ignore', 'ignore_ament_install']
[1.260s] Level 1:colcon.colcon_core.package_identification:_identify(src) by extension 'ignore'
[1.260s] Level 1:colcon.colcon_core.package_identification:_identify(src) by extension 'ignore_ament_install'
[1.261s] Level 1:colcon.colcon_core.package_identification:_identify(src) by extensions ['colcon_pkg']
[1.261s] Level 1:colcon.colcon_core.package_identification:_identify(src) by extension 'colcon_pkg'
[1.261s] Level 1:colcon.colcon_core.package_identification:_identify(src) by extensions ['colcon_meta']
[1.261s] Level 1:colcon.colcon_core.package_identification:_identify(src) by extension 'colcon_meta'
[1.262s] Level 1:colcon.colcon_core.package_identification:_identify(src) by extensions ['ros']
[1.262s] Level 1:colcon.colcon_core.package_identification:_identify(src) by extension 'ros'
[1.263s] Level 1:colcon.colcon_core.package_identification:_identify(src) by extensions ['cmake', 'python']
[1.263s] Level 1:colcon.colcon_core.package_identification:_identify(src) by extension 'cmake'
[1.263s] Level 1:colcon.colcon_core.package_identification:_identify(src) by extension 'python'
[1.263s] Level 1:colcon.colcon_core.package_identification:_identify(src) by extensions ['python_setup_py']
[1.264s] Level 1:colcon.colcon_core.package_identification:_identify(src) by extension 'python_setup_py'
[1.264s] Level 1:colcon.colcon_core.package_identification:_identify(src/cpp_chester_pkg) by extensions ['ignore', 'ignore_ament_install']
[1.265s] Level 1:colcon.colcon_core.package_identification:_identify(src/cpp_chester_pkg) by extension 'ignore'
[1.265s] Level 1:colcon.colcon_core.package_identification:_identify(src/cpp_chester_pkg) by extension 'ignore_ament_install'
[1.266s] Level 1:colcon.colcon_core.package_identification:_identify(src/cpp_chester_pkg) by extensions ['colcon_pkg']
[1.266s] Level 1:colcon.colcon_core.package_identification:_identify(src/cpp_chester_pkg) by extension 'colcon_pkg'
[1.266s] Level 1:colcon.colcon_core.package_identification:_identify(src/cpp_chester_pkg) by extensions ['colcon_meta']
[1.266s] Level 1:colcon.colcon_core.package_identification:_identify(src/cpp_chester_pkg) by extension 'colcon_meta'
[1.267s] Level 1:colcon.colcon_core.package_identification:_identify(src/cpp_chester_pkg) by extensions ['ros']
[1.267s] Level 1:colcon.colcon_core.package_identification:_identify(src/cpp_chester_pkg) by extension 'ros'
[1.276s] DEBUG:colcon.colcon_core.package_identification:Package 'src/cpp_chester_pkg' with type 'ros.ament_cmake' and name 'cpp_chester_pkg'
[1.276s] Level 1:colcon.colcon_core.package_identification:_identify(src/py_chester_pkg) by extensions ['ignore', 'ignore_ament_install']
[1.277s] Level 1:colcon.colcon_core.package_identification:_identify(src/py_chester_pkg) by extension 'ignore'
[1.277s] Level 1:colcon.colcon_core.package_identification:_identify(src/py_chester_pkg) by extension 'ignore_ament_install'
[1.278s] Level 1:colcon.colcon_core.package_identification:_identify(src/py_chester_pkg) by extensions ['colcon_pkg']
[1.278s] Level 1:colcon.colcon_core.package_identification:_identify(src/py_chester_pkg) by extension 'colcon_pkg'
[1.278s] Level 1:colcon.colcon_core.package_identification:_identify(src/py_chester_pkg) by extensions ['colcon_meta']
[1.279s] Level 1:colcon.colcon_core.package_identification:_identify(src/py_chester_pkg) by extension 'colcon_meta'
[1.279s] Level 1:colcon.colcon_core.package_identification:_identify(src/py_chester_pkg) by extensions ['ros']
[1.279s] Level 1:colcon.colcon_core.package_identification:_identify(src/py_chester_pkg) by extension 'ros'
[1.284s] DEBUG:colcon.colcon_core.package_identification:Package 'src/py_chester_pkg' with type 'ros.ament_python' and name 'py_chester_pkg'
[1.284s] Level 1:colcon.colcon_core.package_discovery:discover_packages(recursive) using defaults
[1.284s] Level 1:colcon.colcon_core.package_discovery:discover_packages(ignore) discover
[1.285s] Level 1:colcon.colcon_core.package_discovery:discover_packages(ignore) using defaults
[1.285s] Level 1:colcon.colcon_core.package_discovery:discover_packages(path) discover
[1.285s] Level 1:colcon.colcon_core.package_discovery:discover_packages(path) using defaults
[1.355s] INFO:colcon.colcon_core.package_selection:Skipping not selected package 'cpp_chester_pkg' in 'src/cpp_chester_pkg'
[1.365s] Level 5:colcon.colcon_core.verb:set package 'py_chester_pkg' build argument 'cmake_args' from command line to 'None'
[1.365s] Level 5:colcon.colcon_core.verb:set package 'py_chester_pkg' build argument 'cmake_target' from command line to 'None'
[1.366s] Level 5:colcon.colcon_core.verb:set package 'py_chester_pkg' build argument 'cmake_target_skip_unavailable' from command line to 'False'
[1.366s] Level 5:colcon.colcon_core.verb:set package 'py_chester_pkg' build argument 'cmake_clean_cache' from command line to 'False'
[1.366s] Level 5:colcon.colcon_core.verb:set package 'py_chester_pkg' build argument 'cmake_clean_first' from command line to 'False'
[1.366s] Level 5:colcon.colcon_core.verb:set package 'py_chester_pkg' build argument 'cmake_force_configure' from command line to 'False'
[1.366s] Level 5:colcon.colcon_core.verb:set package 'py_chester_pkg' build argument 'ament_cmake_args' from command line to 'None'
[1.366s] Level 5:colcon.colcon_core.verb:set package 'py_chester_pkg' build argument 'catkin_cmake_args' from command line to 'None'
[1.367s] Level 5:colcon.colcon_core.verb:set package 'py_chester_pkg' build argument 'catkin_skip_building_tests' from command line to 'False'
[1.367s] DEBUG:colcon.colcon_core.verb:Building package 'py_chester_pkg' with the following arguments: {'ament_cmake_args': None, 'build_base': '/home/ubuntu/ros2_ws/build/py_chester_pkg', 'catkin_cmake_args': None, 'catkin_skip_building_tests': False, 'cmake_args': None, 'cmake_clean_cache': False, 'cmake_clean_first': False, 'cmake_force_configure': False, 'cmake_target': None, 'cmake_target_skip_unavailable': False, 'install_base': '/home/ubuntu/ros2_ws/install/py_chester_pkg', 'merge_install': False, 'path': '/home/ubuntu/ros2_ws/src/py_chester_pkg', 'symlink_install': True, 'test_result_base': None}
[1.368s] INFO:colcon.colcon_core.executor:Executing jobs using 'parallel' executor
[1.377s] DEBUG:colcon.colcon_parallel_executor.executor.parallel:run_until_complete
[1.379s] INFO:colcon.colcon_ros.task.ament_python.build:Building ROS package in '/home/ubuntu/ros2_ws/src/py_chester_pkg' with build type 'ament_python'
[1.380s] Level 1:colcon.colcon_core.shell:create_environment_hook('py_chester_pkg', 'ament_prefix_path')
[1.397s] INFO:colcon.colcon_core.plugin_system:Skipping extension 'colcon_core.shell.bat': Not used on non-Windows systems
[1.398s] INFO:colcon.colcon_core.shell:Creating environment hook '/home/ubuntu/ros2_ws/install/py_chester_pkg/share/py_chester_pkg/hook/ament_prefix_path.ps1'
[1.401s] INFO:colcon.colcon_core.shell:Creating environment descriptor '/home/ubuntu/ros2_ws/install/py_chester_pkg/share/py_chester_pkg/hook/ament_prefix_path.dsv'
[1.403s] INFO:colcon.colcon_core.shell:Creating environment hook '/home/ubuntu/ros2_ws/install/py_chester_pkg/share/py_chester_pkg/hook/ament_prefix_path.sh'
[1.409s] INFO:colcon.colcon_core.shell:Skip shell extension 'powershell' for command environment: Not usable outside of PowerShell
[1.410s] DEBUG:colcon.colcon_core.shell:Skip shell extension 'dsv' for command environment
[1.421s] DEBUG:colcon.colcon_core.shell:Ignoring prefix path '/opt/ros/foxy'
[2.308s] INFO:colcon.colcon_core.task.python.build:Building Python package in '/home/ubuntu/ros2_ws/src/py_chester_pkg'
[2.311s] INFO:colcon.colcon_core.shell:Skip shell extension 'powershell' for command environment: Not usable outside of PowerShell
[2.311s] DEBUG:colcon.colcon_core.shell:Skip shell extension 'dsv' for command environment
[2.320s] DEBUG:colcon.colcon_core.shell:Ignoring prefix path '/opt/ros/foxy'
[2.349s] DEBUG:colcon.colcon_core.event_handler.log_command:Invoking command in '/home/ubuntu/ros2_ws/build/py_chester_pkg': PYTHONPATH=/home/ubuntu/ros2_ws/install/py_chester_pkg/lib/python3.8/site-packages:${PYTHONPATH} /usr/bin/python3 setup.py develop --prefix /home/ubuntu/ros2_ws/install/py_chester_pkg --editable --build-directory /home/ubuntu/ros2_ws/build/py_chester_pkg/build --no-deps install_data --install-dir /home/ubuntu/ros2_ws/install/py_chester_pkg
[3.981s] Level 1:colcon.colcon_core.shell:create_environment_hook('py_chester_pkg', 'pythonpath_develop')
[3.984s] INFO:colcon.colcon_core.shell:Creating environment hook '/home/ubuntu/ros2_ws/build/py_chester_pkg/share/py_chester_pkg/hook/pythonpath_develop.ps1'
[3.986s] DEBUG:colcon.colcon_core.event_handler.log_command:Invoked command in '/home/ubuntu/ros2_ws/build/py_chester_pkg' returned '0': PYTHONPATH=/home/ubuntu/ros2_ws/install/py_chester_pkg/lib/python3.8/site-packages:${PYTHONPATH} /usr/bin/python3 setup.py develop --prefix /home/ubuntu/ros2_ws/install/py_chester_pkg --editable --build-directory /home/ubuntu/ros2_ws/build/py_chester_pkg/build --no-deps install_data --install-dir /home/ubuntu/ros2_ws/install/py_chester_pkg
[3.989s] INFO:colcon.colcon_core.shell:Creating environment descriptor '/home/ubuntu/ros2_ws/build/py_chester_pkg/share/py_chester_pkg/hook/pythonpath_develop.dsv'
[3.991s] INFO:colcon.colcon_core.shell:Creating environment hook '/home/ubuntu/ros2_ws/build/py_chester_pkg/share/py_chester_pkg/hook/pythonpath_develop.sh'
[4.009s] Level 1:colcon.colcon_core.environment:checking '/home/ubuntu/ros2_ws/install/py_chester_pkg' for CMake module files
[4.012s] Level 1:colcon.colcon_core.environment:checking '/home/ubuntu/ros2_ws/install/py_chester_pkg' for CMake config files
[4.016s] Level 1:colcon.colcon_core.environment:checking '/home/ubuntu/ros2_ws/install/py_chester_pkg/lib'
[4.017s] Level 1:colcon.colcon_core.environment:checking '/home/ubuntu/ros2_ws/install/py_chester_pkg/bin'
[4.017s] Level 1:colcon.colcon_core.environment:checking '/home/ubuntu/ros2_ws/install/py_chester_pkg/lib/pkgconfig/py_chester_pkg.pc'
[4.018s] Level 1:colcon.colcon_core.environment:checking '/home/ubuntu/ros2_ws/install/py_chester_pkg/lib/python3.8/site-packages'
[4.018s] Level 1:colcon.colcon_core.shell:create_environment_hook('py_chester_pkg', 'pythonpath')
[4.020s] INFO:colcon.colcon_core.shell:Creating environment hook '/home/ubuntu/ros2_ws/install/py_chester_pkg/share/py_chester_pkg/hook/pythonpath.ps1'
[4.023s] INFO:colcon.colcon_core.shell:Creating environment descriptor '/home/ubuntu/ros2_ws/install/py_chester_pkg/share/py_chester_pkg/hook/pythonpath.dsv'
[4.025s] INFO:colcon.colcon_core.shell:Creating environment hook '/home/ubuntu/ros2_ws/install/py_chester_pkg/share/py_chester_pkg/hook/pythonpath.sh'
[4.027s] Level 1:colcon.colcon_core.environment:create_environment_scripts_only(py_chester_pkg)
[4.030s] INFO:colcon.colcon_core.shell:Creating package script '/home/ubuntu/ros2_ws/install/py_chester_pkg/share/py_chester_pkg/package.ps1'
[4.035s] INFO:colcon.colcon_core.shell:Creating package descriptor '/home/ubuntu/ros2_ws/install/py_chester_pkg/share/py_chester_pkg/package.dsv'
[4.038s] INFO:colcon.colcon_core.shell:Creating package script '/home/ubuntu/ros2_ws/install/py_chester_pkg/share/py_chester_pkg/package.sh'
[4.042s] INFO:colcon.colcon_core.shell:Creating package script '/home/ubuntu/ros2_ws/install/py_chester_pkg/share/py_chester_pkg/package.bash'
[4.046s] INFO:colcon.colcon_core.shell:Creating package script '/home/ubuntu/ros2_ws/install/py_chester_pkg/share/py_chester_pkg/package.zsh'
[4.050s] Level 1:colcon.colcon_core.environment:create_file_with_runtime_dependencies(/home/ubuntu/ros2_ws/install/py_chester_pkg/share/colcon-core/packages/py_chester_pkg)
[4.052s] DEBUG:colcon.colcon_parallel_executor.executor.parallel:closing loop
[4.053s] DEBUG:colcon.colcon_parallel_executor.executor.parallel:loop closed
[4.054s] DEBUG:colcon.colcon_parallel_executor.executor.parallel:run_until_complete finished with '0'
[4.054s] DEBUG:colcon.colcon_core.event_reactor:joining thread
[4.083s] INFO:colcon.colcon_core.plugin_system:Skipping extension 'colcon_notification.desktop_notification.notify_send': Could not find 'notify-send'
[4.084s] INFO:colcon.colcon_core.plugin_system:Skipping extension 'colcon_notification.desktop_notification.terminal_notifier': Not used on non-Darwin systems
[4.084s] INFO:colcon.colcon_core.plugin_system:Skipping extension 'colcon_notification.desktop_notification.win32': Not used on non-Windows systems
[4.084s] INFO:colcon.colcon_notification.desktop_notification:Sending desktop notification using 'notify2'
[4.088s] DEBUG:colcon.colcon_notification.desktop_notification.notify2:Failed to initialize notify2: org.freedesktop.DBus.Error.ServiceUnknown: The name org.freedesktop.Notifications was not provided by any .service files
[4.088s] DEBUG:colcon.colcon_core.event_reactor:joined thread
[4.091s] INFO:colcon.colcon_core.shell:Creating prefix script '/home/ubuntu/ros2_ws/install/local_setup.ps1'
[4.095s] INFO:colcon.colcon_core.shell:Creating prefix util module '/home/ubuntu/ros2_ws/install/_local_setup_util_ps1.py'
[4.100s] INFO:colcon.colcon_core.shell:Creating prefix chain script '/home/ubuntu/ros2_ws/install/setup.ps1'
[4.111s] INFO:colcon.colcon_core.shell:Creating prefix script '/home/ubuntu/ros2_ws/install/local_setup.sh'
[4.114s] INFO:colcon.colcon_core.shell:Creating prefix util module '/home/ubuntu/ros2_ws/install/_local_setup_util_sh.py'
[4.117s] INFO:colcon.colcon_core.shell:Creating prefix chain script '/home/ubuntu/ros2_ws/install/setup.sh'
[4.127s] INFO:colcon.colcon_core.shell:Creating prefix script '/home/ubuntu/ros2_ws/install/local_setup.bash'
[4.130s] INFO:colcon.colcon_core.shell:Creating prefix chain script '/home/ubuntu/ros2_ws/install/setup.bash'
[4.143s] INFO:colcon.colcon_core.shell:Creating prefix script '/home/ubuntu/ros2_ws/install/local_setup.zsh'
[4.146s] INFO:colcon.colcon_core.shell:Creating prefix chain script '/home/ubuntu/ros2_ws/install/setup.zsh'
