[0.087s] Invoking command in '/home/ubuntu/ros2_ws/build/my_robot_interfaces': CMAKE_PREFIX_PATH=${CMAKE_PREFIX_PATH}:/home/ubuntu/ros2_ws/install/py_chester_pkg:/opt/ros/foxy /usr/bin/cmake --build /home/ubuntu/ros2_ws/build/my_robot_interfaces -- -j4 -l4
[0.217s] -- Found ament_cmake: 0.9.9 (/opt/ros/foxy/share/ament_cmake/cmake)
[0.359s] -- Found PythonInterp: /usr/bin/python3 (found suitable version "3.8.10", minimum required is "3") 
[0.363s] -- Using PYTHON_EXECUTABLE: /usr/bin/python3
[1.177s] -- Found rosidl_default_generators: 1.0.1 (/opt/ros/foxy/share/rosidl_default_generators/cmake)
[1.187s] -- Using all available rosidl_typesupport_c: rosidl_typesupport_fastrtps_c;rosidl_typesupport_introspection_c
[1.203s] -- Found rosidl_adapter: 1.2.1 (/opt/ros/foxy/share/rosidl_adapter/cmake)
[1.846s] -- Using all available rosidl_typesupport_cpp: rosidl_typesupport_fastrtps_cpp;rosidl_typesupport_introspection_cpp
[2.061s] -- Found PythonInterp: /usr/bin/python3 (found version "3.8.10") 
[2.840s] CMake Error at /opt/ros/foxy/share/rosidl_adapter/cmake/rosidl_adapt_interfaces.cmake:60 (message):
[2.841s]   execute_process(/usr/bin/python3 -m rosidl_adapter --package-name
[2.841s]   my_robot_interfaces --arguments-file
[2.842s]   /home/ubuntu/ros2_ws/build/my_robot_interfaces/rosidl_adapter__arguments__my_robot_interfaces.json
[2.842s]   --output-dir
[2.842s]   /home/ubuntu/ros2_ws/build/my_robot_interfaces/rosidl_adapter/my_robot_interfaces
[2.843s]   --output-file
[2.843s]   /home/ubuntu/ros2_ws/build/my_robot_interfaces/rosidl_adapter/my_robot_interfaces.idls)
[2.844s]   returned error code 1:
[2.844s] 
[2.845s]   Error processing 'bool Request' of
[2.845s]   'my_robot_interfaces/MoveRoboticArm_Goal': ''Request' is an invalid field
[2.845s]   name.  It should have the pattern '^(?!.*__)(?!.*_$)[a-z][a-z0-9_]*$''
[2.846s] 
[2.846s]   Traceback (most recent call last):
[2.847s] 
[2.847s]     File "/usr/lib/python3.8/runpy.py", line 194, in _run_module_as_main
[2.847s]       return _run_code(code, main_globals, None,
[2.848s]     File "/usr/lib/python3.8/runpy.py", line 87, in _run_code
[2.848s]       exec(code, run_globals)
[2.848s]     File "/opt/ros/foxy/lib/python3.8/site-packages/rosidl_adapter/__main__.py", line 19, in <module>
[2.849s]       sys.exit(main())
[2.849s]     File "/opt/ros/foxy/lib/python3.8/site-packages/rosidl_adapter/main.py", line 53, in main
[2.850s]       abs_idl_file = convert_to_idl(
[2.850s]     File "/opt/ros/foxy/lib/python3.8/site-packages/rosidl_adapter/__init__.py", line 29, in convert_to_idl
[2.851s]       return convert_action_to_idl(
[2.852s]     File "/opt/ros/foxy/lib/python3.8/site-packages/rosidl_adapter/action/__init__.py", line 28, in convert_action_to_idl
[2.852s]       action = parse_action_string(package_name, input_file.stem, content)
[2.853s]     File "/opt/ros/foxy/lib/python3.8/site-packages/rosidl_adapter/parser.py", line 892, in parse_action_string
[2.853s]       goal_message = parse_message_string(
[2.854s]     File "/opt/ros/foxy/lib/python3.8/site-packages/rosidl_adapter/parser.py", line 515, in parse_message_string
[2.855s]       fields.append(Field(
[2.856s]     File "/opt/ros/foxy/lib/python3.8/site-packages/rosidl_adapter/parser.py", line 353, in __init__
[2.856s]       raise NameError(
[2.857s] 
[2.858s]   NameError: 'Request' is an invalid field name.  It should have the pattern
[2.859s]   '^(?!.*__)(?!.*_$)[a-z][a-z0-9_]*$'
[2.859s] 
[2.860s] Call Stack (most recent call first):
[2.861s]   /opt/ros/foxy/share/rosidl_cmake/cmake/rosidl_generate_interfaces.cmake:130 (rosidl_adapt_interfaces)
[2.862s]   CMakeLists.txt:20 (rosidl_generate_interfaces)
[2.863s] 
[2.863s] 
[2.864s] -- Configuring incomplete, errors occurred!
[2.864s] See also "/home/ubuntu/ros2_ws/build/my_robot_interfaces/CMakeFiles/CMakeOutput.log".
[2.865s] make: *** [Makefile:222: cmake_check_build_system] Error 1
[2.870s] Invoked command in '/home/ubuntu/ros2_ws/build/my_robot_interfaces' returned '2': CMAKE_PREFIX_PATH=${CMAKE_PREFIX_PATH}:/home/ubuntu/ros2_ws/install/py_chester_pkg:/opt/ros/foxy /usr/bin/cmake --build /home/ubuntu/ros2_ws/build/my_robot_interfaces -- -j4 -l4
