[0.104s] Invoking command in '/home/ubuntu/ros2_ws/build/cpp_chester_pkg': CMAKE_PREFIX_PATH=${CMAKE_PREFIX_PATH}:/home/ubuntu/ros2_ws/install/py_chester_pkg:/opt/ros/foxy /usr/bin/cmake --build /home/ubuntu/ros2_ws/build/cpp_chester_pkg -- -j4 -l4
[1.076s] Invoked command in '/home/ubuntu/ros2_ws/build/cpp_chester_pkg' returned '0': CMAKE_PREFIX_PATH=${CMAKE_PREFIX_PATH}:/home/ubuntu/ros2_ws/install/py_chester_pkg:/opt/ros/foxy /usr/bin/cmake --build /home/ubuntu/ros2_ws/build/cpp_chester_pkg -- -j4 -l4
[1.233s] Invoking command in '/home/ubuntu/ros2_ws/build/cpp_chester_pkg': CMAKE_PREFIX_PATH=${CMAKE_PREFIX_PATH}:/home/ubuntu/ros2_ws/install/py_chester_pkg:/opt/ros/foxy /usr/bin/cmake --install /home/ubuntu/ros2_ws/build/cpp_chester_pkg
[1.271s] -- Install configuration: ""
[1.273s] -- Up-to-date: /home/ubuntu/ros2_ws/install/cpp_chester_pkg/share/ament_index/resource_index/package_run_dependencies/cpp_chester_pkg
[1.274s] -- Up-to-date: /home/ubuntu/ros2_ws/install/cpp_chester_pkg/share/ament_index/resource_index/parent_prefix_path/cpp_chester_pkg
[1.284s] -- Up-to-date: /home/ubuntu/ros2_ws/install/cpp_chester_pkg/share/cpp_chester_pkg/environment/ament_prefix_path.sh
[1.287s] -- Up-to-date: /home/ubuntu/ros2_ws/install/cpp_chester_pkg/share/cpp_chester_pkg/environment/ament_prefix_path.dsv
[1.288s] -- Up-to-date: /home/ubuntu/ros2_ws/install/cpp_chester_pkg/share/cpp_chester_pkg/environment/path.sh
[1.289s] -- Up-to-date: /home/ubuntu/ros2_ws/install/cpp_chester_pkg/share/cpp_chester_pkg/environment/path.dsv
[1.290s] -- Up-to-date: /home/ubuntu/ros2_ws/install/cpp_chester_pkg/share/cpp_chester_pkg/local_setup.bash
[1.290s] -- Up-to-date: /home/ubuntu/ros2_ws/install/cpp_chester_pkg/share/cpp_chester_pkg/local_setup.sh
[1.291s] -- Up-to-date: /home/ubuntu/ros2_ws/install/cpp_chester_pkg/share/cpp_chester_pkg/local_setup.zsh
[1.291s] -- Up-to-date: /home/ubuntu/ros2_ws/install/cpp_chester_pkg/share/cpp_chester_pkg/local_setup.dsv
[1.292s] -- Installing: /home/ubuntu/ros2_ws/install/cpp_chester_pkg/share/cpp_chester_pkg/package.dsv
[1.292s] -- Up-to-date: /home/ubuntu/ros2_ws/install/cpp_chester_pkg/share/ament_index/resource_index/packages/cpp_chester_pkg
[1.293s] -- Up-to-date: /home/ubuntu/ros2_ws/install/cpp_chester_pkg/share/cpp_chester_pkg/cmake/cpp_chester_pkgConfig.cmake
[1.294s] -- Up-to-date: /home/ubuntu/ros2_ws/install/cpp_chester_pkg/share/cpp_chester_pkg/cmake/cpp_chester_pkgConfig-version.cmake
[1.294s] -- Up-to-date: /home/ubuntu/ros2_ws/install/cpp_chester_pkg/share/cpp_chester_pkg/package.xml
[1.299s] Invoked command in '/home/ubuntu/ros2_ws/build/cpp_chester_pkg' returned '0': CMAKE_PREFIX_PATH=${CMAKE_PREFIX_PATH}:/home/ubuntu/ros2_ws/install/py_chester_pkg:/opt/ros/foxy /usr/bin/cmake --install /home/ubuntu/ros2_ws/build/cpp_chester_pkg
