[1.183s] Invoking command in '/home/ubuntu/ros2_ws/src/py_chester_pkg': PYTHONPATH=/home/ubuntu/ros2_ws/install/py_chester_pkg/lib/python3.8/site-packages:${PYTHONPATH} /usr/bin/python3 setup.py egg_info --egg-base ../../build/py_chester_pkg build --build-base /home/ubuntu/ros2_ws/build/py_chester_pkg/build install --prefix /home/ubuntu/ros2_ws/install/py_chester_pkg --record /home/ubuntu/ros2_ws/build/py_chester_pkg/install.log --single-version-externally-managed
[2.139s] running egg_info
[2.141s] writing ../../build/py_chester_pkg/py_chester_pkg.egg-info/PKG-INFO
[2.143s] writing dependency_links to ../../build/py_chester_pkg/py_chester_pkg.egg-info/dependency_links.txt
[2.144s] writing entry points to ../../build/py_chester_pkg/py_chester_pkg.egg-info/entry_points.txt
[2.146s] writing requirements to ../../build/py_chester_pkg/py_chester_pkg.egg-info/requires.txt
[2.147s] writing top-level names to ../../build/py_chester_pkg/py_chester_pkg.egg-info/top_level.txt
[2.334s] reading manifest file '../../build/py_chester_pkg/py_chester_pkg.egg-info/SOURCES.txt'
[2.341s] writing manifest file '../../build/py_chester_pkg/py_chester_pkg.egg-info/SOURCES.txt'
[2.342s] running build
[2.343s] running build_py
[2.344s] copying py_chester_pkg/UltrasoundTest.py -> /home/ubuntu/ros2_ws/build/py_chester_pkg/build/lib/py_chester_pkg
[2.345s] copying py_chester_pkg/serialArduinoPrint.py -> /home/ubuntu/ros2_ws/build/py_chester_pkg/build/lib/py_chester_pkg
[2.347s] copying py_chester_pkg/ultrasoundPublisher.py -> /home/ubuntu/ros2_ws/build/py_chester_pkg/build/lib/py_chester_pkg
[2.348s] running install
[2.353s] running install_lib
[2.360s] copying /home/ubuntu/ros2_ws/build/py_chester_pkg/build/lib/py_chester_pkg/UltrasoundTest.py -> /home/ubuntu/ros2_ws/install/py_chester_pkg/lib/python3.8/site-packages/py_chester_pkg
[2.361s] copying /home/ubuntu/ros2_ws/build/py_chester_pkg/build/lib/py_chester_pkg/serialArduinoPrint.py -> /home/ubuntu/ros2_ws/install/py_chester_pkg/lib/python3.8/site-packages/py_chester_pkg
[2.362s] copying /home/ubuntu/ros2_ws/build/py_chester_pkg/build/lib/py_chester_pkg/ultrasoundPublisher.py -> /home/ubuntu/ros2_ws/install/py_chester_pkg/lib/python3.8/site-packages/py_chester_pkg
[2.367s] byte-compiling /home/ubuntu/ros2_ws/install/py_chester_pkg/lib/python3.8/site-packages/py_chester_pkg/UltrasoundTest.py to UltrasoundTest.cpython-38.pyc
[2.375s] byte-compiling /home/ubuntu/ros2_ws/install/py_chester_pkg/lib/python3.8/site-packages/py_chester_pkg/serialArduinoPrint.py to serialArduinoPrint.cpython-38.pyc
[2.376s] byte-compiling /home/ubuntu/ros2_ws/install/py_chester_pkg/lib/python3.8/site-packages/py_chester_pkg/ultrasoundPublisher.py to ultrasoundPublisher.cpython-38.pyc
[2.378s] running install_data
[2.382s] copying package.xml -> /home/ubuntu/ros2_ws/install/py_chester_pkg/share/py_chester_pkg
[2.383s] running install_egg_info
[2.394s] removing '/home/ubuntu/ros2_ws/install/py_chester_pkg/lib/python3.8/site-packages/py_chester_pkg-0.0.0-py3.8.egg-info' (and everything under it)
[2.407s] Copying ../../build/py_chester_pkg/py_chester_pkg.egg-info to /home/ubuntu/ros2_ws/install/py_chester_pkg/lib/python3.8/site-packages/py_chester_pkg-0.0.0-py3.8.egg-info
[2.408s] running install_scripts
[2.495s] Installing light_controller script to /home/ubuntu/ros2_ws/install/py_chester_pkg/lib/py_chester_pkg
[2.496s] Installing py_test script to /home/ubuntu/ros2_ws/install/py_chester_pkg/lib/py_chester_pkg
[2.497s] Installing ultrasound_publisher script to /home/ubuntu/ros2_ws/install/py_chester_pkg/lib/py_chester_pkg
[2.500s] writing list of installed files to '/home/ubuntu/ros2_ws/build/py_chester_pkg/install.log'
[2.610s] Invoked command in '/home/ubuntu/ros2_ws/src/py_chester_pkg' returned '0': PYTHONPATH=/home/ubuntu/ros2_ws/install/py_chester_pkg/lib/python3.8/site-packages:${PYTHONPATH} /usr/bin/python3 setup.py egg_info --egg-base ../../build/py_chester_pkg build --build-base /home/ubuntu/ros2_ws/build/py_chester_pkg/build install --prefix /home/ubuntu/ros2_ws/install/py_chester_pkg --record /home/ubuntu/ros2_ws/build/py_chester_pkg/install.log --single-version-externally-managed
