[1.193s] DEBUG:colcon:Command line arguments: ['/usr/bin/colcon', 'build', '--packages-select', 'my_robot_interfaces']
[1.194s] DEBUG:colcon:Parsed command line arguments: Namespace(ament_cmake_args=None, base_paths=['.'], build_base='build', catkin_cmake_args=None, catkin_skip_building_tests=False, cmake_args=None, cmake_clean_cache=False, cmake_clean_first=False, cmake_force_configure=False, cmake_target=None, cmake_target_skip_unavailable=False, continue_on_error=False, event_handlers=None, executor='parallel', ignore_user_meta=False, install_base='install', log_base=None, log_level=None, main=<bound method BuildVerb.main of <colcon_core.verb.build.BuildVerb object at 0xffff93f00760>>, merge_install=False, metas=['./colcon.meta'], packages_above=None, packages_above_and_dependencies=None, packages_above_depth=None, packages_end=None, packages_ignore=None, packages_ignore_regex=None, packages_select=['my_robot_interfaces'], packages_select_build_failed=False, packages_select_by_dep=None, packages_select_regex=None, packages_select_test_failures=False, packages_skip=None, packages_skip_build_finished=False, packages_skip_by_dep=None, packages_skip_regex=None, packages_skip_test_passed=False, packages_skip_up_to=None, packages_start=None, packages_up_to=None, packages_up_to_regex=None, parallel_workers=4, paths=None, symlink_install=False, test_result_base=None, verb_extension=<colcon_core.verb.build.BuildVerb object at 0xffff93f00760>, verb_name='build', verb_parser=<colcon_defaults.argument_parser.defaults.DefaultArgumentsDecorator object at 0xffff93f00ca0>)
[1.220s] Level 1:colcon.colcon_core.package_discovery:discover_packages(colcon_meta) check parameters
[1.220s] Level 1:colcon.colcon_core.package_discovery:discover_packages(recursive) check parameters
[1.221s] Level 1:colcon.colcon_core.package_discovery:discover_packages(ignore) check parameters
[1.221s] Level 1:colcon.colcon_core.package_discovery:discover_packages(path) check parameters
[1.221s] Level 1:colcon.colcon_core.package_discovery:discover_packages(colcon_meta) discover
[1.221s] Level 1:colcon.colcon_core.package_discovery:discover_packages(recursive) discover
[1.222s] INFO:colcon.colcon_core.package_discovery:Crawling recursively for packages in '/home/ubuntu/ros2_ws'
[1.222s] Level 1:colcon.colcon_core.package_identification:_identify(.) by extensions ['ignore', 'ignore_ament_install']
[1.223s] Level 1:colcon.colcon_core.package_identification:_identify(.) by extension 'ignore'
[1.223s] Level 1:colcon.colcon_core.package_identification:_identify(.) by extension 'ignore_ament_install'
[1.223s] Level 1:colcon.colcon_core.package_identification:_identify(.) by extensions ['colcon_pkg']
[1.224s] Level 1:colcon.colcon_core.package_identification:_identify(.) by extension 'colcon_pkg'
[1.224s] Level 1:colcon.colcon_core.package_identification:_identify(.) by extensions ['colcon_meta']
[1.224s] Level 1:colcon.colcon_core.package_identification:_identify(.) by extension 'colcon_meta'
[1.225s] Level 1:colcon.colcon_core.package_identification:_identify(.) by extensions ['ros']
[1.225s] Level 1:colcon.colcon_core.package_identification:_identify(.) by extension 'ros'
[1.271s] Level 1:colcon.colcon_core.package_identification:_identify(.) by extensions ['cmake', 'python']
[1.271s] Level 1:colcon.colcon_core.package_identification:_identify(.) by extension 'cmake'
[1.272s] Level 1:colcon.colcon_core.package_identification:_identify(.) by extension 'python'
[1.272s] Level 1:colcon.colcon_core.package_identification:_identify(.) by extensions ['python_setup_py']
[1.273s] Level 1:colcon.colcon_core.package_identification:_identify(.) by extension 'python_setup_py'
[1.273s] Level 1:colcon.colcon_core.package_identification:_identify(build) by extensions ['ignore', 'ignore_ament_install']
[1.274s] Level 1:colcon.colcon_core.package_identification:_identify(build) by extension 'ignore'
[1.274s] Level 1:colcon.colcon_core.package_identification:_identify(build) ignored
[1.275s] Level 1:colcon.colcon_core.package_identification:_identify(install) by extensions ['ignore', 'ignore_ament_install']
[1.276s] Level 1:colcon.colcon_core.package_identification:_identify(install) by extension 'ignore'
[1.276s] Level 1:colcon.colcon_core.package_identification:_identify(install) ignored
[1.277s] Level 1:colcon.colcon_core.package_identification:_identify(log) by extensions ['ignore', 'ignore_ament_install']
[1.278s] Level 1:colcon.colcon_core.package_identification:_identify(log) by extension 'ignore'
[1.278s] Level 1:colcon.colcon_core.package_identification:_identify(log) ignored
[1.279s] Level 1:colcon.colcon_core.package_identification:_identify(src) by extensions ['ignore', 'ignore_ament_install']
[1.280s] Level 1:colcon.colcon_core.package_identification:_identify(src) by extension 'ignore'
[1.280s] Level 1:colcon.colcon_core.package_identification:_identify(src) by extension 'ignore_ament_install'
[1.280s] Level 1:colcon.colcon_core.package_identification:_identify(src) by extensions ['colcon_pkg']
[1.281s] Level 1:colcon.colcon_core.package_identification:_identify(src) by extension 'colcon_pkg'
[1.281s] Level 1:colcon.colcon_core.package_identification:_identify(src) by extensions ['colcon_meta']
[1.281s] Level 1:colcon.colcon_core.package_identification:_identify(src) by extension 'colcon_meta'
[1.281s] Level 1:colcon.colcon_core.package_identification:_identify(src) by extensions ['ros']
[1.282s] Level 1:colcon.colcon_core.package_identification:_identify(src) by extension 'ros'
[1.282s] Level 1:colcon.colcon_core.package_identification:_identify(src) by extensions ['cmake', 'python']
[1.283s] Level 1:colcon.colcon_core.package_identification:_identify(src) by extension 'cmake'
[1.283s] Level 1:colcon.colcon_core.package_identification:_identify(src) by extension 'python'
[1.284s] Level 1:colcon.colcon_core.package_identification:_identify(src) by extensions ['python_setup_py']
[1.284s] Level 1:colcon.colcon_core.package_identification:_identify(src) by extension 'python_setup_py'
[1.285s] Level 1:colcon.colcon_core.package_identification:_identify(src/cpp_chester_pkg) by extensions ['ignore', 'ignore_ament_install']
[1.285s] Level 1:colcon.colcon_core.package_identification:_identify(src/cpp_chester_pkg) by extension 'ignore'
[1.286s] Level 1:colcon.colcon_core.package_identification:_identify(src/cpp_chester_pkg) by extension 'ignore_ament_install'
[1.286s] Level 1:colcon.colcon_core.package_identification:_identify(src/cpp_chester_pkg) by extensions ['colcon_pkg']
[1.286s] Level 1:colcon.colcon_core.package_identification:_identify(src/cpp_chester_pkg) by extension 'colcon_pkg'
[1.287s] Level 1:colcon.colcon_core.package_identification:_identify(src/cpp_chester_pkg) by extensions ['colcon_meta']
[1.287s] Level 1:colcon.colcon_core.package_identification:_identify(src/cpp_chester_pkg) by extension 'colcon_meta'
[1.287s] Level 1:colcon.colcon_core.package_identification:_identify(src/cpp_chester_pkg) by extensions ['ros']
[1.288s] Level 1:colcon.colcon_core.package_identification:_identify(src/cpp_chester_pkg) by extension 'ros'
[1.296s] DEBUG:colcon.colcon_core.package_identification:Package 'src/cpp_chester_pkg' with type 'ros.ament_cmake' and name 'cpp_chester_pkg'
[1.297s] Level 1:colcon.colcon_core.package_identification:_identify(src/my_robot_interfaces) by extensions ['ignore', 'ignore_ament_install']
[1.298s] Level 1:colcon.colcon_core.package_identification:_identify(src/my_robot_interfaces) by extension 'ignore'
[1.298s] Level 1:colcon.colcon_core.package_identification:_identify(src/my_robot_interfaces) by extension 'ignore_ament_install'
[1.299s] Level 1:colcon.colcon_core.package_identification:_identify(src/my_robot_interfaces) by extensions ['colcon_pkg']
[1.299s] Level 1:colcon.colcon_core.package_identification:_identify(src/my_robot_interfaces) by extension 'colcon_pkg'
[1.299s] Level 1:colcon.colcon_core.package_identification:_identify(src/my_robot_interfaces) by extensions ['colcon_meta']
[1.299s] Level 1:colcon.colcon_core.package_identification:_identify(src/my_robot_interfaces) by extension 'colcon_meta'
[1.300s] Level 1:colcon.colcon_core.package_identification:_identify(src/my_robot_interfaces) by extensions ['ros']
[1.300s] Level 1:colcon.colcon_core.package_identification:_identify(src/my_robot_interfaces) by extension 'ros'
[1.303s] DEBUG:colcon.colcon_core.package_identification:Package 'src/my_robot_interfaces' with type 'ros.ament_cmake' and name 'my_robot_interfaces'
[1.304s] Level 1:colcon.colcon_core.package_identification:_identify(src/py_chester_pkg) by extensions ['ignore', 'ignore_ament_install']
[1.304s] Level 1:colcon.colcon_core.package_identification:_identify(src/py_chester_pkg) by extension 'ignore'
[1.304s] Level 1:colcon.colcon_core.package_identification:_identify(src/py_chester_pkg) by extension 'ignore_ament_install'
[1.305s] Level 1:colcon.colcon_core.package_identification:_identify(src/py_chester_pkg) by extensions ['colcon_pkg']
[1.305s] Level 1:colcon.colcon_core.package_identification:_identify(src/py_chester_pkg) by extension 'colcon_pkg'
[1.305s] Level 1:colcon.colcon_core.package_identification:_identify(src/py_chester_pkg) by extensions ['colcon_meta']
[1.306s] Level 1:colcon.colcon_core.package_identification:_identify(src/py_chester_pkg) by extension 'colcon_meta'
[1.306s] Level 1:colcon.colcon_core.package_identification:_identify(src/py_chester_pkg) by extensions ['ros']
[1.306s] Level 1:colcon.colcon_core.package_identification:_identify(src/py_chester_pkg) by extension 'ros'
[1.311s] DEBUG:colcon.colcon_core.package_identification:Package 'src/py_chester_pkg' with type 'ros.ament_python' and name 'py_chester_pkg'
[1.311s] Level 1:colcon.colcon_core.package_discovery:discover_packages(recursive) using defaults
[1.312s] Level 1:colcon.colcon_core.package_discovery:discover_packages(ignore) discover
[1.312s] Level 1:colcon.colcon_core.package_discovery:discover_packages(ignore) using defaults
[1.312s] Level 1:colcon.colcon_core.package_discovery:discover_packages(path) discover
[1.312s] Level 1:colcon.colcon_core.package_discovery:discover_packages(path) using defaults
[1.382s] INFO:colcon.colcon_core.package_selection:Skipping not selected package 'cpp_chester_pkg' in 'src/cpp_chester_pkg'
[1.383s] INFO:colcon.colcon_core.package_selection:Skipping not selected package 'py_chester_pkg' in 'src/py_chester_pkg'
[1.394s] Level 5:colcon.colcon_core.verb:set package 'my_robot_interfaces' build argument 'cmake_args' from command line to 'None'
[1.394s] Level 5:colcon.colcon_core.verb:set package 'my_robot_interfaces' build argument 'cmake_target' from command line to 'None'
[1.394s] Level 5:colcon.colcon_core.verb:set package 'my_robot_interfaces' build argument 'cmake_target_skip_unavailable' from command line to 'False'
[1.394s] Level 5:colcon.colcon_core.verb:set package 'my_robot_interfaces' build argument 'cmake_clean_cache' from command line to 'False'
[1.395s] Level 5:colcon.colcon_core.verb:set package 'my_robot_interfaces' build argument 'cmake_clean_first' from command line to 'False'
[1.395s] Level 5:colcon.colcon_core.verb:set package 'my_robot_interfaces' build argument 'cmake_force_configure' from command line to 'False'
[1.395s] Level 5:colcon.colcon_core.verb:set package 'my_robot_interfaces' build argument 'ament_cmake_args' from command line to 'None'
[1.395s] Level 5:colcon.colcon_core.verb:set package 'my_robot_interfaces' build argument 'catkin_cmake_args' from command line to 'None'
[1.395s] Level 5:colcon.colcon_core.verb:set package 'my_robot_interfaces' build argument 'catkin_skip_building_tests' from command line to 'False'
[1.395s] DEBUG:colcon.colcon_core.verb:Building package 'my_robot_interfaces' with the following arguments: {'ament_cmake_args': None, 'build_base': '/home/ubuntu/ros2_ws/build/my_robot_interfaces', 'catkin_cmake_args': None, 'catkin_skip_building_tests': False, 'cmake_args': None, 'cmake_clean_cache': False, 'cmake_clean_first': False, 'cmake_force_configure': False, 'cmake_target': None, 'cmake_target_skip_unavailable': False, 'install_base': '/home/ubuntu/ros2_ws/install/my_robot_interfaces', 'merge_install': False, 'path': '/home/ubuntu/ros2_ws/src/my_robot_interfaces', 'symlink_install': False, 'test_result_base': None}
[1.397s] INFO:colcon.colcon_core.executor:Executing jobs using 'parallel' executor
[1.406s] DEBUG:colcon.colcon_parallel_executor.executor.parallel:run_until_complete
[1.407s] INFO:colcon.colcon_ros.task.ament_cmake.build:Building ROS package in '/home/ubuntu/ros2_ws/src/my_robot_interfaces' with build type 'ament_cmake'
[1.408s] INFO:colcon.colcon_cmake.task.cmake.build:Building CMake package in '/home/ubuntu/ros2_ws/src/my_robot_interfaces'
[1.425s] INFO:colcon.colcon_core.plugin_system:Skipping extension 'colcon_core.shell.bat': Not used on non-Windows systems
[1.426s] INFO:colcon.colcon_core.shell:Skip shell extension 'powershell' for command environment: Not usable outside of PowerShell
[1.426s] DEBUG:colcon.colcon_core.shell:Skip shell extension 'dsv' for command environment
[1.438s] DEBUG:colcon.colcon_core.shell:Ignoring prefix path '/opt/ros/foxy'
[1.474s] DEBUG:colcon.colcon_core.event_handler.log_command:Invoking command in '/home/ubuntu/ros2_ws/build/my_robot_interfaces': CMAKE_PREFIX_PATH=${CMAKE_PREFIX_PATH}:/home/ubuntu/ros2_ws/install/py_chester_pkg:/opt/ros/foxy /usr/bin/cmake --build /home/ubuntu/ros2_ws/build/my_robot_interfaces -- -j4 -l4
[6.466s] DEBUG:colcon.colcon_core.event_handler.log_command:Invoked command in '/home/ubuntu/ros2_ws/build/my_robot_interfaces' returned '0': CMAKE_PREFIX_PATH=${CMAKE_PREFIX_PATH}:/home/ubuntu/ros2_ws/install/py_chester_pkg:/opt/ros/foxy /usr/bin/cmake --build /home/ubuntu/ros2_ws/build/my_robot_interfaces -- -j4 -l4
[6.820s] DEBUG:colcon.colcon_core.event_handler.log_command:Invoking command in '/home/ubuntu/ros2_ws/build/my_robot_interfaces': CMAKE_PREFIX_PATH=${CMAKE_PREFIX_PATH}:/home/ubuntu/ros2_ws/install/py_chester_pkg:/opt/ros/foxy /usr/bin/cmake --install /home/ubuntu/ros2_ws/build/my_robot_interfaces
[7.116s] Level 1:colcon.colcon_core.environment:create_environment_scripts_only(my_robot_interfaces)
[7.120s] DEBUG:colcon.colcon_core.event_handler.log_command:Invoked command in '/home/ubuntu/ros2_ws/build/my_robot_interfaces' returned '0': CMAKE_PREFIX_PATH=${CMAKE_PREFIX_PATH}:/home/ubuntu/ros2_ws/install/py_chester_pkg:/opt/ros/foxy /usr/bin/cmake --install /home/ubuntu/ros2_ws/build/my_robot_interfaces
[7.134s] Level 1:colcon.colcon_core.environment:checking '/home/ubuntu/ros2_ws/install/my_robot_interfaces' for CMake module files
[7.139s] Level 1:colcon.colcon_core.environment:checking '/home/ubuntu/ros2_ws/install/my_robot_interfaces' for CMake config files
[7.143s] Level 1:colcon.colcon_core.shell:create_environment_hook('my_robot_interfaces', 'cmake_prefix_path')
[7.146s] INFO:colcon.colcon_core.shell:Creating environment hook '/home/ubuntu/ros2_ws/install/my_robot_interfaces/share/my_robot_interfaces/hook/cmake_prefix_path.ps1'
[7.149s] INFO:colcon.colcon_core.shell:Creating environment descriptor '/home/ubuntu/ros2_ws/install/my_robot_interfaces/share/my_robot_interfaces/hook/cmake_prefix_path.dsv'
[7.152s] INFO:colcon.colcon_core.shell:Creating environment hook '/home/ubuntu/ros2_ws/install/my_robot_interfaces/share/my_robot_interfaces/hook/cmake_prefix_path.sh'
[7.157s] Level 1:colcon.colcon_core.environment:checking '/home/ubuntu/ros2_ws/install/my_robot_interfaces/lib'
[7.158s] Level 1:colcon.colcon_core.shell:create_environment_hook('my_robot_interfaces', 'ld_library_path_lib')
[7.161s] INFO:colcon.colcon_core.shell:Creating environment hook '/home/ubuntu/ros2_ws/install/my_robot_interfaces/share/my_robot_interfaces/hook/ld_library_path_lib.ps1'
[7.163s] INFO:colcon.colcon_core.shell:Creating environment descriptor '/home/ubuntu/ros2_ws/install/my_robot_interfaces/share/my_robot_interfaces/hook/ld_library_path_lib.dsv'
[7.165s] INFO:colcon.colcon_core.shell:Creating environment hook '/home/ubuntu/ros2_ws/install/my_robot_interfaces/share/my_robot_interfaces/hook/ld_library_path_lib.sh'
[7.168s] Level 1:colcon.colcon_core.environment:checking '/home/ubuntu/ros2_ws/install/my_robot_interfaces/bin'
[7.168s] Level 1:colcon.colcon_core.environment:checking '/home/ubuntu/ros2_ws/install/my_robot_interfaces/lib/pkgconfig/my_robot_interfaces.pc'
[7.169s] Level 1:colcon.colcon_core.environment:checking '/home/ubuntu/ros2_ws/install/my_robot_interfaces/lib/python3.8/site-packages'
[7.169s] Level 1:colcon.colcon_core.shell:create_environment_hook('my_robot_interfaces', 'pythonpath')
[7.172s] INFO:colcon.colcon_core.shell:Creating environment hook '/home/ubuntu/ros2_ws/install/my_robot_interfaces/share/my_robot_interfaces/hook/pythonpath.ps1'
[7.174s] INFO:colcon.colcon_core.shell:Creating environment descriptor '/home/ubuntu/ros2_ws/install/my_robot_interfaces/share/my_robot_interfaces/hook/pythonpath.dsv'
[7.176s] INFO:colcon.colcon_core.shell:Creating environment hook '/home/ubuntu/ros2_ws/install/my_robot_interfaces/share/my_robot_interfaces/hook/pythonpath.sh'
[7.182s] INFO:colcon.colcon_core.shell:Creating package script '/home/ubuntu/ros2_ws/install/my_robot_interfaces/share/my_robot_interfaces/package.ps1'
[7.186s] INFO:colcon.colcon_core.shell:Creating package descriptor '/home/ubuntu/ros2_ws/install/my_robot_interfaces/share/my_robot_interfaces/package.dsv'
[7.190s] INFO:colcon.colcon_core.shell:Creating package script '/home/ubuntu/ros2_ws/install/my_robot_interfaces/share/my_robot_interfaces/package.sh'
[7.194s] INFO:colcon.colcon_core.shell:Creating package script '/home/ubuntu/ros2_ws/install/my_robot_interfaces/share/my_robot_interfaces/package.bash'
[7.198s] INFO:colcon.colcon_core.shell:Creating package script '/home/ubuntu/ros2_ws/install/my_robot_interfaces/share/my_robot_interfaces/package.zsh'
[7.202s] Level 1:colcon.colcon_core.environment:create_file_with_runtime_dependencies(/home/ubuntu/ros2_ws/install/my_robot_interfaces/share/colcon-core/packages/my_robot_interfaces)
[7.511s] Level 1:colcon.colcon_core.environment:create_environment_scripts_only(my_robot_interfaces)
[7.515s] Level 1:colcon.colcon_core.environment:checking '/home/ubuntu/ros2_ws/install/my_robot_interfaces' for CMake module files
[7.520s] Level 1:colcon.colcon_core.environment:checking '/home/ubuntu/ros2_ws/install/my_robot_interfaces' for CMake config files
[7.523s] Level 1:colcon.colcon_core.shell:create_environment_hook('my_robot_interfaces', 'cmake_prefix_path')
[7.526s] INFO:colcon.colcon_core.shell:Creating environment hook '/home/ubuntu/ros2_ws/install/my_robot_interfaces/share/my_robot_interfaces/hook/cmake_prefix_path.ps1'
[7.528s] INFO:colcon.colcon_core.shell:Creating environment descriptor '/home/ubuntu/ros2_ws/install/my_robot_interfaces/share/my_robot_interfaces/hook/cmake_prefix_path.dsv'
[7.530s] INFO:colcon.colcon_core.shell:Creating environment hook '/home/ubuntu/ros2_ws/install/my_robot_interfaces/share/my_robot_interfaces/hook/cmake_prefix_path.sh'
[7.534s] Level 1:colcon.colcon_core.environment:checking '/home/ubuntu/ros2_ws/install/my_robot_interfaces/lib'
[7.534s] Level 1:colcon.colcon_core.shell:create_environment_hook('my_robot_interfaces', 'ld_library_path_lib')
[7.537s] INFO:colcon.colcon_core.shell:Creating environment hook '/home/ubuntu/ros2_ws/install/my_robot_interfaces/share/my_robot_interfaces/hook/ld_library_path_lib.ps1'
[7.539s] INFO:colcon.colcon_core.shell:Creating environment descriptor '/home/ubuntu/ros2_ws/install/my_robot_interfaces/share/my_robot_interfaces/hook/ld_library_path_lib.dsv'
[7.541s] INFO:colcon.colcon_core.shell:Creating environment hook '/home/ubuntu/ros2_ws/install/my_robot_interfaces/share/my_robot_interfaces/hook/ld_library_path_lib.sh'
[7.544s] Level 1:colcon.colcon_core.environment:checking '/home/ubuntu/ros2_ws/install/my_robot_interfaces/bin'
[7.544s] Level 1:colcon.colcon_core.environment:checking '/home/ubuntu/ros2_ws/install/my_robot_interfaces/lib/pkgconfig/my_robot_interfaces.pc'
[7.545s] Level 1:colcon.colcon_core.environment:checking '/home/ubuntu/ros2_ws/install/my_robot_interfaces/lib/python3.8/site-packages'
[7.545s] Level 1:colcon.colcon_core.shell:create_environment_hook('my_robot_interfaces', 'pythonpath')
[7.548s] INFO:colcon.colcon_core.shell:Creating environment hook '/home/ubuntu/ros2_ws/install/my_robot_interfaces/share/my_robot_interfaces/hook/pythonpath.ps1'
[7.552s] INFO:colcon.colcon_core.shell:Creating environment descriptor '/home/ubuntu/ros2_ws/install/my_robot_interfaces/share/my_robot_interfaces/hook/pythonpath.dsv'
[7.554s] INFO:colcon.colcon_core.shell:Creating environment hook '/home/ubuntu/ros2_ws/install/my_robot_interfaces/share/my_robot_interfaces/hook/pythonpath.sh'
[7.559s] INFO:colcon.colcon_core.shell:Creating package script '/home/ubuntu/ros2_ws/install/my_robot_interfaces/share/my_robot_interfaces/package.ps1'
[7.562s] INFO:colcon.colcon_core.shell:Creating package descriptor '/home/ubuntu/ros2_ws/install/my_robot_interfaces/share/my_robot_interfaces/package.dsv'
[7.565s] INFO:colcon.colcon_core.shell:Creating package script '/home/ubuntu/ros2_ws/install/my_robot_interfaces/share/my_robot_interfaces/package.sh'
[7.568s] INFO:colcon.colcon_core.shell:Creating package script '/home/ubuntu/ros2_ws/install/my_robot_interfaces/share/my_robot_interfaces/package.bash'
[7.570s] INFO:colcon.colcon_core.shell:Creating package script '/home/ubuntu/ros2_ws/install/my_robot_interfaces/share/my_robot_interfaces/package.zsh'
[7.573s] Level 1:colcon.colcon_core.environment:create_file_with_runtime_dependencies(/home/ubuntu/ros2_ws/install/my_robot_interfaces/share/colcon-core/packages/my_robot_interfaces)
[7.574s] DEBUG:colcon.colcon_parallel_executor.executor.parallel:closing loop
[7.576s] DEBUG:colcon.colcon_parallel_executor.executor.parallel:loop closed
[7.576s] DEBUG:colcon.colcon_parallel_executor.executor.parallel:run_until_complete finished with '0'
[7.577s] DEBUG:colcon.colcon_core.event_reactor:joining thread
[7.604s] INFO:colcon.colcon_core.plugin_system:Skipping extension 'colcon_notification.desktop_notification.notify_send': Could not find 'notify-send'
[7.604s] INFO:colcon.colcon_core.plugin_system:Skipping extension 'colcon_notification.desktop_notification.terminal_notifier': Not used on non-Darwin systems
[7.605s] INFO:colcon.colcon_core.plugin_system:Skipping extension 'colcon_notification.desktop_notification.win32': Not used on non-Windows systems
[7.605s] INFO:colcon.colcon_notification.desktop_notification:Sending desktop notification using 'notify2'
[7.608s] DEBUG:colcon.colcon_notification.desktop_notification.notify2:Failed to initialize notify2: org.freedesktop.DBus.Error.ServiceUnknown: The name org.freedesktop.Notifications was not provided by any .service files
[7.609s] DEBUG:colcon.colcon_core.event_reactor:joined thread
[7.612s] INFO:colcon.colcon_core.shell:Creating prefix script '/home/ubuntu/ros2_ws/install/local_setup.ps1'
[7.615s] INFO:colcon.colcon_core.shell:Creating prefix util module '/home/ubuntu/ros2_ws/install/_local_setup_util_ps1.py'
[7.621s] INFO:colcon.colcon_core.shell:Creating prefix chain script '/home/ubuntu/ros2_ws/install/setup.ps1'
[7.632s] INFO:colcon.colcon_core.shell:Creating prefix script '/home/ubuntu/ros2_ws/install/local_setup.sh'
[7.635s] INFO:colcon.colcon_core.shell:Creating prefix util module '/home/ubuntu/ros2_ws/install/_local_setup_util_sh.py'
[7.638s] INFO:colcon.colcon_core.shell:Creating prefix chain script '/home/ubuntu/ros2_ws/install/setup.sh'
[7.648s] INFO:colcon.colcon_core.shell:Creating prefix script '/home/ubuntu/ros2_ws/install/local_setup.bash'
[7.651s] INFO:colcon.colcon_core.shell:Creating prefix chain script '/home/ubuntu/ros2_ws/install/setup.bash'
[7.664s] INFO:colcon.colcon_core.shell:Creating prefix script '/home/ubuntu/ros2_ws/install/local_setup.zsh'
[7.667s] INFO:colcon.colcon_core.shell:Creating prefix chain script '/home/ubuntu/ros2_ws/install/setup.zsh'
