[0.108s] Invoking command in '/home/ubuntu/ros2_ws/build/chesster_interfaces': CMAKE_PREFIX_PATH=${CMAKE_PREFIX_PATH}:/home/ubuntu/ros2_ws/install/py_chester_pkg:/opt/ros/foxy /usr/bin/cmake /home/ubuntu/ros2_ws/src/chesster_interfaces -DCMAKE_INSTALL_PREFIX=/home/ubuntu/ros2_ws/install/chesster_interfaces
[0.434s] -- The C compiler identification is GNU 9.3.0
[0.789s] -- The CXX compiler identification is GNU 9.3.0
[0.835s] -- Check for working C compiler: /usr/bin/cc
[1.245s] -- Check for working C compiler: /usr/bin/cc -- works
[1.253s] -- Detecting C compiler ABI info
[1.607s] -- Detecting C compiler ABI info - done
[1.651s] -- Detecting C compile features
[1.653s] -- Detecting C compile features - done
[1.665s] -- Check for working CXX compiler: /usr/bin/c++
[2.056s] -- Check for working CXX compiler: /usr/bin/c++ -- works
[2.061s] -- Detecting CXX compiler ABI info
[2.448s] -- Detecting CXX compiler ABI info - done
[2.494s] -- Detecting CXX compile features
[2.496s] -- Detecting CXX compile features - done
[2.517s] -- Found ament_cmake: 0.9.9 (/opt/ros/foxy/share/ament_cmake/cmake)
[2.686s] -- Found PythonInterp: /usr/bin/python3 (found suitable version "3.8.10", minimum required is "3") 
[2.687s] -- Using PYTHON_EXECUTABLE: /usr/bin/python3
[3.714s] -- Found ament_lint_auto: 0.9.6 (/opt/ros/foxy/share/ament_lint_auto/cmake)
[4.185s] -- Found rosidl_default_generators: 1.0.1 (/opt/ros/foxy/share/rosidl_default_generators/cmake)
[4.210s] -- Using all available rosidl_typesupport_c: rosidl_typesupport_fastrtps_c;rosidl_typesupport_introspection_c
[4.264s] -- Found rosidl_adapter: 1.2.1 (/opt/ros/foxy/share/rosidl_adapter/cmake)
[4.737s] -- Found OpenSSL: /usr/lib/aarch64-linux-gnu/libcrypto.so (found version "1.1.1f")  
[4.869s] -- Found FastRTPS: /opt/ros/foxy/include  
[5.307s] -- Using all available rosidl_typesupport_cpp: rosidl_typesupport_fastrtps_cpp;rosidl_typesupport_introspection_cpp
[5.632s] -- Found PythonInterp: /usr/bin/python3 (found version "3.8.10") 
[6.323s] -- Found ament_cmake_ros: 0.9.2 (/opt/ros/foxy/share/ament_cmake_ros/cmake)
[7.015s] -- Using all available rosidl_typesupport_c: rosidl_typesupport_fastrtps_c;rosidl_typesupport_introspection_c
[7.136s] -- Using all available rosidl_typesupport_cpp: rosidl_typesupport_fastrtps_cpp;rosidl_typesupport_introspection_cpp
[7.304s] -- Found PythonInterp: /usr/bin/python3 (found suitable version "3.8.10", minimum required is "3.5") 
[7.318s] -- Found python_cmake_module: 0.8.1 (/opt/ros/foxy/share/python_cmake_module/cmake)
[7.476s] -- Found PythonLibs: /usr/lib/aarch64-linux-gnu/libpython3.8.so (found suitable version "3.8.10", minimum required is "3.5") 
[7.479s] -- Using PYTHON_EXECUTABLE: /usr/bin/python3
[7.480s] -- Using PYTHON_INCLUDE_DIRS: /usr/include/python3.8
[7.481s] -- Using PYTHON_LIBRARIES: /usr/lib/aarch64-linux-gnu/libpython3.8.so
[7.618s] -- Found PythonExtra: .so  
[7.907s] -- Added test 'copyright' to check source files copyright and LICENSE
[7.924s] -- Added test 'lint_cmake' to check CMake code style
[7.934s] -- Added test 'xmllint' to check XML markup files
[7.997s] -- Configuring done
[8.298s] -- Generating done
[8.317s] -- Build files have been written to: /home/ubuntu/ros2_ws/build/chesster_interfaces
[8.368s] Invoked command in '/home/ubuntu/ros2_ws/build/chesster_interfaces' returned '0': CMAKE_PREFIX_PATH=${CMAKE_PREFIX_PATH}:/home/ubuntu/ros2_ws/install/py_chester_pkg:/opt/ros/foxy /usr/bin/cmake /home/ubuntu/ros2_ws/src/chesster_interfaces -DCMAKE_INSTALL_PREFIX=/home/ubuntu/ros2_ws/install/chesster_interfaces
[8.373s] Invoking command in '/home/ubuntu/ros2_ws/build/chesster_interfaces': CMAKE_PREFIX_PATH=${CMAKE_PREFIX_PATH}:/home/ubuntu/ros2_ws/install/py_chester_pkg:/opt/ros/foxy /usr/bin/cmake --build /home/ubuntu/ros2_ws/build/chesster_interfaces -- -j4 -l4
[8.625s] [35m[1mScanning dependencies of target chesster_interfaces__cpp[0m
[8.631s] [  3%] [34m[1mGenerating C code for ROS interfaces[0m
[8.694s] [  6%] [34m[1mGenerating C++ code for ROS interfaces[0m
[10.489s] [35m[1mScanning dependencies of target chesster_interfaces__rosidl_generator_c[0m
[10.562s] [  9%] [32mBuilding C object CMakeFiles/chesster_interfaces__rosidl_generator_c.dir/rosidl_generator_c/chesster_interfaces/action/detail/move_chesster_arm__functions.c.o[0m
[10.638s] [  9%] Built target chesster_interfaces__cpp
[10.686s] [ 12%] [34m[1mGenerating C++ introspection for ROS interfaces[0m
[10.698s] [ 16%] [34m[1mGenerating C++ type support for eProsima Fast-RTPS[0m
[10.705s] [ 19%] [34m[1mGenerating C++ type support dispatch for ROS interfaces[0m
[11.119s] [ 22%] [32m[1mLinking C shared library libchesster_interfaces__rosidl_generator_c.so[0m
[11.405s] [ 22%] Built target chesster_interfaces__rosidl_generator_c
[11.478s] [ 25%] [34m[1mGenerating C introspection for ROS interfaces[0m
[12.336s] [35m[1mScanning dependencies of target chesster_interfaces__rosidl_typesupport_cpp[0m
[12.489s] [ 29%] [32mBuilding CXX object CMakeFiles/chesster_interfaces__rosidl_typesupport_cpp.dir/rosidl_typesupport_cpp/chesster_interfaces/action/move_chesster_arm__type_support.cpp.o[0m
[12.549s] [35m[1mScanning dependencies of target chesster_interfaces__rosidl_typesupport_introspection_cpp[0m
[12.781s] [ 32%] [32mBuilding CXX object CMakeFiles/chesster_interfaces__rosidl_typesupport_introspection_cpp.dir/rosidl_typesupport_introspection_cpp/chesster_interfaces/action/detail/move_chesster_arm__type_support.cpp.o[0m
[12.934s] [35m[1mScanning dependencies of target chesster_interfaces__rosidl_typesupport_fastrtps_cpp[0m
[13.142s] [ 35%] [32mBuilding CXX object CMakeFiles/chesster_interfaces__rosidl_typesupport_fastrtps_cpp.dir/rosidl_typesupport_fastrtps_cpp/chesster_interfaces/action/detail/dds_fastrtps/move_chesster_arm__type_support.cpp.o[0m
[13.698s] [35m[1mScanning dependencies of target chesster_interfaces__rosidl_typesupport_introspection_c[0m
[13.917s] [ 38%] [32mBuilding C object CMakeFiles/chesster_interfaces__rosidl_typesupport_introspection_c.dir/rosidl_typesupport_introspection_c/chesster_interfaces/action/detail/move_chesster_arm__type_support.c.o[0m
[14.380s] [ 41%] [32m[1mLinking C shared library libchesster_interfaces__rosidl_typesupport_introspection_c.so[0m
[14.800s] [ 41%] Built target chesster_interfaces__rosidl_typesupport_introspection_c
[14.905s] [ 45%] [34m[1mGenerating C type support dispatch for ROS interfaces[0m
[14.910s] [ 48%] [32m[1mLinking CXX shared library libchesster_interfaces__rosidl_typesupport_cpp.so[0m
[15.408s] [ 48%] Built target chesster_interfaces__rosidl_typesupport_cpp
[15.848s] [ 51%] [32m[1mLinking CXX shared library libchesster_interfaces__rosidl_typesupport_introspection_cpp.so[0m
[16.178s] [ 51%] Built target chesster_interfaces__rosidl_typesupport_introspection_cpp
[16.650s] [35m[1mScanning dependencies of target chesster_interfaces__rosidl_typesupport_c[0m
[16.715s] [ 54%] [32mBuilding CXX object CMakeFiles/chesster_interfaces__rosidl_typesupport_c.dir/rosidl_typesupport_c/chesster_interfaces/action/move_chesster_arm__type_support.cpp.o[0m
[16.849s] [ 58%] [32m[1mLinking CXX shared library libchesster_interfaces__rosidl_typesupport_fastrtps_cpp.so[0m
[16.974s] [ 61%] [32m[1mLinking CXX shared library libchesster_interfaces__rosidl_typesupport_c.so[0m
[17.173s] [ 61%] Built target chesster_interfaces__rosidl_typesupport_c
[17.225s] [ 61%] Built target chesster_interfaces__rosidl_typesupport_fastrtps_cpp
[17.272s] [ 64%] [34m[1mGenerating C type support for eProsima Fast-RTPS[0m
[18.892s] [35m[1mScanning dependencies of target chesster_interfaces__rosidl_typesupport_fastrtps_c[0m
[18.988s] [ 67%] [32mBuilding CXX object CMakeFiles/chesster_interfaces__rosidl_typesupport_fastrtps_c.dir/rosidl_typesupport_fastrtps_c/chesster_interfaces/action/detail/move_chesster_arm__type_support_c.cpp.o[0m
[20.807s] [ 70%] [32m[1mLinking CXX shared library libchesster_interfaces__rosidl_typesupport_fastrtps_c.so[0m
[21.193s] [ 70%] Built target chesster_interfaces__rosidl_typesupport_fastrtps_c
[21.238s] [35m[1mScanning dependencies of target chesster_interfaces[0m
[21.285s] [ 70%] Built target chesster_interfaces
[21.329s] [35m[1mScanning dependencies of target chesster_interfaces__py[0m
[21.376s] [ 74%] [34m[1mGenerating Python code for ROS interfaces[0m
[25.168s] [ 74%] Built target chesster_interfaces__py
[25.212s] [35m[1mScanning dependencies of target chesster_interfaces__python[0m
[25.300s] [ 77%] [32mBuilding C object CMakeFiles/chesster_interfaces__python.dir/rosidl_generator_py/chesster_interfaces/action/_move_chesster_arm_s.c.o[0m
[25.956s] [ 80%] [32m[1mLinking C shared library rosidl_generator_py/chesster_interfaces/libchesster_interfaces__python.so[0m
[26.161s] [ 80%] Built target chesster_interfaces__python
[26.207s] [35m[1mScanning dependencies of target chesster_interfaces__rosidl_typesupport_c__pyext[0m
[26.212s] [35m[1mScanning dependencies of target chesster_interfaces__rosidl_typesupport_introspection_c__pyext[0m
[26.213s] [35m[1mScanning dependencies of target chesster_interfaces__rosidl_typesupport_fastrtps_c__pyext[0m
[26.316s] [ 83%] [32mBuilding C object CMakeFiles/chesster_interfaces__rosidl_typesupport_c__pyext.dir/rosidl_generator_py/chesster_interfaces/_chesster_interfaces_s.ep.rosidl_typesupport_c.c.o[0m
[26.329s] [ 87%] [32mBuilding C object CMakeFiles/chesster_interfaces__rosidl_typesupport_introspection_c__pyext.dir/rosidl_generator_py/chesster_interfaces/_chesster_interfaces_s.ep.rosidl_typesupport_introspection_c.c.o[0m
[26.339s] [ 90%] [32mBuilding C object CMakeFiles/chesster_interfaces__rosidl_typesupport_fastrtps_c__pyext.dir/rosidl_generator_py/chesster_interfaces/_chesster_interfaces_s.ep.rosidl_typesupport_fastrtps_c.c.o[0m
[26.844s] [ 93%] [32m[1mLinking C shared library rosidl_generator_py/chesster_interfaces/chesster_interfaces_s__rosidl_typesupport_c.cpython-38-aarch64-linux-gnu.so[0m
[26.868s] [ 96%] [32m[1mLinking C shared library rosidl_generator_py/chesster_interfaces/chesster_interfaces_s__rosidl_typesupport_introspection_c.cpython-38-aarch64-linux-gnu.so[0m
[26.930s] [100%] [32m[1mLinking CXX shared library rosidl_generator_py/chesster_interfaces/chesster_interfaces_s__rosidl_typesupport_fastrtps_c.cpython-38-aarch64-linux-gnu.so[0m
[27.138s] [100%] Built target chesster_interfaces__rosidl_typesupport_c__pyext
[27.164s] [100%] Built target chesster_interfaces__rosidl_typesupport_introspection_c__pyext
[27.325s] [100%] Built target chesster_interfaces__rosidl_typesupport_fastrtps_c__pyext
[27.371s] Invoked command in '/home/ubuntu/ros2_ws/build/chesster_interfaces' returned '0': CMAKE_PREFIX_PATH=${CMAKE_PREFIX_PATH}:/home/ubuntu/ros2_ws/install/py_chester_pkg:/opt/ros/foxy /usr/bin/cmake --build /home/ubuntu/ros2_ws/build/chesster_interfaces -- -j4 -l4
[27.687s] Invoking command in '/home/ubuntu/ros2_ws/build/chesster_interfaces': CMAKE_PREFIX_PATH=${CMAKE_PREFIX_PATH}:/home/ubuntu/ros2_ws/install/py_chester_pkg:/opt/ros/foxy /usr/bin/cmake --install /home/ubuntu/ros2_ws/build/chesster_interfaces
[27.723s] -- Install configuration: ""
[27.724s] -- Installing: /home/ubuntu/ros2_ws/install/chesster_interfaces/share/ament_index/resource_index/rosidl_interfaces/chesster_interfaces
[27.725s] -- Installing: /home/ubuntu/ros2_ws/install/chesster_interfaces/include/chesster_interfaces
[27.726s] -- Installing: /home/ubuntu/ros2_ws/install/chesster_interfaces/include/chesster_interfaces/action
[27.727s] -- Installing: /home/ubuntu/ros2_ws/install/chesster_interfaces/include/chesster_interfaces/action/detail
[27.728s] -- Installing: /home/ubuntu/ros2_ws/install/chesster_interfaces/include/chesster_interfaces/action/detail/move_chesster_arm__functions.h
[27.729s] -- Installing: /home/ubuntu/ros2_ws/install/chesster_interfaces/include/chesster_interfaces/action/detail/move_chesster_arm__struct.h
[27.730s] -- Installing: /home/ubuntu/ros2_ws/install/chesster_interfaces/include/chesster_interfaces/action/detail/move_chesster_arm__type_support.h
[27.731s] -- Installing: /home/ubuntu/ros2_ws/install/chesster_interfaces/include/chesster_interfaces/action/detail/move_chesster_arm__functions.c
[27.733s] -- Installing: /home/ubuntu/ros2_ws/install/chesster_interfaces/include/chesster_interfaces/action/move_chesster_arm.h
[27.734s] -- Installing: /home/ubuntu/ros2_ws/install/chesster_interfaces/include/chesster_interfaces/msg
[27.735s] -- Installing: /home/ubuntu/ros2_ws/install/chesster_interfaces/include/chesster_interfaces/msg/rosidl_generator_c__visibility_control.h
[27.736s] -- Installing: /home/ubuntu/ros2_ws/install/chesster_interfaces/share/chesster_interfaces/environment/library_path.sh
[27.738s] -- Installing: /home/ubuntu/ros2_ws/install/chesster_interfaces/share/chesster_interfaces/environment/library_path.dsv
[27.739s] -- Installing: /home/ubuntu/ros2_ws/install/chesster_interfaces/lib/libchesster_interfaces__rosidl_generator_c.so
[27.744s] -- Set runtime path of "/home/ubuntu/ros2_ws/install/chesster_interfaces/lib/libchesster_interfaces__rosidl_generator_c.so" to ""
[27.744s] -- Up-to-date: /home/ubuntu/ros2_ws/install/chesster_interfaces/include/chesster_interfaces
[27.745s] -- Up-to-date: /home/ubuntu/ros2_ws/install/chesster_interfaces/include/chesster_interfaces/action
[27.747s] -- Up-to-date: /home/ubuntu/ros2_ws/install/chesster_interfaces/include/chesster_interfaces/action/detail
[27.748s] -- Installing: /home/ubuntu/ros2_ws/install/chesster_interfaces/include/chesster_interfaces/action/detail/move_chesster_arm__rosidl_typesupport_fastrtps_c.h
[27.749s] -- Up-to-date: /home/ubuntu/ros2_ws/install/chesster_interfaces/include/chesster_interfaces/msg
[27.749s] -- Installing: /home/ubuntu/ros2_ws/install/chesster_interfaces/include/chesster_interfaces/msg/rosidl_typesupport_fastrtps_c__visibility_control.h
[27.750s] -- Installing: /home/ubuntu/ros2_ws/install/chesster_interfaces/lib/libchesster_interfaces__rosidl_typesupport_fastrtps_c.so
[27.751s] -- Set runtime path of "/home/ubuntu/ros2_ws/install/chesster_interfaces/lib/libchesster_interfaces__rosidl_typesupport_fastrtps_c.so" to ""
[27.752s] -- Up-to-date: /home/ubuntu/ros2_ws/install/chesster_interfaces/include/chesster_interfaces
[27.753s] -- Up-to-date: /home/ubuntu/ros2_ws/install/chesster_interfaces/include/chesster_interfaces/action
[27.753s] -- Up-to-date: /home/ubuntu/ros2_ws/install/chesster_interfaces/include/chesster_interfaces/action/detail
[27.754s] -- Installing: /home/ubuntu/ros2_ws/install/chesster_interfaces/include/chesster_interfaces/action/detail/dds_fastrtps
[27.755s] -- Installing: /home/ubuntu/ros2_ws/install/chesster_interfaces/include/chesster_interfaces/action/detail/move_chesster_arm__rosidl_typesupport_fastrtps_cpp.hpp
[27.756s] -- Up-to-date: /home/ubuntu/ros2_ws/install/chesster_interfaces/include/chesster_interfaces/msg
[27.756s] -- Installing: /home/ubuntu/ros2_ws/install/chesster_interfaces/include/chesster_interfaces/msg/rosidl_typesupport_fastrtps_cpp__visibility_control.h
[27.757s] -- Installing: /home/ubuntu/ros2_ws/install/chesster_interfaces/lib/libchesster_interfaces__rosidl_typesupport_fastrtps_cpp.so
[27.761s] -- Set runtime path of "/home/ubuntu/ros2_ws/install/chesster_interfaces/lib/libchesster_interfaces__rosidl_typesupport_fastrtps_cpp.so" to ""
[27.762s] -- Up-to-date: /home/ubuntu/ros2_ws/install/chesster_interfaces/include/chesster_interfaces
[27.762s] -- Up-to-date: /home/ubuntu/ros2_ws/install/chesster_interfaces/include/chesster_interfaces/action
[27.763s] -- Up-to-date: /home/ubuntu/ros2_ws/install/chesster_interfaces/include/chesster_interfaces/action/detail
[27.764s] -- Installing: /home/ubuntu/ros2_ws/install/chesster_interfaces/include/chesster_interfaces/action/detail/move_chesster_arm__rosidl_typesupport_introspection_c.h
[27.765s] -- Installing: /home/ubuntu/ros2_ws/install/chesster_interfaces/include/chesster_interfaces/action/detail/move_chesster_arm__type_support.c
[27.765s] -- Up-to-date: /home/ubuntu/ros2_ws/install/chesster_interfaces/include/chesster_interfaces/msg
[27.766s] -- Installing: /home/ubuntu/ros2_ws/install/chesster_interfaces/include/chesster_interfaces/msg/rosidl_typesupport_introspection_c__visibility_control.h
[27.767s] -- Installing: /home/ubuntu/ros2_ws/install/chesster_interfaces/lib/libchesster_interfaces__rosidl_typesupport_introspection_c.so
[27.770s] -- Set runtime path of "/home/ubuntu/ros2_ws/install/chesster_interfaces/lib/libchesster_interfaces__rosidl_typesupport_introspection_c.so" to ""
[27.771s] -- Installing: /home/ubuntu/ros2_ws/install/chesster_interfaces/lib/libchesster_interfaces__rosidl_typesupport_c.so
[27.773s] -- Set runtime path of "/home/ubuntu/ros2_ws/install/chesster_interfaces/lib/libchesster_interfaces__rosidl_typesupport_c.so" to ""
[27.774s] -- Up-to-date: /home/ubuntu/ros2_ws/install/chesster_interfaces/include/chesster_interfaces
[27.775s] -- Up-to-date: /home/ubuntu/ros2_ws/install/chesster_interfaces/include/chesster_interfaces/action
[27.776s] -- Up-to-date: /home/ubuntu/ros2_ws/install/chesster_interfaces/include/chesster_interfaces/action/detail
[27.776s] -- Installing: /home/ubuntu/ros2_ws/install/chesster_interfaces/include/chesster_interfaces/action/detail/move_chesster_arm__struct.hpp
[27.777s] -- Installing: /home/ubuntu/ros2_ws/install/chesster_interfaces/include/chesster_interfaces/action/detail/move_chesster_arm__traits.hpp
[27.778s] -- Installing: /home/ubuntu/ros2_ws/install/chesster_interfaces/include/chesster_interfaces/action/detail/move_chesster_arm__builder.hpp
[27.779s] -- Installing: /home/ubuntu/ros2_ws/install/chesster_interfaces/include/chesster_interfaces/action/move_chesster_arm.hpp
[27.781s] -- Up-to-date: /home/ubuntu/ros2_ws/install/chesster_interfaces/include/chesster_interfaces
[27.782s] -- Up-to-date: /home/ubuntu/ros2_ws/install/chesster_interfaces/include/chesster_interfaces/action
[27.783s] -- Up-to-date: /home/ubuntu/ros2_ws/install/chesster_interfaces/include/chesster_interfaces/action/detail
[27.784s] -- Installing: /home/ubuntu/ros2_ws/install/chesster_interfaces/include/chesster_interfaces/action/detail/move_chesster_arm__rosidl_typesupport_introspection_cpp.hpp
[27.784s] -- Installing: /home/ubuntu/ros2_ws/install/chesster_interfaces/include/chesster_interfaces/action/detail/move_chesster_arm__type_support.cpp
[27.786s] -- Installing: /home/ubuntu/ros2_ws/install/chesster_interfaces/lib/libchesster_interfaces__rosidl_typesupport_introspection_cpp.so
[27.789s] -- Set runtime path of "/home/ubuntu/ros2_ws/install/chesster_interfaces/lib/libchesster_interfaces__rosidl_typesupport_introspection_cpp.so" to ""
[27.790s] -- Installing: /home/ubuntu/ros2_ws/install/chesster_interfaces/lib/libchesster_interfaces__rosidl_typesupport_cpp.so
[27.792s] -- Set runtime path of "/home/ubuntu/ros2_ws/install/chesster_interfaces/lib/libchesster_interfaces__rosidl_typesupport_cpp.so" to ""
[27.793s] -- Installing: /home/ubuntu/ros2_ws/install/chesster_interfaces/share/chesster_interfaces/environment/pythonpath.sh
[27.794s] -- Installing: /home/ubuntu/ros2_ws/install/chesster_interfaces/share/chesster_interfaces/environment/pythonpath.dsv
[27.796s] -- Installing: /home/ubuntu/ros2_ws/install/chesster_interfaces/lib/python3.8/site-packages/chesster_interfaces/__init__.py
[27.942s] Compiling '/home/ubuntu/ros2_ws/install/chesster_interfaces/lib/python3.8/site-packages/chesster_interfaces/__init__.py'...
[27.966s] -- Installing: /home/ubuntu/ros2_ws/install/chesster_interfaces/lib/python3.8/site-packages/chesster_interfaces/action
[27.967s] -- Installing: /home/ubuntu/ros2_ws/install/chesster_interfaces/lib/python3.8/site-packages/chesster_interfaces/action/_move_chesster_arm_s.c
[27.968s] -- Installing: /home/ubuntu/ros2_ws/install/chesster_interfaces/lib/python3.8/site-packages/chesster_interfaces/action/_move_chesster_arm.py
[27.970s] -- Installing: /home/ubuntu/ros2_ws/install/chesster_interfaces/lib/python3.8/site-packages/chesster_interfaces/action/__init__.py
[27.972s] -- Installing: /home/ubuntu/ros2_ws/install/chesster_interfaces/lib/python3.8/site-packages/chesster_interfaces/chesster_interfaces_s__rosidl_typesupport_fastrtps_c.cpython-38-aarch64-linux-gnu.so
[27.976s] -- Set runtime path of "/home/ubuntu/ros2_ws/install/chesster_interfaces/lib/python3.8/site-packages/chesster_interfaces/chesster_interfaces_s__rosidl_typesupport_fastrtps_c.cpython-38-aarch64-linux-gnu.so" to ""
[27.977s] -- Installing: /home/ubuntu/ros2_ws/install/chesster_interfaces/lib/python3.8/site-packages/chesster_interfaces/chesster_interfaces_s__rosidl_typesupport_introspection_c.cpython-38-aarch64-linux-gnu.so
[27.981s] -- Set runtime path of "/home/ubuntu/ros2_ws/install/chesster_interfaces/lib/python3.8/site-packages/chesster_interfaces/chesster_interfaces_s__rosidl_typesupport_introspection_c.cpython-38-aarch64-linux-gnu.so" to ""
[27.982s] -- Installing: /home/ubuntu/ros2_ws/install/chesster_interfaces/lib/python3.8/site-packages/chesster_interfaces/chesster_interfaces_s__rosidl_typesupport_c.cpython-38-aarch64-linux-gnu.so
[27.986s] -- Set runtime path of "/home/ubuntu/ros2_ws/install/chesster_interfaces/lib/python3.8/site-packages/chesster_interfaces/chesster_interfaces_s__rosidl_typesupport_c.cpython-38-aarch64-linux-gnu.so" to ""
[27.987s] -- Installing: /home/ubuntu/ros2_ws/install/chesster_interfaces/lib/libchesster_interfaces__python.so
[27.990s] -- Set runtime path of "/home/ubuntu/ros2_ws/install/chesster_interfaces/lib/libchesster_interfaces__python.so" to ""
[27.991s] -- Installing: /home/ubuntu/ros2_ws/install/chesster_interfaces/share/chesster_interfaces/action/MoveChessterArm.idl
[27.992s] -- Installing: /home/ubuntu/ros2_ws/install/chesster_interfaces/share/chesster_interfaces/action/MoveChessterArm.action
[27.994s] -- Installing: /home/ubuntu/ros2_ws/install/chesster_interfaces/share/ament_index/resource_index/package_run_dependencies/chesster_interfaces
[27.996s] -- Installing: /home/ubuntu/ros2_ws/install/chesster_interfaces/share/ament_index/resource_index/parent_prefix_path/chesster_interfaces
[27.997s] -- Installing: /home/ubuntu/ros2_ws/install/chesster_interfaces/share/chesster_interfaces/environment/ament_prefix_path.sh
[27.999s] -- Installing: /home/ubuntu/ros2_ws/install/chesster_interfaces/share/chesster_interfaces/environment/ament_prefix_path.dsv
[28.000s] -- Installing: /home/ubuntu/ros2_ws/install/chesster_interfaces/share/chesster_interfaces/environment/path.sh
[28.002s] -- Installing: /home/ubuntu/ros2_ws/install/chesster_interfaces/share/chesster_interfaces/environment/path.dsv
[28.003s] -- Installing: /home/ubuntu/ros2_ws/install/chesster_interfaces/share/chesster_interfaces/local_setup.bash
[28.006s] -- Installing: /home/ubuntu/ros2_ws/install/chesster_interfaces/share/chesster_interfaces/local_setup.sh
[28.006s] -- Installing: /home/ubuntu/ros2_ws/install/chesster_interfaces/share/chesster_interfaces/local_setup.zsh
[28.008s] -- Installing: /home/ubuntu/ros2_ws/install/chesster_interfaces/share/chesster_interfaces/local_setup.dsv
[28.009s] -- Installing: /home/ubuntu/ros2_ws/install/chesster_interfaces/share/chesster_interfaces/package.dsv
[28.010s] -- Installing: /home/ubuntu/ros2_ws/install/chesster_interfaces/share/ament_index/resource_index/packages/chesster_interfaces
[28.013s] -- Installing: /home/ubuntu/ros2_ws/install/chesster_interfaces/share/chesster_interfaces/cmake/chesster_interfaces__rosidl_generator_cExport.cmake
[28.014s] -- Installing: /home/ubuntu/ros2_ws/install/chesster_interfaces/share/chesster_interfaces/cmake/chesster_interfaces__rosidl_generator_cExport-noconfig.cmake
[28.016s] -- Installing: /home/ubuntu/ros2_ws/install/chesster_interfaces/share/chesster_interfaces/cmake/chesster_interfaces__rosidl_typesupport_introspection_cExport.cmake
[28.018s] -- Installing: /home/ubuntu/ros2_ws/install/chesster_interfaces/share/chesster_interfaces/cmake/chesster_interfaces__rosidl_typesupport_introspection_cExport-noconfig.cmake
[28.019s] -- Installing: /home/ubuntu/ros2_ws/install/chesster_interfaces/share/chesster_interfaces/cmake/chesster_interfaces__rosidl_typesupport_cExport.cmake
[28.021s] -- Installing: /home/ubuntu/ros2_ws/install/chesster_interfaces/share/chesster_interfaces/cmake/chesster_interfaces__rosidl_typesupport_cExport-noconfig.cmake
[28.023s] -- Installing: /home/ubuntu/ros2_ws/install/chesster_interfaces/share/chesster_interfaces/cmake/chesster_interfaces__rosidl_generator_cppExport.cmake
[28.025s] -- Installing: /home/ubuntu/ros2_ws/install/chesster_interfaces/share/chesster_interfaces/cmake/chesster_interfaces__rosidl_typesupport_introspection_cppExport.cmake
[28.026s] -- Installing: /home/ubuntu/ros2_ws/install/chesster_interfaces/share/chesster_interfaces/cmake/chesster_interfaces__rosidl_typesupport_introspection_cppExport-noconfig.cmake
[28.028s] -- Installing: /home/ubuntu/ros2_ws/install/chesster_interfaces/share/chesster_interfaces/cmake/chesster_interfaces__rosidl_typesupport_cppExport.cmake
[28.030s] -- Installing: /home/ubuntu/ros2_ws/install/chesster_interfaces/share/chesster_interfaces/cmake/chesster_interfaces__rosidl_typesupport_cppExport-noconfig.cmake
[28.031s] -- Installing: /home/ubuntu/ros2_ws/install/chesster_interfaces/share/chesster_interfaces/cmake/rosidl_cmake-extras.cmake
[28.033s] -- Installing: /home/ubuntu/ros2_ws/install/chesster_interfaces/share/chesster_interfaces/cmake/ament_cmake_export_dependencies-extras.cmake
[28.034s] -- Installing: /home/ubuntu/ros2_ws/install/chesster_interfaces/share/chesster_interfaces/cmake/ament_cmake_export_libraries-extras.cmake
[28.037s] -- Installing: /home/ubuntu/ros2_ws/install/chesster_interfaces/share/chesster_interfaces/cmake/ament_cmake_export_targets-extras.cmake
[28.038s] -- Installing: /home/ubuntu/ros2_ws/install/chesster_interfaces/share/chesster_interfaces/cmake/ament_cmake_export_include_directories-extras.cmake
[28.039s] -- Installing: /home/ubuntu/ros2_ws/install/chesster_interfaces/share/chesster_interfaces/cmake/rosidl_cmake_export_typesupport_libraries-extras.cmake
[28.041s] -- Installing: /home/ubuntu/ros2_ws/install/chesster_interfaces/share/chesster_interfaces/cmake/rosidl_cmake_export_typesupport_targets-extras.cmake
[28.042s] -- Installing: /home/ubuntu/ros2_ws/install/chesster_interfaces/share/chesster_interfaces/cmake/chesster_interfacesConfig.cmake
[28.043s] -- Installing: /home/ubuntu/ros2_ws/install/chesster_interfaces/share/chesster_interfaces/cmake/chesster_interfacesConfig-version.cmake
[28.045s] -- Installing: /home/ubuntu/ros2_ws/install/chesster_interfaces/share/chesster_interfaces/package.xml
[28.058s] Invoked command in '/home/ubuntu/ros2_ws/build/chesster_interfaces' returned '0': CMAKE_PREFIX_PATH=${CMAKE_PREFIX_PATH}:/home/ubuntu/ros2_ws/install/py_chester_pkg:/opt/ros/foxy /usr/bin/cmake --install /home/ubuntu/ros2_ws/build/chesster_interfaces
