[0.085s] Invoking command in '/home/ubuntu/ros2_ws/build/cpp_chester_pkg': CMAKE_PREFIX_PATH=${CMAKE_PREFIX_PATH}:/home/ubuntu/ros2_ws/install/py_chester_pkg:/opt/ros/foxy /usr/bin/cmake --build /home/ubuntu/ros2_ws/build/cpp_chester_pkg -- -j4 -l4
[0.264s] Invoked command in '/home/ubuntu/ros2_ws/build/cpp_chester_pkg' returned '0': CMAKE_PREFIX_PATH=${CMAKE_PREFIX_PATH}:/home/ubuntu/ros2_ws/install/py_chester_pkg:/opt/ros/foxy /usr/bin/cmake --build /home/ubuntu/ros2_ws/build/cpp_chester_pkg -- -j4 -l4
[0.397s] Invoking command in '/home/ubuntu/ros2_ws/build/cpp_chester_pkg': CMAKE_PREFIX_PATH=${CMAKE_PREFIX_PATH}:/home/ubuntu/ros2_ws/install/py_chester_pkg:/opt/ros/foxy /usr/bin/cmake --install /home/ubuntu/ros2_ws/build/cpp_chester_pkg
[0.458s] -- Install configuration: ""
[0.460s] -- Up-to-date: /home/ubuntu/ros2_ws/install/cpp_chester_pkg/share/ament_index/resource_index/package_run_dependencies/cpp_chester_pkg
[0.463s] -- Up-to-date: /home/ubuntu/ros2_ws/install/cpp_chester_pkg/share/ament_index/resource_index/parent_prefix_path/cpp_chester_pkg
[0.464s] -- Up-to-date: /home/ubuntu/ros2_ws/install/cpp_chester_pkg/share/cpp_chester_pkg/environment/ament_prefix_path.sh
[0.465s] -- Up-to-date: /home/ubuntu/ros2_ws/install/cpp_chester_pkg/share/cpp_chester_pkg/environment/ament_prefix_path.dsv
[0.466s] -- Up-to-date: /home/ubuntu/ros2_ws/install/cpp_chester_pkg/share/cpp_chester_pkg/environment/path.sh
[0.467s] -- Up-to-date: /home/ubuntu/ros2_ws/install/cpp_chester_pkg/share/cpp_chester_pkg/environment/path.dsv
[0.469s] -- Up-to-date: /home/ubuntu/ros2_ws/install/cpp_chester_pkg/share/cpp_chester_pkg/local_setup.bash
[0.469s] -- Up-to-date: /home/ubuntu/ros2_ws/install/cpp_chester_pkg/share/cpp_chester_pkg/local_setup.sh
[0.470s] -- Up-to-date: /home/ubuntu/ros2_ws/install/cpp_chester_pkg/share/cpp_chester_pkg/local_setup.zsh
[0.471s] -- Up-to-date: /home/ubuntu/ros2_ws/install/cpp_chester_pkg/share/cpp_chester_pkg/local_setup.dsv
[0.472s] -- Installing: /home/ubuntu/ros2_ws/install/cpp_chester_pkg/share/cpp_chester_pkg/package.dsv
[0.473s] -- Up-to-date: /home/ubuntu/ros2_ws/install/cpp_chester_pkg/share/ament_index/resource_index/packages/cpp_chester_pkg
[0.476s] -- Up-to-date: /home/ubuntu/ros2_ws/install/cpp_chester_pkg/share/cpp_chester_pkg/cmake/cpp_chester_pkgConfig.cmake
[0.477s] -- Up-to-date: /home/ubuntu/ros2_ws/install/cpp_chester_pkg/share/cpp_chester_pkg/cmake/cpp_chester_pkgConfig-version.cmake
[0.478s] -- Up-to-date: /home/ubuntu/ros2_ws/install/cpp_chester_pkg/share/cpp_chester_pkg/package.xml
[0.541s] Invoked command in '/home/ubuntu/ros2_ws/build/cpp_chester_pkg' returned '0': CMAKE_PREFIX_PATH=${CMAKE_PREFIX_PATH}:/home/ubuntu/ros2_ws/install/py_chester_pkg:/opt/ros/foxy /usr/bin/cmake --install /home/ubuntu/ros2_ws/build/cpp_chester_pkg
