running develop
Removing /home/ubuntu/ros2_ws/install/py_chester_pkg/lib/python3.8/site-packages/py-chester-pkg.egg-link (link to .)
running egg_info
writing ../../build/py_chester_pkg/py_chester_pkg.egg-info/PKG-INFO
writing dependency_links to ../../build/py_chester_pkg/py_chester_pkg.egg-info/dependency_links.txt
writing entry points to ../../build/py_chester_pkg/py_chester_pkg.egg-info/entry_points.txt
writing requirements to ../../build/py_chester_pkg/py_chester_pkg.egg-info/requires.txt
writing top-level names to ../../build/py_chester_pkg/py_chester_pkg.egg-info/top_level.txt
reading manifest file '../../build/py_chester_pkg/py_chester_pkg.egg-info/SOURCES.txt'
writing manifest file '../../build/py_chester_pkg/py_chester_pkg.egg-info/SOURCES.txt'
running build
running build_py
copying py_chester_pkg/ultrasoundPublisher.py -> /home/ubuntu/ros2_ws/build/py_chester_pkg/build/lib/py_chester_pkg
copying py_chester_pkg/roboticArmDriver.py -> /home/ubuntu/ros2_ws/build/py_chester_pkg/build/lib/py_chester_pkg
running install
running install_lib
creating /home/ubuntu/ros2_ws/install/py_chester_pkg/lib/python3.8/site-packages/py_chester_pkg
copying /home/ubuntu/ros2_ws/build/py_chester_pkg/build/lib/py_chester_pkg/UltrasoundTest.py -> /home/ubuntu/ros2_ws/install/py_chester_pkg/lib/python3.8/site-packages/py_chester_pkg
copying /home/ubuntu/ros2_ws/build/py_chester_pkg/build/lib/py_chester_pkg/example_node.py -> /home/ubuntu/ros2_ws/install/py_chester_pkg/lib/python3.8/site-packages/py_chester_pkg
copying /home/ubuntu/ros2_ws/build/py_chester_pkg/build/lib/py_chester_pkg/serialArduinoPrint.py -> /home/ubuntu/ros2_ws/install/py_chester_pkg/lib/python3.8/site-packages/py_chester_pkg
copying /home/ubuntu/ros2_ws/build/py_chester_pkg/build/lib/py_chester_pkg/__init__.py -> /home/ubuntu/ros2_ws/install/py_chester_pkg/lib/python3.8/site-packages/py_chester_pkg
copying /home/ubuntu/ros2_ws/build/py_chester_pkg/build/lib/py_chester_pkg/ultrasoundPublisher.py -> /home/ubuntu/ros2_ws/install/py_chester_pkg/lib/python3.8/site-packages/py_chester_pkg
copying /home/ubuntu/ros2_ws/build/py_chester_pkg/build/lib/py_chester_pkg/roboticArmDriver.py -> /home/ubuntu/ros2_ws/install/py_chester_pkg/lib/python3.8/site-packages/py_chester_pkg
copying /home/ubuntu/ros2_ws/build/py_chester_pkg/build/lib/py_chester_pkg/light_controller.py -> /home/ubuntu/ros2_ws/install/py_chester_pkg/lib/python3.8/site-packages/py_chester_pkg
copying /home/ubuntu/ros2_ws/build/py_chester_pkg/build/lib/py_chester_pkg/OOP_example_node.py -> /home/ubuntu/ros2_ws/install/py_chester_pkg/lib/python3.8/site-packages/py_chester_pkg
byte-compiling /home/ubuntu/ros2_ws/install/py_chester_pkg/lib/python3.8/site-packages/py_chester_pkg/UltrasoundTest.py to UltrasoundTest.cpython-38.pyc
byte-compiling /home/ubuntu/ros2_ws/install/py_chester_pkg/lib/python3.8/site-packages/py_chester_pkg/example_node.py to example_node.cpython-38.pyc
byte-compiling /home/ubuntu/ros2_ws/install/py_chester_pkg/lib/python3.8/site-packages/py_chester_pkg/serialArduinoPrint.py to serialArduinoPrint.cpython-38.pyc
byte-compiling /home/ubuntu/ros2_ws/install/py_chester_pkg/lib/python3.8/site-packages/py_chester_pkg/__init__.py to __init__.cpython-38.pyc
byte-compiling /home/ubuntu/ros2_ws/install/py_chester_pkg/lib/python3.8/site-packages/py_chester_pkg/ultrasoundPublisher.py to ultrasoundPublisher.cpython-38.pyc
byte-compiling /home/ubuntu/ros2_ws/install/py_chester_pkg/lib/python3.8/site-packages/py_chester_pkg/roboticArmDriver.py to roboticArmDriver.cpython-38.pyc
byte-compiling /home/ubuntu/ros2_ws/install/py_chester_pkg/lib/python3.8/site-packages/py_chester_pkg/light_controller.py to light_controller.cpython-38.pyc
byte-compiling /home/ubuntu/ros2_ws/install/py_chester_pkg/lib/python3.8/site-packages/py_chester_pkg/OOP_example_node.py to OOP_example_node.cpython-38.pyc
running install_data
copying package.xml -> /home/ubuntu/ros2_ws/install/py_chester_pkg/share/py_chester_pkg
running install_egg_info
Copying ../../build/py_chester_pkg/py_chester_pkg.egg-info to /home/ubuntu/ros2_ws/install/py_chester_pkg/lib/python3.8/site-packages/py_chester_pkg-0.0.0-py3.8.egg-info
running install_scripts
Installing light_controller script to /home/ubuntu/ros2_ws/install/py_chester_pkg/lib/py_chester_pkg
Installing py_test script to /home/ubuntu/ros2_ws/install/py_chester_pkg/lib/py_chester_pkg
Installing roboticArmDriver script to /home/ubuntu/ros2_ws/install/py_chester_pkg/lib/py_chester_pkg
Installing ultrasound_publisher script to /home/ubuntu/ros2_ws/install/py_chester_pkg/lib/py_chester_pkg
writing list of installed files to '/home/ubuntu/ros2_ws/build/py_chester_pkg/install.log'
