[0.973s] Invoking command in '/home/ubuntu/ros2_ws/src/py_chester_pkg': PYTHONPATH=/home/ubuntu/ros2_ws/install/py_chester_pkg/lib/python3.8/site-packages:${PYTHONPATH} /usr/bin/python3 setup.py egg_info --egg-base ../../build/py_chester_pkg build --build-base /home/ubuntu/ros2_ws/build/py_chester_pkg/build install --prefix /home/ubuntu/ros2_ws/install/py_chester_pkg --record /home/ubuntu/ros2_ws/build/py_chester_pkg/install.log --single-version-externally-managed
[1.795s] running egg_info
[1.797s] writing ../../build/py_chester_pkg/py_chester_pkg.egg-info/PKG-INFO
[1.799s] writing dependency_links to ../../build/py_chester_pkg/py_chester_pkg.egg-info/dependency_links.txt
[1.800s] writing entry points to ../../build/py_chester_pkg/py_chester_pkg.egg-info/entry_points.txt
[1.800s] writing requirements to ../../build/py_chester_pkg/py_chester_pkg.egg-info/requires.txt
[1.801s] writing top-level names to ../../build/py_chester_pkg/py_chester_pkg.egg-info/top_level.txt
[1.948s] reading manifest file '../../build/py_chester_pkg/py_chester_pkg.egg-info/SOURCES.txt'
[1.952s] writing manifest file '../../build/py_chester_pkg/py_chester_pkg.egg-info/SOURCES.txt'
[1.953s] running build
[1.953s] running build_py
[1.954s] copying py_chester_pkg/light_controller.py -> /home/ubuntu/ros2_ws/build/py_chester_pkg/build/lib/py_chester_pkg
[1.956s] running install
[1.959s] running install_lib
[1.963s] copying /home/ubuntu/ros2_ws/build/py_chester_pkg/build/lib/py_chester_pkg/light_controller.py -> /home/ubuntu/ros2_ws/install/py_chester_pkg/lib/python3.8/site-packages/py_chester_pkg
[1.966s] byte-compiling /home/ubuntu/ros2_ws/install/py_chester_pkg/lib/python3.8/site-packages/py_chester_pkg/light_controller.py to light_controller.cpython-38.pyc
[1.970s]   File "/home/ubuntu/ros2_ws/install/py_chester_pkg/lib/python3.8/site-packages/py_chester_pkg/light_controller.py", line 20
[1.971s]     )
[1.971s]     ^
[1.972s] SyntaxError: unmatched ')'
[1.972s] 
[1.972s] running install_data
[1.973s] running install_egg_info
[1.978s] removing '/home/ubuntu/ros2_ws/install/py_chester_pkg/lib/python3.8/site-packages/py_chester_pkg-0.0.0-py3.8.egg-info' (and everything under it)
[1.980s] Copying ../../build/py_chester_pkg/py_chester_pkg.egg-info to /home/ubuntu/ros2_ws/install/py_chester_pkg/lib/python3.8/site-packages/py_chester_pkg-0.0.0-py3.8.egg-info
[1.985s] running install_scripts
[2.050s] Installing light_controller script to /home/ubuntu/ros2_ws/install/py_chester_pkg/lib/py_chester_pkg
[2.051s] Installing py_test script to /home/ubuntu/ros2_ws/install/py_chester_pkg/lib/py_chester_pkg
[2.053s] writing list of installed files to '/home/ubuntu/ros2_ws/build/py_chester_pkg/install.log'
[2.150s] Invoked command in '/home/ubuntu/ros2_ws/src/py_chester_pkg' returned '0': PYTHONPATH=/home/ubuntu/ros2_ws/install/py_chester_pkg/lib/python3.8/site-packages:${PYTHONPATH} /usr/bin/python3 setup.py egg_info --egg-base ../../build/py_chester_pkg build --build-base /home/ubuntu/ros2_ws/build/py_chester_pkg/build install --prefix /home/ubuntu/ros2_ws/install/py_chester_pkg --record /home/ubuntu/ros2_ws/build/py_chester_pkg/install.log --single-version-externally-managed
