-- Found ament_cmake: 0.9.9 (/opt/ros/foxy/share/ament_cmake/cmake)
-- Using PYTHON_EXECUTABLE: /usr/bin/python3
-- Found rosidl_default_generators: 1.0.1 (/opt/ros/foxy/share/rosidl_default_generators/cmake)
-- Using all available rosidl_typesupport_c: rosidl_typesupport_fastrtps_c;rosidl_typesupport_introspection_c
-- Found rosidl_adapter: 1.2.1 (/opt/ros/foxy/share/rosidl_adapter/cmake)
-- Using all available rosidl_typesupport_cpp: rosidl_typesupport_fastrtps_cpp;rosidl_typesupport_introspection_cpp
-- Found PythonInterp: /usr/bin/python3 (found version "3.8.10") 
CMake Error at /opt/ros/foxy/share/rosidl_adapter/cmake/rosidl_adapt_interfaces.cmake:60 (message):
  execute_process(/usr/bin/python3 -m rosidl_adapter --package-name
  my_robot_interfaces --arguments-file
  /home/ubuntu/ros2_ws/build/my_robot_interfaces/rosidl_adapter__arguments__my_robot_interfaces.json
  --output-dir
  /home/ubuntu/ros2_ws/build/my_robot_interfaces/rosidl_adapter/my_robot_interfaces
  --output-file
  /home/ubuntu/ros2_ws/build/my_robot_interfaces/rosidl_adapter/my_robot_interfaces.idls)
  returned error code 1:

  Error processing 'bool Request' of
  'my_robot_interfaces/MoveRoboticArm_Goal': ''Request' is an invalid field
  name.  It should have the pattern '^(?!.*__)(?!.*_$)[a-z][a-z0-9_]*$''

  Traceback (most recent call last):

    File "/usr/lib/python3.8/runpy.py", line 194, in _run_module_as_main
      return _run_code(code, main_globals, None,
    File "/usr/lib/python3.8/runpy.py", line 87, in _run_code
      exec(code, run_globals)
    File "/opt/ros/foxy/lib/python3.8/site-packages/rosidl_adapter/__main__.py", line 19, in <module>
      sys.exit(main())
    File "/opt/ros/foxy/lib/python3.8/site-packages/rosidl_adapter/main.py", line 53, in main
      abs_idl_file = convert_to_idl(
    File "/opt/ros/foxy/lib/python3.8/site-packages/rosidl_adapter/__init__.py", line 29, in convert_to_idl
      return convert_action_to_idl(
    File "/opt/ros/foxy/lib/python3.8/site-packages/rosidl_adapter/action/__init__.py", line 28, in convert_action_to_idl
      action = parse_action_string(package_name, input_file.stem, content)
    File "/opt/ros/foxy/lib/python3.8/site-packages/rosidl_adapter/parser.py", line 892, in parse_action_string
      goal_message = parse_message_string(
    File "/opt/ros/foxy/lib/python3.8/site-packages/rosidl_adapter/parser.py", line 515, in parse_message_string
      fields.append(Field(
    File "/opt/ros/foxy/lib/python3.8/site-packages/rosidl_adapter/parser.py", line 353, in __init__
      raise NameError(

  NameError: 'Request' is an invalid field name.  It should have the pattern
  '^(?!.*__)(?!.*_$)[a-z][a-z0-9_]*$'

Call Stack (most recent call first):
  /opt/ros/foxy/share/rosidl_cmake/cmake/rosidl_generate_interfaces.cmake:130 (rosidl_adapt_interfaces)
  CMakeLists.txt:20 (rosidl_generate_interfaces)


-- Configuring incomplete, errors occurred!
See also "/home/ubuntu/ros2_ws/build/my_robot_interfaces/CMakeFiles/CMakeOutput.log".
make: *** [Makefile:222: cmake_check_build_system] Error 1
