[0.117s] Invoking command in '/home/ubuntu/ros2_ws/build/my_robot_interfaces': CMAKE_PREFIX_PATH=${CMAKE_PREFIX_PATH}:/home/ubuntu/ros2_ws/install/py_chester_pkg:/opt/ros/foxy /usr/bin/cmake --build /home/ubuntu/ros2_ws/build/my_robot_interfaces -- -j4 -l4
[0.389s] [  2%] Built target my_robot_interfaces__cpp
[0.425s] [ 12%] Built target my_robot_interfaces__rosidl_generator_c
[0.631s] [ 23%] Built target my_robot_interfaces__rosidl_typesupport_introspection_cpp
[0.642s] [ 33%] Built target my_robot_interfaces__rosidl_typesupport_fastrtps_cpp
[0.646s] [ 43%] Built target my_robot_interfaces__rosidl_typesupport_cpp
[0.679s] [ 53%] Built target my_robot_interfaces__rosidl_typesupport_introspection_c
[0.815s] [ 64%] Built target my_robot_interfaces__rosidl_typesupport_c
[0.823s] [ 74%] Built target my_robot_interfaces__rosidl_typesupport_fastrtps_c
[0.944s] [ 74%] Built target my_robot_interfaces
[1.060s] [ 76%] Built target my_robot_interfaces__py
[1.195s] [ 84%] Built target my_robot_interfaces__python
[1.366s] [ 89%] Built target my_robot_interfaces__rosidl_typesupport_introspection_c__pyext
[1.370s] [ 94%] Built target my_robot_interfaces__rosidl_typesupport_c__pyext
[1.386s] [100%] Built target my_robot_interfaces__rosidl_typesupport_fastrtps_c__pyext
[1.438s] Invoked command in '/home/ubuntu/ros2_ws/build/my_robot_interfaces' returned '0': CMAKE_PREFIX_PATH=${CMAKE_PREFIX_PATH}:/home/ubuntu/ros2_ws/install/py_chester_pkg:/opt/ros/foxy /usr/bin/cmake --build /home/ubuntu/ros2_ws/build/my_robot_interfaces -- -j4 -l4
[1.846s] Invoking command in '/home/ubuntu/ros2_ws/build/my_robot_interfaces': CMAKE_PREFIX_PATH=${CMAKE_PREFIX_PATH}:/home/ubuntu/ros2_ws/install/py_chester_pkg:/opt/ros/foxy /usr/bin/cmake --install /home/ubuntu/ros2_ws/build/my_robot_interfaces
[1.888s] -- Install configuration: ""
[1.889s] -- Up-to-date: /home/ubuntu/ros2_ws/install/my_robot_interfaces/share/ament_index/resource_index/rosidl_interfaces/my_robot_interfaces
[1.890s] -- Up-to-date: /home/ubuntu/ros2_ws/install/my_robot_interfaces/include/my_robot_interfaces
[1.890s] -- Up-to-date: /home/ubuntu/ros2_ws/install/my_robot_interfaces/include/my_robot_interfaces/action
[1.891s] -- Up-to-date: /home/ubuntu/ros2_ws/install/my_robot_interfaces/include/my_robot_interfaces/action/detail
[1.892s] -- Up-to-date: /home/ubuntu/ros2_ws/install/my_robot_interfaces/include/my_robot_interfaces/action/detail/move_robotic_arm__functions.c
[1.895s] -- Up-to-date: /home/ubuntu/ros2_ws/install/my_robot_interfaces/include/my_robot_interfaces/action/detail/move_robotic_arm__type_support.h
[1.896s] -- Up-to-date: /home/ubuntu/ros2_ws/install/my_robot_interfaces/include/my_robot_interfaces/action/detail/move_robotic_arm__struct.h
[1.897s] -- Up-to-date: /home/ubuntu/ros2_ws/install/my_robot_interfaces/include/my_robot_interfaces/action/detail/move_robotic_arm__functions.h
[1.898s] -- Up-to-date: /home/ubuntu/ros2_ws/install/my_robot_interfaces/include/my_robot_interfaces/action/move_robotic_arm.h
[1.899s] -- Up-to-date: /home/ubuntu/ros2_ws/install/my_robot_interfaces/include/my_robot_interfaces/msg
[1.900s] -- Up-to-date: /home/ubuntu/ros2_ws/install/my_robot_interfaces/include/my_robot_interfaces/msg/hardware_status.h
[1.901s] -- Up-to-date: /home/ubuntu/ros2_ws/install/my_robot_interfaces/include/my_robot_interfaces/msg/detail
[1.902s] -- Up-to-date: /home/ubuntu/ros2_ws/install/my_robot_interfaces/include/my_robot_interfaces/msg/detail/hardware_status__functions.h
[1.903s] -- Up-to-date: /home/ubuntu/ros2_ws/install/my_robot_interfaces/include/my_robot_interfaces/msg/detail/hardware_status__struct.h
[1.903s] -- Up-to-date: /home/ubuntu/ros2_ws/install/my_robot_interfaces/include/my_robot_interfaces/msg/detail/hardware_status__functions.c
[1.904s] -- Up-to-date: /home/ubuntu/ros2_ws/install/my_robot_interfaces/include/my_robot_interfaces/msg/detail/hardware_status__type_support.h
[1.905s] -- Up-to-date: /home/ubuntu/ros2_ws/install/my_robot_interfaces/include/my_robot_interfaces/msg/rosidl_generator_c__visibility_control.h
[1.906s] -- Up-to-date: /home/ubuntu/ros2_ws/install/my_robot_interfaces/share/my_robot_interfaces/environment/library_path.sh
[1.908s] -- Up-to-date: /home/ubuntu/ros2_ws/install/my_robot_interfaces/share/my_robot_interfaces/environment/library_path.dsv
[1.909s] -- Up-to-date: /home/ubuntu/ros2_ws/install/my_robot_interfaces/lib/libmy_robot_interfaces__rosidl_generator_c.so
[1.914s] -- Up-to-date: /home/ubuntu/ros2_ws/install/my_robot_interfaces/include/my_robot_interfaces
[1.915s] -- Up-to-date: /home/ubuntu/ros2_ws/install/my_robot_interfaces/include/my_robot_interfaces/action
[1.916s] -- Up-to-date: /home/ubuntu/ros2_ws/install/my_robot_interfaces/include/my_robot_interfaces/action/detail
[1.918s] -- Up-to-date: /home/ubuntu/ros2_ws/install/my_robot_interfaces/include/my_robot_interfaces/action/detail/move_robotic_arm__rosidl_typesupport_fastrtps_c.h
[1.918s] -- Up-to-date: /home/ubuntu/ros2_ws/install/my_robot_interfaces/include/my_robot_interfaces/msg
[1.919s] -- Up-to-date: /home/ubuntu/ros2_ws/install/my_robot_interfaces/include/my_robot_interfaces/msg/detail
[1.920s] -- Up-to-date: /home/ubuntu/ros2_ws/install/my_robot_interfaces/include/my_robot_interfaces/msg/detail/hardware_status__rosidl_typesupport_fastrtps_c.h
[1.921s] -- Up-to-date: /home/ubuntu/ros2_ws/install/my_robot_interfaces/include/my_robot_interfaces/msg/rosidl_typesupport_fastrtps_c__visibility_control.h
[1.922s] -- Up-to-date: /home/ubuntu/ros2_ws/install/my_robot_interfaces/lib/libmy_robot_interfaces__rosidl_typesupport_fastrtps_c.so
[1.922s] -- Up-to-date: /home/ubuntu/ros2_ws/install/my_robot_interfaces/include/my_robot_interfaces
[1.923s] -- Up-to-date: /home/ubuntu/ros2_ws/install/my_robot_interfaces/include/my_robot_interfaces/action
[1.924s] -- Up-to-date: /home/ubuntu/ros2_ws/install/my_robot_interfaces/include/my_robot_interfaces/action/detail
[1.926s] -- Up-to-date: /home/ubuntu/ros2_ws/install/my_robot_interfaces/include/my_robot_interfaces/action/detail/dds_fastrtps
[1.928s] -- Up-to-date: /home/ubuntu/ros2_ws/install/my_robot_interfaces/include/my_robot_interfaces/action/detail/move_robotic_arm__rosidl_typesupport_fastrtps_cpp.hpp
[1.929s] -- Up-to-date: /home/ubuntu/ros2_ws/install/my_robot_interfaces/include/my_robot_interfaces/msg
[1.930s] -- Up-to-date: /home/ubuntu/ros2_ws/install/my_robot_interfaces/include/my_robot_interfaces/msg/detail
[1.931s] -- Up-to-date: /home/ubuntu/ros2_ws/install/my_robot_interfaces/include/my_robot_interfaces/msg/detail/dds_fastrtps
[1.933s] -- Up-to-date: /home/ubuntu/ros2_ws/install/my_robot_interfaces/include/my_robot_interfaces/msg/detail/hardware_status__rosidl_typesupport_fastrtps_cpp.hpp
[1.934s] -- Up-to-date: /home/ubuntu/ros2_ws/install/my_robot_interfaces/include/my_robot_interfaces/msg/rosidl_typesupport_fastrtps_cpp__visibility_control.h
[1.935s] -- Up-to-date: /home/ubuntu/ros2_ws/install/my_robot_interfaces/lib/libmy_robot_interfaces__rosidl_typesupport_fastrtps_cpp.so
[1.936s] -- Up-to-date: /home/ubuntu/ros2_ws/install/my_robot_interfaces/include/my_robot_interfaces
[1.936s] -- Up-to-date: /home/ubuntu/ros2_ws/install/my_robot_interfaces/include/my_robot_interfaces/action
[1.937s] -- Up-to-date: /home/ubuntu/ros2_ws/install/my_robot_interfaces/include/my_robot_interfaces/action/detail
[1.938s] -- Up-to-date: /home/ubuntu/ros2_ws/install/my_robot_interfaces/include/my_robot_interfaces/action/detail/move_robotic_arm__rosidl_typesupport_introspection_c.h
[1.939s] -- Up-to-date: /home/ubuntu/ros2_ws/install/my_robot_interfaces/include/my_robot_interfaces/action/detail/move_robotic_arm__type_support.c
[1.939s] -- Up-to-date: /home/ubuntu/ros2_ws/install/my_robot_interfaces/include/my_robot_interfaces/msg
[1.940s] -- Up-to-date: /home/ubuntu/ros2_ws/install/my_robot_interfaces/include/my_robot_interfaces/msg/detail
[1.941s] -- Up-to-date: /home/ubuntu/ros2_ws/install/my_robot_interfaces/include/my_robot_interfaces/msg/detail/hardware_status__rosidl_typesupport_introspection_c.h
[1.943s] -- Up-to-date: /home/ubuntu/ros2_ws/install/my_robot_interfaces/include/my_robot_interfaces/msg/detail/hardware_status__type_support.c
[1.944s] -- Up-to-date: /home/ubuntu/ros2_ws/install/my_robot_interfaces/include/my_robot_interfaces/msg/rosidl_typesupport_introspection_c__visibility_control.h
[1.944s] -- Up-to-date: /home/ubuntu/ros2_ws/install/my_robot_interfaces/lib/libmy_robot_interfaces__rosidl_typesupport_introspection_c.so
[1.945s] -- Up-to-date: /home/ubuntu/ros2_ws/install/my_robot_interfaces/lib/libmy_robot_interfaces__rosidl_typesupport_c.so
[1.946s] -- Up-to-date: /home/ubuntu/ros2_ws/install/my_robot_interfaces/include/my_robot_interfaces
[1.946s] -- Up-to-date: /home/ubuntu/ros2_ws/install/my_robot_interfaces/include/my_robot_interfaces/action
[1.947s] -- Up-to-date: /home/ubuntu/ros2_ws/install/my_robot_interfaces/include/my_robot_interfaces/action/detail
[1.948s] -- Up-to-date: /home/ubuntu/ros2_ws/install/my_robot_interfaces/include/my_robot_interfaces/action/detail/move_robotic_arm__traits.hpp
[1.949s] -- Up-to-date: /home/ubuntu/ros2_ws/install/my_robot_interfaces/include/my_robot_interfaces/action/detail/move_robotic_arm__struct.hpp
[1.950s] -- Up-to-date: /home/ubuntu/ros2_ws/install/my_robot_interfaces/include/my_robot_interfaces/action/detail/move_robotic_arm__builder.hpp
[1.951s] -- Up-to-date: /home/ubuntu/ros2_ws/install/my_robot_interfaces/include/my_robot_interfaces/action/move_robotic_arm.hpp
[1.952s] -- Up-to-date: /home/ubuntu/ros2_ws/install/my_robot_interfaces/include/my_robot_interfaces/msg
[1.953s] -- Up-to-date: /home/ubuntu/ros2_ws/install/my_robot_interfaces/include/my_robot_interfaces/msg/detail
[1.954s] -- Up-to-date: /home/ubuntu/ros2_ws/install/my_robot_interfaces/include/my_robot_interfaces/msg/detail/hardware_status__struct.hpp
[1.954s] -- Up-to-date: /home/ubuntu/ros2_ws/install/my_robot_interfaces/include/my_robot_interfaces/msg/detail/hardware_status__traits.hpp
[1.955s] -- Up-to-date: /home/ubuntu/ros2_ws/install/my_robot_interfaces/include/my_robot_interfaces/msg/detail/hardware_status__builder.hpp
[1.956s] -- Up-to-date: /home/ubuntu/ros2_ws/install/my_robot_interfaces/include/my_robot_interfaces/msg/hardware_status.hpp
[1.957s] -- Up-to-date: /home/ubuntu/ros2_ws/install/my_robot_interfaces/include/my_robot_interfaces
[1.958s] -- Up-to-date: /home/ubuntu/ros2_ws/install/my_robot_interfaces/include/my_robot_interfaces/action
[1.959s] -- Up-to-date: /home/ubuntu/ros2_ws/install/my_robot_interfaces/include/my_robot_interfaces/action/detail
[1.959s] -- Up-to-date: /home/ubuntu/ros2_ws/install/my_robot_interfaces/include/my_robot_interfaces/action/detail/move_robotic_arm__type_support.cpp
[1.960s] -- Up-to-date: /home/ubuntu/ros2_ws/install/my_robot_interfaces/include/my_robot_interfaces/action/detail/move_robotic_arm__rosidl_typesupport_introspection_cpp.hpp
[1.961s] -- Up-to-date: /home/ubuntu/ros2_ws/install/my_robot_interfaces/include/my_robot_interfaces/msg
[1.962s] -- Up-to-date: /home/ubuntu/ros2_ws/install/my_robot_interfaces/include/my_robot_interfaces/msg/detail
[1.962s] -- Up-to-date: /home/ubuntu/ros2_ws/install/my_robot_interfaces/include/my_robot_interfaces/msg/detail/hardware_status__rosidl_typesupport_introspection_cpp.hpp
[1.963s] -- Up-to-date: /home/ubuntu/ros2_ws/install/my_robot_interfaces/include/my_robot_interfaces/msg/detail/hardware_status__type_support.cpp
[1.964s] -- Up-to-date: /home/ubuntu/ros2_ws/install/my_robot_interfaces/lib/libmy_robot_interfaces__rosidl_typesupport_introspection_cpp.so
[1.964s] -- Up-to-date: /home/ubuntu/ros2_ws/install/my_robot_interfaces/lib/libmy_robot_interfaces__rosidl_typesupport_cpp.so
[1.965s] -- Up-to-date: /home/ubuntu/ros2_ws/install/my_robot_interfaces/share/my_robot_interfaces/environment/pythonpath.sh
[1.965s] -- Up-to-date: /home/ubuntu/ros2_ws/install/my_robot_interfaces/share/my_robot_interfaces/environment/pythonpath.dsv
[1.966s] -- Up-to-date: /home/ubuntu/ros2_ws/install/my_robot_interfaces/lib/python3.8/site-packages/my_robot_interfaces/__init__.py
[2.142s] -- Up-to-date: /home/ubuntu/ros2_ws/install/my_robot_interfaces/lib/python3.8/site-packages/my_robot_interfaces/action
[2.143s] -- Up-to-date: /home/ubuntu/ros2_ws/install/my_robot_interfaces/lib/python3.8/site-packages/my_robot_interfaces/action/__init__.py
[2.143s] -- Up-to-date: /home/ubuntu/ros2_ws/install/my_robot_interfaces/lib/python3.8/site-packages/my_robot_interfaces/action/_move_robotic_arm.py
[2.144s] -- Up-to-date: /home/ubuntu/ros2_ws/install/my_robot_interfaces/lib/python3.8/site-packages/my_robot_interfaces/action/_move_robotic_arm_s.c
[2.144s] -- Up-to-date: /home/ubuntu/ros2_ws/install/my_robot_interfaces/lib/python3.8/site-packages/my_robot_interfaces/msg
[2.145s] -- Up-to-date: /home/ubuntu/ros2_ws/install/my_robot_interfaces/lib/python3.8/site-packages/my_robot_interfaces/msg/__init__.py
[2.145s] -- Up-to-date: /home/ubuntu/ros2_ws/install/my_robot_interfaces/lib/python3.8/site-packages/my_robot_interfaces/msg/_hardware_status.py
[2.146s] -- Up-to-date: /home/ubuntu/ros2_ws/install/my_robot_interfaces/lib/python3.8/site-packages/my_robot_interfaces/msg/_hardware_status_s.c
[2.146s] -- Up-to-date: /home/ubuntu/ros2_ws/install/my_robot_interfaces/lib/python3.8/site-packages/my_robot_interfaces/my_robot_interfaces_s__rosidl_typesupport_fastrtps_c.cpython-38-aarch64-linux-gnu.so
[2.157s] -- Up-to-date: /home/ubuntu/ros2_ws/install/my_robot_interfaces/lib/python3.8/site-packages/my_robot_interfaces/my_robot_interfaces_s__rosidl_typesupport_introspection_c.cpython-38-aarch64-linux-gnu.so
[2.158s] -- Up-to-date: /home/ubuntu/ros2_ws/install/my_robot_interfaces/lib/python3.8/site-packages/my_robot_interfaces/my_robot_interfaces_s__rosidl_typesupport_c.cpython-38-aarch64-linux-gnu.so
[2.158s] -- Up-to-date: /home/ubuntu/ros2_ws/install/my_robot_interfaces/lib/libmy_robot_interfaces__python.so
[2.159s] -- Up-to-date: /home/ubuntu/ros2_ws/install/my_robot_interfaces/share/my_robot_interfaces/action/MoveRoboticArm.idl
[2.159s] -- Up-to-date: /home/ubuntu/ros2_ws/install/my_robot_interfaces/share/my_robot_interfaces/msg/HardwareStatus.idl
[2.160s] -- Up-to-date: /home/ubuntu/ros2_ws/install/my_robot_interfaces/share/my_robot_interfaces/action/MoveRoboticArm.action
[2.161s] -- Up-to-date: /home/ubuntu/ros2_ws/install/my_robot_interfaces/share/my_robot_interfaces/msg/HardwareStatus.msg
[2.161s] -- Up-to-date: /home/ubuntu/ros2_ws/install/my_robot_interfaces/share/ament_index/resource_index/package_run_dependencies/my_robot_interfaces
[2.161s] -- Up-to-date: /home/ubuntu/ros2_ws/install/my_robot_interfaces/share/ament_index/resource_index/parent_prefix_path/my_robot_interfaces
[2.162s] -- Up-to-date: /home/ubuntu/ros2_ws/install/my_robot_interfaces/share/my_robot_interfaces/environment/ament_prefix_path.sh
[2.162s] -- Up-to-date: /home/ubuntu/ros2_ws/install/my_robot_interfaces/share/my_robot_interfaces/environment/ament_prefix_path.dsv
[2.163s] -- Up-to-date: /home/ubuntu/ros2_ws/install/my_robot_interfaces/share/my_robot_interfaces/environment/path.sh
[2.164s] -- Up-to-date: /home/ubuntu/ros2_ws/install/my_robot_interfaces/share/my_robot_interfaces/environment/path.dsv
[2.169s] -- Up-to-date: /home/ubuntu/ros2_ws/install/my_robot_interfaces/share/my_robot_interfaces/local_setup.bash
[2.169s] -- Up-to-date: /home/ubuntu/ros2_ws/install/my_robot_interfaces/share/my_robot_interfaces/local_setup.sh
[2.170s] -- Up-to-date: /home/ubuntu/ros2_ws/install/my_robot_interfaces/share/my_robot_interfaces/local_setup.zsh
[2.171s] -- Up-to-date: /home/ubuntu/ros2_ws/install/my_robot_interfaces/share/my_robot_interfaces/local_setup.dsv
[2.171s] -- Installing: /home/ubuntu/ros2_ws/install/my_robot_interfaces/share/my_robot_interfaces/package.dsv
[2.172s] -- Up-to-date: /home/ubuntu/ros2_ws/install/my_robot_interfaces/share/ament_index/resource_index/packages/my_robot_interfaces
[2.172s] -- Up-to-date: /home/ubuntu/ros2_ws/install/my_robot_interfaces/share/my_robot_interfaces/cmake/my_robot_interfaces__rosidl_generator_cExport.cmake
[2.176s] -- Up-to-date: /home/ubuntu/ros2_ws/install/my_robot_interfaces/share/my_robot_interfaces/cmake/my_robot_interfaces__rosidl_generator_cExport-noconfig.cmake
[2.177s] -- Up-to-date: /home/ubuntu/ros2_ws/install/my_robot_interfaces/share/my_robot_interfaces/cmake/my_robot_interfaces__rosidl_typesupport_introspection_cExport.cmake
[2.178s] -- Up-to-date: /home/ubuntu/ros2_ws/install/my_robot_interfaces/share/my_robot_interfaces/cmake/my_robot_interfaces__rosidl_typesupport_introspection_cExport-noconfig.cmake
[2.178s] -- Up-to-date: /home/ubuntu/ros2_ws/install/my_robot_interfaces/share/my_robot_interfaces/cmake/my_robot_interfaces__rosidl_typesupport_cExport.cmake
[2.188s] -- Up-to-date: /home/ubuntu/ros2_ws/install/my_robot_interfaces/share/my_robot_interfaces/cmake/my_robot_interfaces__rosidl_typesupport_cExport-noconfig.cmake
[2.189s] -- Up-to-date: /home/ubuntu/ros2_ws/install/my_robot_interfaces/share/my_robot_interfaces/cmake/my_robot_interfaces__rosidl_generator_cppExport.cmake
[2.190s] -- Up-to-date: /home/ubuntu/ros2_ws/install/my_robot_interfaces/share/my_robot_interfaces/cmake/my_robot_interfaces__rosidl_typesupport_introspection_cppExport.cmake
[2.191s] -- Up-to-date: /home/ubuntu/ros2_ws/install/my_robot_interfaces/share/my_robot_interfaces/cmake/my_robot_interfaces__rosidl_typesupport_introspection_cppExport-noconfig.cmake
[2.192s] -- Up-to-date: /home/ubuntu/ros2_ws/install/my_robot_interfaces/share/my_robot_interfaces/cmake/my_robot_interfaces__rosidl_typesupport_cppExport.cmake
[2.196s] -- Up-to-date: /home/ubuntu/ros2_ws/install/my_robot_interfaces/share/my_robot_interfaces/cmake/my_robot_interfaces__rosidl_typesupport_cppExport-noconfig.cmake
[2.203s] -- Up-to-date: /home/ubuntu/ros2_ws/install/my_robot_interfaces/share/my_robot_interfaces/cmake/rosidl_cmake-extras.cmake
[2.204s] -- Up-to-date: /home/ubuntu/ros2_ws/install/my_robot_interfaces/share/my_robot_interfaces/cmake/ament_cmake_export_dependencies-extras.cmake
[2.205s] -- Up-to-date: /home/ubuntu/ros2_ws/install/my_robot_interfaces/share/my_robot_interfaces/cmake/ament_cmake_export_libraries-extras.cmake
[2.205s] -- Up-to-date: /home/ubuntu/ros2_ws/install/my_robot_interfaces/share/my_robot_interfaces/cmake/ament_cmake_export_targets-extras.cmake
[2.206s] -- Up-to-date: /home/ubuntu/ros2_ws/install/my_robot_interfaces/share/my_robot_interfaces/cmake/ament_cmake_export_include_directories-extras.cmake
[2.207s] -- Up-to-date: /home/ubuntu/ros2_ws/install/my_robot_interfaces/share/my_robot_interfaces/cmake/rosidl_cmake_export_typesupport_libraries-extras.cmake
[2.207s] -- Up-to-date: /home/ubuntu/ros2_ws/install/my_robot_interfaces/share/my_robot_interfaces/cmake/rosidl_cmake_export_typesupport_targets-extras.cmake
[2.208s] -- Up-to-date: /home/ubuntu/ros2_ws/install/my_robot_interfaces/share/my_robot_interfaces/cmake/my_robot_interfacesConfig.cmake
[2.208s] -- Up-to-date: /home/ubuntu/ros2_ws/install/my_robot_interfaces/share/my_robot_interfaces/cmake/my_robot_interfacesConfig-version.cmake
[2.209s] -- Up-to-date: /home/ubuntu/ros2_ws/install/my_robot_interfaces/share/my_robot_interfaces/package.xml
[2.210s] Invoked command in '/home/ubuntu/ros2_ws/build/my_robot_interfaces' returned '0': CMAKE_PREFIX_PATH=${CMAKE_PREFIX_PATH}:/home/ubuntu/ros2_ws/install/py_chester_pkg:/opt/ros/foxy /usr/bin/cmake --install /home/ubuntu/ros2_ws/build/my_robot_interfaces
