[1.183s] DEBUG:colcon:Command line arguments: ['/usr/bin/colcon', 'build']
[1.184s] DEBUG:colcon:Parsed command line arguments: Namespace(ament_cmake_args=None, base_paths=['.'], build_base='build', catkin_cmake_args=None, catkin_skip_building_tests=False, cmake_args=None, cmake_clean_cache=False, cmake_clean_first=False, cmake_force_configure=False, cmake_target=None, cmake_target_skip_unavailable=False, continue_on_error=False, event_handlers=None, executor='parallel', ignore_user_meta=False, install_base='install', log_base=None, log_level=None, main=<bound method BuildVerb.main of <colcon_core.verb.build.BuildVerb object at 0xffffa7c413d0>>, merge_install=False, metas=['./colcon.meta'], packages_above=None, packages_above_and_dependencies=None, packages_above_depth=None, packages_end=None, packages_ignore=None, packages_ignore_regex=None, packages_select=None, packages_select_build_failed=False, packages_select_by_dep=None, packages_select_regex=None, packages_select_test_failures=False, packages_skip=None, packages_skip_build_finished=False, packages_skip_by_dep=None, packages_skip_regex=None, packages_skip_test_passed=False, packages_skip_up_to=None, packages_start=None, packages_up_to=None, packages_up_to_regex=None, parallel_workers=4, paths=None, symlink_install=False, test_result_base=None, verb_extension=<colcon_core.verb.build.BuildVerb object at 0xffffa7c413d0>, verb_name='build', verb_parser=<colcon_defaults.argument_parser.defaults.DefaultArgumentsDecorator object at 0xffffa7c41910>)
[1.208s] Level 1:colcon.colcon_core.package_discovery:discover_packages(colcon_meta) check parameters
[1.209s] Level 1:colcon.colcon_core.package_discovery:discover_packages(recursive) check parameters
[1.209s] Level 1:colcon.colcon_core.package_discovery:discover_packages(ignore) check parameters
[1.209s] Level 1:colcon.colcon_core.package_discovery:discover_packages(path) check parameters
[1.210s] Level 1:colcon.colcon_core.package_discovery:discover_packages(colcon_meta) discover
[1.210s] Level 1:colcon.colcon_core.package_discovery:discover_packages(recursive) discover
[1.210s] INFO:colcon.colcon_core.package_discovery:Crawling recursively for packages in '/home/ubuntu/ros2_ws'
[1.211s] Level 1:colcon.colcon_core.package_identification:_identify(.) by extensions ['ignore', 'ignore_ament_install']
[1.211s] Level 1:colcon.colcon_core.package_identification:_identify(.) by extension 'ignore'
[1.212s] Level 1:colcon.colcon_core.package_identification:_identify(.) by extension 'ignore_ament_install'
[1.212s] Level 1:colcon.colcon_core.package_identification:_identify(.) by extensions ['colcon_pkg']
[1.212s] Level 1:colcon.colcon_core.package_identification:_identify(.) by extension 'colcon_pkg'
[1.213s] Level 1:colcon.colcon_core.package_identification:_identify(.) by extensions ['colcon_meta']
[1.213s] Level 1:colcon.colcon_core.package_identification:_identify(.) by extension 'colcon_meta'
[1.213s] Level 1:colcon.colcon_core.package_identification:_identify(.) by extensions ['ros']
[1.213s] Level 1:colcon.colcon_core.package_identification:_identify(.) by extension 'ros'
[1.259s] Level 1:colcon.colcon_core.package_identification:_identify(.) by extensions ['cmake', 'python']
[1.259s] Level 1:colcon.colcon_core.package_identification:_identify(.) by extension 'cmake'
[1.259s] Level 1:colcon.colcon_core.package_identification:_identify(.) by extension 'python'
[1.260s] Level 1:colcon.colcon_core.package_identification:_identify(.) by extensions ['python_setup_py']
[1.260s] Level 1:colcon.colcon_core.package_identification:_identify(.) by extension 'python_setup_py'
[1.261s] Level 1:colcon.colcon_core.package_identification:_identify(build) by extensions ['ignore', 'ignore_ament_install']
[1.261s] Level 1:colcon.colcon_core.package_identification:_identify(build) by extension 'ignore'
[1.262s] Level 1:colcon.colcon_core.package_identification:_identify(build) ignored
[1.263s] Level 1:colcon.colcon_core.package_identification:_identify(install) by extensions ['ignore', 'ignore_ament_install']
[1.264s] Level 1:colcon.colcon_core.package_identification:_identify(install) by extension 'ignore'
[1.264s] Level 1:colcon.colcon_core.package_identification:_identify(install) ignored
[1.265s] Level 1:colcon.colcon_core.package_identification:_identify(log) by extensions ['ignore', 'ignore_ament_install']
[1.266s] Level 1:colcon.colcon_core.package_identification:_identify(log) by extension 'ignore'
[1.266s] Level 1:colcon.colcon_core.package_identification:_identify(log) ignored
[1.266s] Level 1:colcon.colcon_core.package_identification:_identify(src) by extensions ['ignore', 'ignore_ament_install']
[1.267s] Level 1:colcon.colcon_core.package_identification:_identify(src) by extension 'ignore'
[1.267s] Level 1:colcon.colcon_core.package_identification:_identify(src) by extension 'ignore_ament_install'
[1.268s] Level 1:colcon.colcon_core.package_identification:_identify(src) by extensions ['colcon_pkg']
[1.268s] Level 1:colcon.colcon_core.package_identification:_identify(src) by extension 'colcon_pkg'
[1.268s] Level 1:colcon.colcon_core.package_identification:_identify(src) by extensions ['colcon_meta']
[1.269s] Level 1:colcon.colcon_core.package_identification:_identify(src) by extension 'colcon_meta'
[1.269s] Level 1:colcon.colcon_core.package_identification:_identify(src) by extensions ['ros']
[1.269s] Level 1:colcon.colcon_core.package_identification:_identify(src) by extension 'ros'
[1.270s] Level 1:colcon.colcon_core.package_identification:_identify(src) by extensions ['cmake', 'python']
[1.270s] Level 1:colcon.colcon_core.package_identification:_identify(src) by extension 'cmake'
[1.270s] Level 1:colcon.colcon_core.package_identification:_identify(src) by extension 'python'
[1.270s] Level 1:colcon.colcon_core.package_identification:_identify(src) by extensions ['python_setup_py']
[1.271s] Level 1:colcon.colcon_core.package_identification:_identify(src) by extension 'python_setup_py'
[1.272s] Level 1:colcon.colcon_core.package_identification:_identify(src/cpp_chester_pkg) by extensions ['ignore', 'ignore_ament_install']
[1.272s] Level 1:colcon.colcon_core.package_identification:_identify(src/cpp_chester_pkg) by extension 'ignore'
[1.273s] Level 1:colcon.colcon_core.package_identification:_identify(src/cpp_chester_pkg) by extension 'ignore_ament_install'
[1.274s] Level 1:colcon.colcon_core.package_identification:_identify(src/cpp_chester_pkg) by extensions ['colcon_pkg']
[1.274s] Level 1:colcon.colcon_core.package_identification:_identify(src/cpp_chester_pkg) by extension 'colcon_pkg'
[1.274s] Level 1:colcon.colcon_core.package_identification:_identify(src/cpp_chester_pkg) by extensions ['colcon_meta']
[1.275s] Level 1:colcon.colcon_core.package_identification:_identify(src/cpp_chester_pkg) by extension 'colcon_meta'
[1.275s] Level 1:colcon.colcon_core.package_identification:_identify(src/cpp_chester_pkg) by extensions ['ros']
[1.275s] Level 1:colcon.colcon_core.package_identification:_identify(src/cpp_chester_pkg) by extension 'ros'
[1.284s] DEBUG:colcon.colcon_core.package_identification:Package 'src/cpp_chester_pkg' with type 'ros.ament_cmake' and name 'cpp_chester_pkg'
[1.285s] Level 1:colcon.colcon_core.package_identification:_identify(src/py_chester_pkg) by extensions ['ignore', 'ignore_ament_install']
[1.286s] Level 1:colcon.colcon_core.package_identification:_identify(src/py_chester_pkg) by extension 'ignore'
[1.286s] Level 1:colcon.colcon_core.package_identification:_identify(src/py_chester_pkg) by extension 'ignore_ament_install'
[1.286s] Level 1:colcon.colcon_core.package_identification:_identify(src/py_chester_pkg) by extensions ['colcon_pkg']
[1.287s] Level 1:colcon.colcon_core.package_identification:_identify(src/py_chester_pkg) by extension 'colcon_pkg'
[1.287s] Level 1:colcon.colcon_core.package_identification:_identify(src/py_chester_pkg) by extensions ['colcon_meta']
[1.287s] Level 1:colcon.colcon_core.package_identification:_identify(src/py_chester_pkg) by extension 'colcon_meta'
[1.288s] Level 1:colcon.colcon_core.package_identification:_identify(src/py_chester_pkg) by extensions ['ros']
[1.288s] Level 1:colcon.colcon_core.package_identification:_identify(src/py_chester_pkg) by extension 'ros'
[1.292s] DEBUG:colcon.colcon_core.package_identification:Package 'src/py_chester_pkg' with type 'ros.ament_python' and name 'py_chester_pkg'
[1.292s] Level 1:colcon.colcon_core.package_discovery:discover_packages(recursive) using defaults
[1.292s] Level 1:colcon.colcon_core.package_discovery:discover_packages(ignore) discover
[1.293s] Level 1:colcon.colcon_core.package_discovery:discover_packages(ignore) using defaults
[1.293s] Level 1:colcon.colcon_core.package_discovery:discover_packages(path) discover
[1.293s] Level 1:colcon.colcon_core.package_discovery:discover_packages(path) using defaults
[1.373s] Level 5:colcon.colcon_core.verb:set package 'cpp_chester_pkg' build argument 'cmake_args' from command line to 'None'
[1.374s] Level 5:colcon.colcon_core.verb:set package 'cpp_chester_pkg' build argument 'cmake_target' from command line to 'None'
[1.374s] Level 5:colcon.colcon_core.verb:set package 'cpp_chester_pkg' build argument 'cmake_target_skip_unavailable' from command line to 'False'
[1.374s] Level 5:colcon.colcon_core.verb:set package 'cpp_chester_pkg' build argument 'cmake_clean_cache' from command line to 'False'
[1.374s] Level 5:colcon.colcon_core.verb:set package 'cpp_chester_pkg' build argument 'cmake_clean_first' from command line to 'False'
[1.374s] Level 5:colcon.colcon_core.verb:set package 'cpp_chester_pkg' build argument 'cmake_force_configure' from command line to 'False'
[1.374s] Level 5:colcon.colcon_core.verb:set package 'cpp_chester_pkg' build argument 'ament_cmake_args' from command line to 'None'
[1.375s] Level 5:colcon.colcon_core.verb:set package 'cpp_chester_pkg' build argument 'catkin_cmake_args' from command line to 'None'
[1.375s] Level 5:colcon.colcon_core.verb:set package 'cpp_chester_pkg' build argument 'catkin_skip_building_tests' from command line to 'False'
[1.375s] DEBUG:colcon.colcon_core.verb:Building package 'cpp_chester_pkg' with the following arguments: {'ament_cmake_args': None, 'build_base': '/home/ubuntu/ros2_ws/build/cpp_chester_pkg', 'catkin_cmake_args': None, 'catkin_skip_building_tests': False, 'cmake_args': None, 'cmake_clean_cache': False, 'cmake_clean_first': False, 'cmake_force_configure': False, 'cmake_target': None, 'cmake_target_skip_unavailable': False, 'install_base': '/home/ubuntu/ros2_ws/install/cpp_chester_pkg', 'merge_install': False, 'path': '/home/ubuntu/ros2_ws/src/cpp_chester_pkg', 'symlink_install': False, 'test_result_base': None}
[1.386s] Level 5:colcon.colcon_core.verb:set package 'py_chester_pkg' build argument 'cmake_args' from command line to 'None'
[1.386s] Level 5:colcon.colcon_core.verb:set package 'py_chester_pkg' build argument 'cmake_target' from command line to 'None'
[1.386s] Level 5:colcon.colcon_core.verb:set package 'py_chester_pkg' build argument 'cmake_target_skip_unavailable' from command line to 'False'
[1.386s] Level 5:colcon.colcon_core.verb:set package 'py_chester_pkg' build argument 'cmake_clean_cache' from command line to 'False'
[1.386s] Level 5:colcon.colcon_core.verb:set package 'py_chester_pkg' build argument 'cmake_clean_first' from command line to 'False'
[1.387s] Level 5:colcon.colcon_core.verb:set package 'py_chester_pkg' build argument 'cmake_force_configure' from command line to 'False'
[1.387s] Level 5:colcon.colcon_core.verb:set package 'py_chester_pkg' build argument 'ament_cmake_args' from command line to 'None'
[1.387s] Level 5:colcon.colcon_core.verb:set package 'py_chester_pkg' build argument 'catkin_cmake_args' from command line to 'None'
[1.387s] Level 5:colcon.colcon_core.verb:set package 'py_chester_pkg' build argument 'catkin_skip_building_tests' from command line to 'False'
[1.387s] DEBUG:colcon.colcon_core.verb:Building package 'py_chester_pkg' with the following arguments: {'ament_cmake_args': None, 'build_base': '/home/ubuntu/ros2_ws/build/py_chester_pkg', 'catkin_cmake_args': None, 'catkin_skip_building_tests': False, 'cmake_args': None, 'cmake_clean_cache': False, 'cmake_clean_first': False, 'cmake_force_configure': False, 'cmake_target': None, 'cmake_target_skip_unavailable': False, 'install_base': '/home/ubuntu/ros2_ws/install/py_chester_pkg', 'merge_install': False, 'path': '/home/ubuntu/ros2_ws/src/py_chester_pkg', 'symlink_install': False, 'test_result_base': None}
[1.389s] INFO:colcon.colcon_core.executor:Executing jobs using 'parallel' executor
[1.399s] DEBUG:colcon.colcon_parallel_executor.executor.parallel:run_until_complete
[1.400s] INFO:colcon.colcon_ros.task.ament_cmake.build:Building ROS package in '/home/ubuntu/ros2_ws/src/cpp_chester_pkg' with build type 'ament_cmake'
[1.401s] INFO:colcon.colcon_cmake.task.cmake.build:Building CMake package in '/home/ubuntu/ros2_ws/src/cpp_chester_pkg'
[1.418s] INFO:colcon.colcon_core.plugin_system:Skipping extension 'colcon_core.shell.bat': Not used on non-Windows systems
[1.419s] INFO:colcon.colcon_core.shell:Skip shell extension 'powershell' for command environment: Not usable outside of PowerShell
[1.419s] DEBUG:colcon.colcon_core.shell:Skip shell extension 'dsv' for command environment
[1.431s] DEBUG:colcon.colcon_core.shell:Ignoring prefix path '/opt/ros/foxy'
[1.443s] INFO:colcon.colcon_ros.task.ament_python.build:Building ROS package in '/home/ubuntu/ros2_ws/src/py_chester_pkg' with build type 'ament_python'
[1.444s] Level 1:colcon.colcon_core.shell:create_environment_hook('py_chester_pkg', 'ament_prefix_path')
[1.448s] INFO:colcon.colcon_core.shell:Creating environment hook '/home/ubuntu/ros2_ws/install/py_chester_pkg/share/py_chester_pkg/hook/ament_prefix_path.ps1'
[1.453s] INFO:colcon.colcon_core.shell:Creating environment descriptor '/home/ubuntu/ros2_ws/install/py_chester_pkg/share/py_chester_pkg/hook/ament_prefix_path.dsv'
[1.456s] INFO:colcon.colcon_core.shell:Creating environment hook '/home/ubuntu/ros2_ws/install/py_chester_pkg/share/py_chester_pkg/hook/ament_prefix_path.sh'
[1.462s] INFO:colcon.colcon_core.shell:Skip shell extension 'powershell' for command environment: Not usable outside of PowerShell
[1.463s] DEBUG:colcon.colcon_core.shell:Skip shell extension 'dsv' for command environment
[1.472s] DEBUG:colcon.colcon_core.shell:Ignoring prefix path '/opt/ros/foxy'
[1.504s] DEBUG:colcon.colcon_core.event_handler.log_command:Invoking command in '/home/ubuntu/ros2_ws/build/cpp_chester_pkg': CMAKE_PREFIX_PATH=${CMAKE_PREFIX_PATH}:/home/ubuntu/ros2_ws/install/py_chester_pkg:/opt/ros/foxy /usr/bin/cmake --build /home/ubuntu/ros2_ws/build/cpp_chester_pkg -- -j4 -l4
[2.432s] INFO:colcon.colcon_core.task.python.build:Building Python package in '/home/ubuntu/ros2_ws/src/py_chester_pkg'
[2.435s] INFO:colcon.colcon_core.shell:Skip shell extension 'powershell' for command environment: Not usable outside of PowerShell
[2.435s] DEBUG:colcon.colcon_core.shell:Skip shell extension 'dsv' for command environment
[2.443s] DEBUG:colcon.colcon_core.shell:Ignoring prefix path '/opt/ros/foxy'
[2.459s] DEBUG:colcon.colcon_core.event_handler.log_command:Invoked command in '/home/ubuntu/ros2_ws/build/cpp_chester_pkg' returned '0': CMAKE_PREFIX_PATH=${CMAKE_PREFIX_PATH}:/home/ubuntu/ros2_ws/install/py_chester_pkg:/opt/ros/foxy /usr/bin/cmake --build /home/ubuntu/ros2_ws/build/cpp_chester_pkg -- -j4 -l4
[2.489s] DEBUG:colcon.colcon_core.event_handler.log_command:Invoking command in '/home/ubuntu/ros2_ws/src/py_chester_pkg': PYTHONPATH=/home/ubuntu/ros2_ws/install/py_chester_pkg/lib/python3.8/site-packages:${PYTHONPATH} /usr/bin/python3 setup.py egg_info --egg-base ../../build/py_chester_pkg build --build-base /home/ubuntu/ros2_ws/build/py_chester_pkg/build install --prefix /home/ubuntu/ros2_ws/install/py_chester_pkg --record /home/ubuntu/ros2_ws/build/py_chester_pkg/install.log --single-version-externally-managed
[2.617s] DEBUG:colcon.colcon_core.event_handler.log_command:Invoking command in '/home/ubuntu/ros2_ws/build/cpp_chester_pkg': CMAKE_PREFIX_PATH=${CMAKE_PREFIX_PATH}:/home/ubuntu/ros2_ws/install/py_chester_pkg:/opt/ros/foxy /usr/bin/cmake --install /home/ubuntu/ros2_ws/build/cpp_chester_pkg
[2.670s] Level 1:colcon.colcon_core.environment:create_environment_scripts_only(cpp_chester_pkg)
[2.701s] Level 1:colcon.colcon_core.environment:checking '/home/ubuntu/ros2_ws/install/cpp_chester_pkg' for CMake module files
[2.706s] DEBUG:colcon.colcon_core.event_handler.log_command:Invoked command in '/home/ubuntu/ros2_ws/build/cpp_chester_pkg' returned '0': CMAKE_PREFIX_PATH=${CMAKE_PREFIX_PATH}:/home/ubuntu/ros2_ws/install/py_chester_pkg:/opt/ros/foxy /usr/bin/cmake --install /home/ubuntu/ros2_ws/build/cpp_chester_pkg
[2.709s] Level 1:colcon.colcon_core.environment:checking '/home/ubuntu/ros2_ws/install/cpp_chester_pkg' for CMake config files
[2.710s] Level 1:colcon.colcon_core.shell:create_environment_hook('cpp_chester_pkg', 'cmake_prefix_path')
[2.713s] INFO:colcon.colcon_core.shell:Creating environment hook '/home/ubuntu/ros2_ws/install/cpp_chester_pkg/share/cpp_chester_pkg/hook/cmake_prefix_path.ps1'
[2.716s] INFO:colcon.colcon_core.shell:Creating environment descriptor '/home/ubuntu/ros2_ws/install/cpp_chester_pkg/share/cpp_chester_pkg/hook/cmake_prefix_path.dsv'
[2.718s] INFO:colcon.colcon_core.shell:Creating environment hook '/home/ubuntu/ros2_ws/install/cpp_chester_pkg/share/cpp_chester_pkg/hook/cmake_prefix_path.sh'
[2.726s] Level 1:colcon.colcon_core.environment:checking '/home/ubuntu/ros2_ws/install/cpp_chester_pkg/bin'
[2.726s] Level 1:colcon.colcon_core.environment:checking '/home/ubuntu/ros2_ws/install/cpp_chester_pkg/lib/pkgconfig/cpp_chester_pkg.pc'
[2.727s] Level 1:colcon.colcon_core.environment:checking '/home/ubuntu/ros2_ws/install/cpp_chester_pkg/lib/python3.8/site-packages'
[2.730s] INFO:colcon.colcon_core.shell:Creating package script '/home/ubuntu/ros2_ws/install/cpp_chester_pkg/share/cpp_chester_pkg/package.ps1'
[2.736s] INFO:colcon.colcon_core.shell:Creating package descriptor '/home/ubuntu/ros2_ws/install/cpp_chester_pkg/share/cpp_chester_pkg/package.dsv'
[2.739s] INFO:colcon.colcon_core.shell:Creating package script '/home/ubuntu/ros2_ws/install/cpp_chester_pkg/share/cpp_chester_pkg/package.sh'
[2.743s] INFO:colcon.colcon_core.shell:Creating package script '/home/ubuntu/ros2_ws/install/cpp_chester_pkg/share/cpp_chester_pkg/package.bash'
[2.747s] INFO:colcon.colcon_core.shell:Creating package script '/home/ubuntu/ros2_ws/install/cpp_chester_pkg/share/cpp_chester_pkg/package.zsh'
[2.751s] Level 1:colcon.colcon_core.environment:create_file_with_runtime_dependencies(/home/ubuntu/ros2_ws/install/cpp_chester_pkg/share/colcon-core/packages/cpp_chester_pkg)
[2.857s] Level 1:colcon.colcon_core.environment:create_environment_scripts_only(cpp_chester_pkg)
[2.861s] Level 1:colcon.colcon_core.environment:checking '/home/ubuntu/ros2_ws/install/cpp_chester_pkg' for CMake module files
[2.865s] Level 1:colcon.colcon_core.environment:checking '/home/ubuntu/ros2_ws/install/cpp_chester_pkg' for CMake config files
[2.866s] Level 1:colcon.colcon_core.shell:create_environment_hook('cpp_chester_pkg', 'cmake_prefix_path')
[2.870s] INFO:colcon.colcon_core.shell:Creating environment hook '/home/ubuntu/ros2_ws/install/cpp_chester_pkg/share/cpp_chester_pkg/hook/cmake_prefix_path.ps1'
[2.873s] INFO:colcon.colcon_core.shell:Creating environment descriptor '/home/ubuntu/ros2_ws/install/cpp_chester_pkg/share/cpp_chester_pkg/hook/cmake_prefix_path.dsv'
[2.876s] INFO:colcon.colcon_core.shell:Creating environment hook '/home/ubuntu/ros2_ws/install/cpp_chester_pkg/share/cpp_chester_pkg/hook/cmake_prefix_path.sh'
[2.880s] Level 1:colcon.colcon_core.environment:checking '/home/ubuntu/ros2_ws/install/cpp_chester_pkg/bin'
[2.880s] Level 1:colcon.colcon_core.environment:checking '/home/ubuntu/ros2_ws/install/cpp_chester_pkg/lib/pkgconfig/cpp_chester_pkg.pc'
[2.881s] Level 1:colcon.colcon_core.environment:checking '/home/ubuntu/ros2_ws/install/cpp_chester_pkg/lib/python3.8/site-packages'
[2.886s] INFO:colcon.colcon_core.shell:Creating package script '/home/ubuntu/ros2_ws/install/cpp_chester_pkg/share/cpp_chester_pkg/package.ps1'
[2.889s] INFO:colcon.colcon_core.shell:Creating package descriptor '/home/ubuntu/ros2_ws/install/cpp_chester_pkg/share/cpp_chester_pkg/package.dsv'
[2.892s] INFO:colcon.colcon_core.shell:Creating package script '/home/ubuntu/ros2_ws/install/cpp_chester_pkg/share/cpp_chester_pkg/package.sh'
[2.895s] INFO:colcon.colcon_core.shell:Creating package script '/home/ubuntu/ros2_ws/install/cpp_chester_pkg/share/cpp_chester_pkg/package.bash'
[2.898s] INFO:colcon.colcon_core.shell:Creating package script '/home/ubuntu/ros2_ws/install/cpp_chester_pkg/share/cpp_chester_pkg/package.zsh'
[2.901s] Level 1:colcon.colcon_core.environment:create_file_with_runtime_dependencies(/home/ubuntu/ros2_ws/install/cpp_chester_pkg/share/colcon-core/packages/cpp_chester_pkg)
[3.774s] Level 1:colcon.colcon_core.environment:checking '/home/ubuntu/ros2_ws/install/py_chester_pkg' for CMake module files
[3.777s] DEBUG:colcon.colcon_core.event_handler.log_command:Invoked command in '/home/ubuntu/ros2_ws/src/py_chester_pkg' returned '0': PYTHONPATH=/home/ubuntu/ros2_ws/install/py_chester_pkg/lib/python3.8/site-packages:${PYTHONPATH} /usr/bin/python3 setup.py egg_info --egg-base ../../build/py_chester_pkg build --build-base /home/ubuntu/ros2_ws/build/py_chester_pkg/build install --prefix /home/ubuntu/ros2_ws/install/py_chester_pkg --record /home/ubuntu/ros2_ws/build/py_chester_pkg/install.log --single-version-externally-managed
[3.779s] Level 1:colcon.colcon_core.environment:checking '/home/ubuntu/ros2_ws/install/py_chester_pkg' for CMake config files
[3.783s] Level 1:colcon.colcon_core.environment:checking '/home/ubuntu/ros2_ws/install/py_chester_pkg/lib'
[3.784s] Level 1:colcon.colcon_core.environment:checking '/home/ubuntu/ros2_ws/install/py_chester_pkg/bin'
[3.785s] Level 1:colcon.colcon_core.environment:checking '/home/ubuntu/ros2_ws/install/py_chester_pkg/lib/pkgconfig/py_chester_pkg.pc'
[3.785s] Level 1:colcon.colcon_core.environment:checking '/home/ubuntu/ros2_ws/install/py_chester_pkg/lib/python3.8/site-packages'
[3.786s] Level 1:colcon.colcon_core.shell:create_environment_hook('py_chester_pkg', 'pythonpath')
[3.788s] INFO:colcon.colcon_core.shell:Creating environment hook '/home/ubuntu/ros2_ws/install/py_chester_pkg/share/py_chester_pkg/hook/pythonpath.ps1'
[3.791s] INFO:colcon.colcon_core.shell:Creating environment descriptor '/home/ubuntu/ros2_ws/install/py_chester_pkg/share/py_chester_pkg/hook/pythonpath.dsv'
[3.793s] INFO:colcon.colcon_core.shell:Creating environment hook '/home/ubuntu/ros2_ws/install/py_chester_pkg/share/py_chester_pkg/hook/pythonpath.sh'
[3.795s] Level 1:colcon.colcon_core.environment:create_environment_scripts_only(py_chester_pkg)
[3.798s] INFO:colcon.colcon_core.shell:Creating package script '/home/ubuntu/ros2_ws/install/py_chester_pkg/share/py_chester_pkg/package.ps1'
[3.801s] INFO:colcon.colcon_core.shell:Creating package descriptor '/home/ubuntu/ros2_ws/install/py_chester_pkg/share/py_chester_pkg/package.dsv'
[3.804s] INFO:colcon.colcon_core.shell:Creating package script '/home/ubuntu/ros2_ws/install/py_chester_pkg/share/py_chester_pkg/package.sh'
[3.806s] INFO:colcon.colcon_core.shell:Creating package script '/home/ubuntu/ros2_ws/install/py_chester_pkg/share/py_chester_pkg/package.bash'
[3.809s] INFO:colcon.colcon_core.shell:Creating package script '/home/ubuntu/ros2_ws/install/py_chester_pkg/share/py_chester_pkg/package.zsh'
[3.811s] Level 1:colcon.colcon_core.environment:create_file_with_runtime_dependencies(/home/ubuntu/ros2_ws/install/py_chester_pkg/share/colcon-core/packages/py_chester_pkg)
[3.813s] DEBUG:colcon.colcon_parallel_executor.executor.parallel:closing loop
[3.814s] DEBUG:colcon.colcon_parallel_executor.executor.parallel:loop closed
[3.815s] DEBUG:colcon.colcon_parallel_executor.executor.parallel:run_until_complete finished with '0'
[3.816s] DEBUG:colcon.colcon_core.event_reactor:joining thread
[3.846s] INFO:colcon.colcon_core.plugin_system:Skipping extension 'colcon_notification.desktop_notification.notify_send': Could not find 'notify-send'
[3.846s] INFO:colcon.colcon_core.plugin_system:Skipping extension 'colcon_notification.desktop_notification.terminal_notifier': Not used on non-Darwin systems
[3.847s] INFO:colcon.colcon_core.plugin_system:Skipping extension 'colcon_notification.desktop_notification.win32': Not used on non-Windows systems
[3.847s] INFO:colcon.colcon_notification.desktop_notification:Sending desktop notification using 'notify2'
[3.854s] DEBUG:colcon.colcon_notification.desktop_notification.notify2:Failed to initialize notify2: org.freedesktop.DBus.Error.ServiceUnknown: The name org.freedesktop.Notifications was not provided by any .service files
[3.855s] DEBUG:colcon.colcon_core.event_reactor:joined thread
[3.857s] INFO:colcon.colcon_core.shell:Creating prefix script '/home/ubuntu/ros2_ws/install/local_setup.ps1'
[3.862s] INFO:colcon.colcon_core.shell:Creating prefix util module '/home/ubuntu/ros2_ws/install/_local_setup_util_ps1.py'
[3.869s] INFO:colcon.colcon_core.shell:Creating prefix chain script '/home/ubuntu/ros2_ws/install/setup.ps1'
[3.879s] INFO:colcon.colcon_core.shell:Creating prefix script '/home/ubuntu/ros2_ws/install/local_setup.sh'
[3.882s] INFO:colcon.colcon_core.shell:Creating prefix util module '/home/ubuntu/ros2_ws/install/_local_setup_util_sh.py'
[3.886s] INFO:colcon.colcon_core.shell:Creating prefix chain script '/home/ubuntu/ros2_ws/install/setup.sh'
[3.898s] INFO:colcon.colcon_core.shell:Creating prefix script '/home/ubuntu/ros2_ws/install/local_setup.bash'
[3.900s] INFO:colcon.colcon_core.shell:Creating prefix chain script '/home/ubuntu/ros2_ws/install/setup.bash'
[3.910s] INFO:colcon.colcon_core.shell:Creating prefix script '/home/ubuntu/ros2_ws/install/local_setup.zsh'
[3.913s] INFO:colcon.colcon_core.shell:Creating prefix chain script '/home/ubuntu/ros2_ws/install/setup.zsh'
